<?xml version="1.0" encoding="UTF-8"?>
<coverage generated="1763007877889" clover="3.2.0">
  <project timestamp="1763007877889" name="All files">
    <metrics statements="246" coveredstatements="165" conditionals="331" coveredconditionals="199" methods="93" coveredmethods="45" elements="670" coveredelements="409" complexity="0" loc="246" ncloc="246" packages="3" files="8" classes="8"/>
    <package name="lib">
      <metrics statements="76" coveredstatements="74" conditionals="36" coveredconditionals="32" methods="16" coveredmethods="15"/>
      <file name="api.ts" path="/Users/kulesh/dev/catsyphon/frontend/src/lib/api.ts">
        <metrics statements="53" coveredstatements="52" conditionals="30" coveredconditionals="29" methods="13" coveredmethods="13"/>
        <line num="26" count="7" type="cond" truecount="2" falsecount="0"/>
        <line num="27" count="7" type="stmt"/>
        <line num="28" count="7" type="stmt"/>
        <line num="29" count="7" type="stmt"/>
        <line num="39" count="18" type="stmt"/>
        <line num="41" count="18" type="stmt"/>
        <line num="42" count="18" type="stmt"/>
        <line num="50" count="17" type="cond" truecount="2" falsecount="0"/>
        <line num="51" count="3" type="stmt"/>
        <line num="58" count="14" type="stmt"/>
        <line num="60" count="5" type="cond" truecount="2" falsecount="0"/>
        <line num="61" count="3" type="stmt"/>
        <line num="63" count="2" type="stmt"/>
        <line num="72" count="7" type="stmt"/>
        <line num="74" count="7" type="cond" truecount="2" falsecount="0"/>
        <line num="75" count="2" type="stmt"/>
        <line num="76" count="8" type="cond" truecount="4" falsecount="0"/>
        <line num="77" count="6" type="stmt"/>
        <line num="82" count="7" type="stmt"/>
        <line num="83" count="7" type="stmt"/>
        <line num="89" count="2" type="stmt"/>
        <line num="97" count="2" type="stmt"/>
        <line num="105" count="1" type="stmt"/>
        <line num="109" count="1" type="stmt"/>
        <line num="118" count="4" type="stmt"/>
        <line num="119" count="4" type="cond" truecount="2" falsecount="0"/>
        <line num="120" count="4" type="cond" truecount="2" falsecount="0"/>
        <line num="122" count="4" type="stmt"/>
        <line num="123" count="4" type="cond" truecount="2" falsecount="0"/>
        <line num="129" count="1" type="stmt"/>
        <line num="137" count="3" type="stmt"/>
        <line num="140" count="3" type="stmt"/>
        <line num="141" count="4" type="stmt"/>
        <line num="144" count="3" type="stmt"/>
        <line num="146" count="3" type="stmt"/>
        <line num="147" count="3" type="stmt"/>
        <line num="153" count="2" type="cond" truecount="2" falsecount="0"/>
        <line num="154" count="1" type="stmt"/>
        <line num="161" count="1" type="stmt"/>
        <line num="163" count="2" type="cond" truecount="2" falsecount="0"/>
        <line num="164" count="1" type="stmt"/>
        <line num="166" count="1" type="stmt"/>
        <line num="173" count="2" type="stmt"/>
        <line num="174" count="2" type="stmt"/>
        <line num="176" count="2" type="stmt"/>
        <line num="178" count="2" type="stmt"/>
        <line num="179" count="2" type="stmt"/>
        <line num="184" count="2" type="cond" truecount="2" falsecount="0"/>
        <line num="185" count="1" type="stmt"/>
        <line num="192" count="1" type="stmt"/>
        <line num="194" count="1" type="cond" truecount="1" falsecount="1"/>
        <line num="195" count="1" type="stmt"/>
        <line num="197" count="0" type="stmt"/>
      </file>
      <file name="queryClient.ts" path="/Users/kulesh/dev/catsyphon/frontend/src/lib/queryClient.ts">
        <metrics statements="1" coveredstatements="1" conditionals="0" coveredconditionals="0" methods="0" coveredmethods="0"/>
        <line num="7" count="1" type="stmt"/>
      </file>
      <file name="utils.ts" path="/Users/kulesh/dev/catsyphon/frontend/src/lib/utils.ts">
        <metrics statements="22" coveredstatements="21" conditionals="6" coveredconditionals="3" methods="3" coveredmethods="2"/>
        <line num="6" count="0" type="stmt"/>
        <line num="16" count="21" type="stmt"/>
        <line num="18" count="21" type="stmt"/>
        <line num="19" count="40" type="stmt"/>
        <line num="20" count="40" type="cond" truecount="1" falsecount="1"/>
        <line num="23" count="40" type="cond" truecount="1" falsecount="1"/>
        <line num="24" count="40" type="stmt"/>
        <line num="34" count="40" type="stmt"/>
        <line num="37" count="40" type="cond" truecount="1" falsecount="1"/>
        <line num="38" count="40" type="stmt"/>
        <line num="48" count="40" type="stmt"/>
        <line num="51" count="40" type="stmt"/>
        <line num="52" count="40" type="stmt"/>
        <line num="53" count="40" type="stmt"/>
        <line num="54" count="40" type="stmt"/>
        <line num="55" count="40" type="stmt"/>
        <line num="58" count="40" type="stmt"/>
        <line num="59" count="40" type="stmt"/>
        <line num="60" count="40" type="stmt"/>
        <line num="61" count="40" type="stmt"/>
        <line num="65" count="21" type="stmt"/>
        <line num="66" count="20" type="stmt"/>
      </file>
    </package>
    <package name="pages">
      <metrics statements="166" coveredstatements="87" conditionals="295" coveredconditionals="167" methods="71" coveredmethods="27"/>
      <file name="ConversationDetail.tsx" path="/Users/kulesh/dev/catsyphon/frontend/src/pages/ConversationDetail.tsx">
        <metrics statements="30" coveredstatements="27" conditionals="104" coveredconditionals="83" methods="14" coveredmethods="11"/>
        <line num="13" count="47" type="stmt"/>
        <line num="15" count="47" type="stmt"/>
        <line num="17" count="24" type="stmt"/>
        <line num="22" count="47" type="stmt"/>
        <line num="23" count="45" type="cond" truecount="2" falsecount="0"/>
        <line num="24" count="21" type="stmt"/>
        <line num="27" count="47" type="cond" truecount="2" falsecount="0"/>
        <line num="28" count="24" type="stmt"/>
        <line num="37" count="23" type="cond" truecount="2" falsecount="0"/>
        <line num="38" count="1" type="stmt"/>
        <line num="55" count="22" type="cond" truecount="2" falsecount="0"/>
        <line num="56" count="1" type="stmt"/>
        <line num="69" count="21" type="stmt"/>
        <line num="204" count="20" type="stmt"/>
        <line num="267" count="40" type="cond" truecount="3" falsecount="0"/>
        <line num="269" count="40" type="stmt"/>
        <line num="306" count="40" type="cond" truecount="2" falsecount="0"/>
        <line num="311" count="40" type="cond" truecount="3" falsecount="0"/>
        <line num="313" count="40" type="stmt"/>
        <line num="346" count="40" type="stmt"/>
        <line num="347" count="40" type="stmt"/>
        <line num="348" count="40" type="stmt"/>
        <line num="349" count="40" type="cond" truecount="2" falsecount="0"/>
        <line num="352" count="40" type="stmt"/>
        <line num="353" count="40" type="stmt"/>
        <line num="377" count="60" type="stmt"/>
        <line num="407" count="42" type="stmt"/>
        <line num="449" count="0" type="stmt"/>
        <line num="467" count="0" type="stmt"/>
        <line num="485" count="0" type="stmt"/>
      </file>
      <file name="ConversationList.tsx" path="/Users/kulesh/dev/catsyphon/frontend/src/pages/ConversationList.tsx">
        <metrics statements="47" coveredstatements="24" conditionals="94" coveredconditionals="60" methods="23" coveredmethods="8"/>
        <line num="13" count="28" type="stmt"/>
        <line num="14" count="28" type="stmt"/>
        <line num="17" count="28" type="stmt"/>
        <line num="18" count="28" type="stmt"/>
        <line num="21" count="28" type="stmt"/>
        <line num="39" count="28" type="stmt"/>
        <line num="41" count="13" type="stmt"/>
        <line num="45" count="28" type="stmt"/>
        <line num="46" count="20" type="cond" truecount="2" falsecount="0"/>
        <line num="47" count="12" type="stmt"/>
        <line num="50" count="7" type="stmt"/>
        <line num="51" count="7" type="stmt"/>
        <line num="52" count="12" type="cond" truecount="2" falsecount="2"/>
        <line num="53" count="0" type="stmt"/>
        <line num="57" count="7" type="stmt"/>
        <line num="58" count="7" type="stmt"/>
        <line num="61" count="7" type="cond" truecount="1" falsecount="1"/>
        <line num="62" count="0" type="stmt"/>
        <line num="63" count="0" type="stmt"/>
        <line num="65" count="0" type="stmt"/>
        <line num="71" count="28" type="stmt"/>
        <line num="76" count="28" type="stmt"/>
        <line num="82" count="28" type="stmt"/>
        <line num="83" count="0" type="stmt"/>
        <line num="85" count="0" type="stmt"/>
        <line num="86" count="0" type="cond" truecount="0" falsecount="5"/>
        <line num="87" count="0" type="stmt"/>
        <line num="89" count="0" type="stmt"/>
        <line num="94" count="0" type="cond" truecount="0" falsecount="2"/>
        <line num="95" count="0" type="stmt"/>
        <line num="98" count="0" type="stmt"/>
        <line num="101" count="28" type="stmt"/>
        <line num="102" count="0" type="stmt"/>
        <line num="105" count="28" type="stmt"/>
        <line num="156" count="0" type="cond" truecount="0" falsecount="2"/>
        <line num="162" count="30" type="stmt"/>
        <line num="175" count="0" type="cond" truecount="0" falsecount="2"/>
        <line num="181" count="30" type="stmt"/>
        <line num="195" count="0" type="cond" truecount="0" falsecount="2"/>
        <line num="208" count="0" type="cond" truecount="0" falsecount="2"/>
        <line num="231" count="0" type="stmt"/>
        <line num="250" count="0" type="stmt"/>
        <line num="272" count="0" type="stmt"/>
        <line num="357" count="24" type="stmt"/>
        <line num="359" count="0" type="stmt"/>
        <line num="427" count="0" type="stmt"/>
        <line num="441" count="0" type="stmt"/>
      </file>
      <file name="Dashboard.tsx" path="/Users/kulesh/dev/catsyphon/frontend/src/pages/Dashboard.tsx">
        <metrics statements="15" coveredstatements="14" conditionals="20" coveredconditionals="17" methods="6" coveredmethods="6"/>
        <line num="11" count="29" type="stmt"/>
        <line num="13" count="15" type="stmt"/>
        <line num="16" count="29" type="cond" truecount="2" falsecount="0"/>
        <line num="17" count="15" type="stmt"/>
        <line num="26" count="14" type="cond" truecount="2" falsecount="0"/>
        <line num="27" count="1" type="stmt"/>
        <line num="38" count="13" type="cond" truecount="1" falsecount="1"/>
        <line num="39" count="0" type="stmt"/>
        <line num="42" count="13" type="stmt"/>
        <line num="200" count="39" type="stmt"/>
        <line num="202" count="52" type="stmt"/>
        <line num="203" count="52" type="stmt"/>
        <line num="236" count="26" type="stmt"/>
        <line num="238" count="39" type="stmt"/>
        <line num="239" count="39" type="stmt"/>
      </file>
      <file name="Upload.tsx" path="/Users/kulesh/dev/catsyphon/frontend/src/pages/Upload.tsx">
        <metrics statements="74" coveredstatements="22" conditionals="77" coveredconditionals="7" methods="28" coveredmethods="2"/>
        <line num="15" count="8" type="stmt"/>
        <line num="16" count="8" type="stmt"/>
        <line num="17" count="8" type="stmt"/>
        <line num="18" count="8" type="stmt"/>
        <line num="19" count="8" type="stmt"/>
        <line num="21" count="8" type="stmt"/>
        <line num="22" count="8" type="cond" truecount="1" falsecount="3"/>
        <line num="25" count="8" type="stmt"/>
        <line num="26" count="0" type="stmt"/>
        <line num="27" count="0" type="stmt"/>
        <line num="30" count="8" type="stmt"/>
        <line num="31" count="1" type="stmt"/>
        <line num="32" count="1" type="stmt"/>
        <line num="33" count="1" type="stmt"/>
        <line num="36" count="8" type="stmt"/>
        <line num="37" count="0" type="stmt"/>
        <line num="38" count="0" type="stmt"/>
        <line num="39" count="0" type="stmt"/>
        <line num="42" count="8" type="stmt"/>
        <line num="43" count="0" type="stmt"/>
        <line num="44" count="0" type="stmt"/>
        <line num="45" count="0" type="stmt"/>
        <line num="47" count="0" type="stmt"/>
        <line num="48" count="0" type="stmt"/>
        <line num="52" count="8" type="stmt"/>
        <line num="53" count="0" type="cond" truecount="0" falsecount="2"/>
        <line num="54" count="0" type="stmt"/>
        <line num="55" count="0" type="stmt"/>
        <line num="60" count="8" type="stmt"/>
        <line num="62" count="0" type="stmt"/>
        <line num="64" count="0" type="cond" truecount="0" falsecount="2"/>
        <line num="65" count="0" type="stmt"/>
        <line num="66" count="0" type="stmt"/>
        <line num="69" count="0" type="cond" truecount="0" falsecount="2"/>
        <line num="70" count="0" type="stmt"/>
        <line num="72" count="0" type="stmt"/>
        <line num="76" count="0" type="stmt"/>
        <line num="81" count="0" type="stmt"/>
        <line num="85" count="8" type="stmt"/>
        <line num="86" count="0" type="cond" truecount="0" falsecount="2"/>
        <line num="88" count="0" type="stmt"/>
        <line num="90" count="0" type="stmt"/>
        <line num="91" count="0" type="stmt"/>
        <line num="94" count="0" type="stmt"/>
        <line num="95" count="0" type="stmt"/>
        <line num="96" count="0" type="cond" truecount="0" falsecount="2"/>
        <line num="100" count="0" type="stmt"/>
        <line num="101" count="0" type="stmt"/>
        <line num="104" count="0" type="stmt"/>
        <line num="107" count="0" type="stmt"/>
        <line num="108" count="0" type="stmt"/>
        <line num="109" count="0" type="cond" truecount="0" falsecount="2"/>
        <line num="121" count="0" type="stmt"/>
        <line num="122" count="0" type="stmt"/>
        <line num="123" count="0" type="cond" truecount="0" falsecount="2"/>
        <line num="135" count="0" type="stmt"/>
        <line num="138" count="0" type="cond" truecount="0" falsecount="4"/>
        <line num="139" count="0" type="stmt"/>
        <line num="140" count="0" type="cond" truecount="0" falsecount="2"/>
        <line num="141" count="0" type="stmt"/>
        <line num="142" count="0" type="stmt"/>
        <line num="149" count="8" type="stmt"/>
        <line num="150" count="0" type="stmt"/>
        <line num="154" count="8" type="stmt"/>
        <line num="155" count="0" type="stmt"/>
        <line num="156" count="0" type="stmt"/>
        <line num="157" count="0" type="stmt"/>
        <line num="160" count="8" type="stmt"/>
        <line num="161" count="8" type="stmt"/>
        <line num="163" count="8" type="stmt"/>
        <line num="246" count="0" type="stmt"/>
        <line num="309" count="0" type="stmt"/>
        <line num="317" count="0" type="stmt"/>
        <line num="355" count="0" type="stmt"/>
      </file>
    </package>
    <package name="test">
      <metrics statements="4" coveredstatements="4" conditionals="0" coveredconditionals="0" methods="6" coveredmethods="3"/>
      <file name="utils.tsx" path="/Users/kulesh/dev/catsyphon/frontend/src/test/utils.tsx">
        <metrics statements="4" coveredstatements="4" conditionals="0" coveredconditionals="0" methods="6" coveredmethods="3"/>
        <line num="15" count="59" type="stmt"/>
        <line num="41" count="59" type="stmt"/>
        <line num="43" count="59" type="stmt"/>
        <line num="57" count="59" type="stmt"/>
      </file>
    </package>
  </project>
</coverage>
