{"/Users/kulesh/dev/catsyphon/frontend/src/lib/api.ts": {"path":"/Users/kulesh/dev/catsyphon/frontend/src/lib/api.ts","statementMap":{"0":{"start":{"line":26,"column":4},"end":{"line":26,"column":null}},"1":{"start":{"line":27,"column":4},"end":{"line":27,"column":null}},"2":{"start":{"line":28,"column":4},"end":{"line":28,"column":null}},"3":{"start":{"line":29,"column":4},"end":{"line":29,"column":null}},"4":{"start":{"line":39,"column":14},"end":{"line":39,"column":null}},"5":{"start":{"line":41,"column":2},"end":{"line":64,"column":null}},"6":{"start":{"line":42,"column":21},"end":{"line":48,"column":null}},"7":{"start":{"line":50,"column":4},"end":{"line":56,"column":null}},"8":{"start":{"line":51,"column":6},"end":{"line":55,"column":null}},"9":{"start":{"line":58,"column":4},"end":{"line":58,"column":null}},"10":{"start":{"line":60,"column":4},"end":{"line":62,"column":null}},"11":{"start":{"line":61,"column":6},"end":{"line":61,"column":null}},"12":{"start":{"line":63,"column":4},"end":{"line":63,"column":null}},"13":{"start":{"line":72,"column":17},"end":{"line":72,"column":null}},"14":{"start":{"line":74,"column":2},"end":{"line":80,"column":null}},"15":{"start":{"line":75,"column":4},"end":{"line":79,"column":null}},"16":{"start":{"line":76,"column":6},"end":{"line":78,"column":null}},"17":{"start":{"line":77,"column":8},"end":{"line":77,"column":null}},"18":{"start":{"line":82,"column":16},"end":{"line":82,"column":null}},"19":{"start":{"line":83,"column":2},"end":{"line":85,"column":null}},"20":{"start":{"line":89,"column":2},"end":{"line":89,"column":null}},"21":{"start":{"line":97,"column":2},"end":{"line":99,"column":null}},"22":{"start":{"line":105,"column":2},"end":{"line":105,"column":null}},"23":{"start":{"line":109,"column":2},"end":{"line":109,"column":null}},"24":{"start":{"line":118,"column":17},"end":{"line":118,"column":null}},"25":{"start":{"line":119,"column":2},"end":{"line":119,"column":null}},"26":{"start":{"line":119,"column":17},"end":{"line":119,"column":null}},"27":{"start":{"line":120,"column":2},"end":{"line":120,"column":null}},"28":{"start":{"line":120,"column":15},"end":{"line":120,"column":null}},"29":{"start":{"line":122,"column":16},"end":{"line":122,"column":null}},"30":{"start":{"line":123,"column":2},"end":{"line":123,"column":null}},"31":{"start":{"line":129,"column":2},"end":{"line":129,"column":null}},"32":{"start":{"line":137,"column":19},"end":{"line":137,"column":null}},"33":{"start":{"line":140,"column":2},"end":{"line":142,"column":null}},"34":{"start":{"line":141,"column":4},"end":{"line":141,"column":null}},"35":{"start":{"line":144,"column":14},"end":{"line":144,"column":null}},"36":{"start":{"line":146,"column":2},"end":{"line":167,"column":null}},"37":{"start":{"line":147,"column":21},"end":{"line":151,"column":null}},"38":{"start":{"line":153,"column":4},"end":{"line":159,"column":null}},"39":{"start":{"line":154,"column":6},"end":{"line":158,"column":null}},"40":{"start":{"line":161,"column":4},"end":{"line":161,"column":null}},"41":{"start":{"line":163,"column":4},"end":{"line":165,"column":null}},"42":{"start":{"line":164,"column":6},"end":{"line":164,"column":null}},"43":{"start":{"line":166,"column":4},"end":{"line":166,"column":null}},"44":{"start":{"line":173,"column":19},"end":{"line":173,"column":null}},"45":{"start":{"line":174,"column":2},"end":{"line":174,"column":null}},"46":{"start":{"line":176,"column":14},"end":{"line":176,"column":null}},"47":{"start":{"line":178,"column":2},"end":{"line":198,"column":null}},"48":{"start":{"line":179,"column":21},"end":{"line":182,"column":null}},"49":{"start":{"line":184,"column":4},"end":{"line":190,"column":null}},"50":{"start":{"line":185,"column":6},"end":{"line":189,"column":null}},"51":{"start":{"line":192,"column":4},"end":{"line":192,"column":null}},"52":{"start":{"line":194,"column":4},"end":{"line":196,"column":null}},"53":{"start":{"line":195,"column":6},"end":{"line":195,"column":null}},"54":{"start":{"line":197,"column":4},"end":{"line":197,"column":null}}},"fnMap":{"0":{"name":"(anonymous_0)","decl":{"start":{"line":25,"column":2},"end":{"line":25,"column":14}},"loc":{"start":{"line":25,"column":68},"end":{"line":30,"column":null}},"line":25},"1":{"name":"apiFetch","decl":{"start":{"line":35,"column":15},"end":{"line":35,"column":null}},"loc":{"start":{"line":38,"column":14},"end":{"line":65,"column":null}},"line":38},"2":{"name":"getConversations","decl":{"start":{"line":69,"column":22},"end":{"line":69,"column":null}},"loc":{"start":{"line":71,"column":37},"end":{"line":86,"column":null}},"line":71},"3":{"name":"(anonymous_3)","decl":{"start":{"line":75,"column":36},"end":{"line":75,"column":37}},"loc":{"start":{"line":75,"column":54},"end":{"line":79,"column":5}},"line":75},"4":{"name":"getConversation","decl":{"start":{"line":88,"column":22},"end":{"line":88,"column":38}},"loc":{"start":{"line":88,"column":79},"end":{"line":90,"column":null}},"line":88},"5":{"name":"getConversationMessages","decl":{"start":{"line":92,"column":22},"end":{"line":92,"column":null}},"loc":{"start":{"line":96,"column":30},"end":{"line":100,"column":null}},"line":96},"6":{"name":"getProjects","decl":{"start":{"line":104,"column":22},"end":{"line":104,"column":64}},"loc":{"start":{"line":104,"column":64},"end":{"line":106,"column":null}},"line":104},"7":{"name":"getDevelopers","decl":{"start":{"line":108,"column":22},"end":{"line":108,"column":68}},"loc":{"start":{"line":108,"column":68},"end":{"line":110,"column":null}},"line":108},"8":{"name":"getOverviewStats","decl":{"start":{"line":114,"column":22},"end":{"line":114,"column":null}},"loc":{"start":{"line":117,"column":26},"end":{"line":124,"column":null}},"line":117},"9":{"name":"getHealth","decl":{"start":{"line":128,"column":22},"end":{"line":128,"column":59}},"loc":{"start":{"line":128,"column":59},"end":{"line":130,"column":null}},"line":128},"10":{"name":"uploadConversationLogs","decl":{"start":{"line":134,"column":22},"end":{"line":134,"column":null}},"loc":{"start":{"line":136,"column":27},"end":{"line":168,"column":null}},"line":136},"11":{"name":"(anonymous_11)","decl":{"start":{"line":140,"column":16},"end":{"line":140,"column":17}},"loc":{"start":{"line":140,"column":26},"end":{"line":142,"column":3}},"line":140},"12":{"name":"uploadSingleConversationLog","decl":{"start":{"line":170,"column":22},"end":{"line":170,"column":null}},"loc":{"start":{"line":172,"column":27},"end":{"line":199,"column":null}},"line":172}},"branchMap":{"0":{"loc":{"start":{"line":26,"column":10},"end":{"line":26,"column":57}},"type":"binary-expr","locations":[{"start":{"line":26,"column":10},"end":{"line":26,"column":21}},{"start":{"line":26,"column":21},"end":{"line":26,"column":57}}],"line":26},"1":{"loc":{"start":{"line":50,"column":4},"end":{"line":56,"column":null}},"type":"if","locations":[{"start":{"line":50,"column":4},"end":{"line":56,"column":null}},{"start":{},"end":{}}],"line":50},"2":{"loc":{"start":{"line":60,"column":4},"end":{"line":62,"column":null}},"type":"if","locations":[{"start":{"line":60,"column":4},"end":{"line":62,"column":null}},{"start":{},"end":{}}],"line":60},"3":{"loc":{"start":{"line":74,"column":2},"end":{"line":80,"column":null}},"type":"if","locations":[{"start":{"line":74,"column":2},"end":{"line":80,"column":null}},{"start":{},"end":{}}],"line":74},"4":{"loc":{"start":{"line":76,"column":6},"end":{"line":78,"column":null}},"type":"if","locations":[{"start":{"line":76,"column":6},"end":{"line":78,"column":null}},{"start":{},"end":{}}],"line":76},"5":{"loc":{"start":{"line":76,"column":10},"end":{"line":76,"column":49}},"type":"binary-expr","locations":[{"start":{"line":76,"column":10},"end":{"line":76,"column":33}},{"start":{"line":76,"column":33},"end":{"line":76,"column":49}}],"line":76},"6":{"loc":{"start":{"line":84,"column":21},"end":{"line":84,"column":45}},"type":"cond-expr","locations":[{"start":{"line":84,"column":29},"end":{"line":84,"column":43}},{"start":{"line":84,"column":43},"end":{"line":84,"column":45}}],"line":84},"7":{"loc":{"start":{"line":94,"column":2},"end":{"line":94,"column":null}},"type":"default-arg","locations":[{"start":{"line":94,"column":9},"end":{"line":94,"column":null}}],"line":94},"8":{"loc":{"start":{"line":95,"column":2},"end":{"line":95,"column":null}},"type":"default-arg","locations":[{"start":{"line":95,"column":13},"end":{"line":95,"column":null}}],"line":95},"9":{"loc":{"start":{"line":119,"column":2},"end":{"line":119,"column":null}},"type":"if","locations":[{"start":{"line":119,"column":2},"end":{"line":119,"column":null}},{"start":{},"end":{}}],"line":119},"10":{"loc":{"start":{"line":120,"column":2},"end":{"line":120,"column":null}},"type":"if","locations":[{"start":{"line":120,"column":2},"end":{"line":120,"column":null}},{"start":{},"end":{}}],"line":120},"11":{"loc":{"start":{"line":123,"column":51},"end":{"line":123,"column":75}},"type":"cond-expr","locations":[{"start":{"line":123,"column":59},"end":{"line":123,"column":73}},{"start":{"line":123,"column":73},"end":{"line":123,"column":75}}],"line":123},"12":{"loc":{"start":{"line":153,"column":4},"end":{"line":159,"column":null}},"type":"if","locations":[{"start":{"line":153,"column":4},"end":{"line":159,"column":null}},{"start":{},"end":{}}],"line":153},"13":{"loc":{"start":{"line":163,"column":4},"end":{"line":165,"column":null}},"type":"if","locations":[{"start":{"line":163,"column":4},"end":{"line":165,"column":null}},{"start":{},"end":{}}],"line":163},"14":{"loc":{"start":{"line":184,"column":4},"end":{"line":190,"column":null}},"type":"if","locations":[{"start":{"line":184,"column":4},"end":{"line":190,"column":null}},{"start":{},"end":{}}],"line":184},"15":{"loc":{"start":{"line":194,"column":4},"end":{"line":196,"column":null}},"type":"if","locations":[{"start":{"line":194,"column":4},"end":{"line":196,"column":null}},{"start":{},"end":{}}],"line":194}},"s":{"0":7,"1":7,"2":7,"3":7,"4":18,"5":18,"6":18,"7":17,"8":3,"9":14,"10":5,"11":3,"12":2,"13":7,"14":7,"15":2,"16":8,"17":6,"18":7,"19":7,"20":2,"21":2,"22":1,"23":1,"24":4,"25":4,"26":2,"27":4,"28":2,"29":4,"30":4,"31":1,"32":3,"33":3,"34":4,"35":3,"36":3,"37":3,"38":2,"39":1,"40":1,"41":2,"42":1,"43":1,"44":2,"45":2,"46":2,"47":2,"48":2,"49":2,"50":1,"51":1,"52":1,"53":1,"54":0},"f":{"0":7,"1":18,"2":7,"3":8,"4":2,"5":2,"6":1,"7":1,"8":4,"9":1,"10":3,"11":4,"12":2},"b":{"0":[7,1],"1":[3,14],"2":[3,2],"3":[2,5],"4":[6,2],"5":[8,7],"6":[2,5],"7":[2],"8":[2],"9":[2,2],"10":[2,2],"11":[3,1],"12":[1,1],"13":[1,1],"14":[1,1],"15":[1,0]},"meta":{"lastBranch":16,"lastFunction":13,"lastStatement":55,"seen":{"f:25:2:25:14":0,"s:26:4:26:Infinity":0,"b:26:10:26:21:26:21:26:57":0,"s:27:4:27:Infinity":1,"s:28:4:28:Infinity":2,"s:29:4:29:Infinity":3,"f:35:15:35:Infinity":1,"s:39:14:39:Infinity":4,"s:41:2:64:Infinity":5,"s:42:21:48:Infinity":6,"b:50:4:56:Infinity:undefined:undefined:undefined:undefined":1,"s:50:4:56:Infinity":7,"s:51:6:55:Infinity":8,"s:58:4:58:Infinity":9,"b:60:4:62:Infinity:undefined:undefined:undefined:undefined":2,"s:60:4:62:Infinity":10,"s:61:6:61:Infinity":11,"s:63:4:63:Infinity":12,"f:69:22:69:Infinity":2,"s:72:17:72:Infinity":13,"b:74:2:80:Infinity:undefined:undefined:undefined:undefined":3,"s:74:2:80:Infinity":14,"s:75:4:79:Infinity":15,"f:75:36:75:37":3,"b:76:6:78:Infinity:undefined:undefined:undefined:undefined":4,"s:76:6:78:Infinity":16,"b:76:10:76:33:76:33:76:49":5,"s:77:8:77:Infinity":17,"s:82:16:82:Infinity":18,"s:83:2:85:Infinity":19,"b:84:29:84:43:84:43:84:45":6,"f:88:22:88:38":4,"s:89:2:89:Infinity":20,"f:92:22:92:Infinity":5,"b:94:9:94:Infinity":7,"b:95:13:95:Infinity":8,"s:97:2:99:Infinity":21,"f:104:22:104:64":6,"s:105:2:105:Infinity":22,"f:108:22:108:68":7,"s:109:2:109:Infinity":23,"f:114:22:114:Infinity":8,"s:118:17:118:Infinity":24,"b:119:2:119:Infinity:undefined:undefined:undefined:undefined":9,"s:119:2:119:Infinity":25,"s:119:17:119:Infinity":26,"b:120:2:120:Infinity:undefined:undefined:undefined:undefined":10,"s:120:2:120:Infinity":27,"s:120:15:120:Infinity":28,"s:122:16:122:Infinity":29,"s:123:2:123:Infinity":30,"b:123:59:123:73:123:73:123:75":11,"f:128:22:128:59":9,"s:129:2:129:Infinity":31,"f:134:22:134:Infinity":10,"s:137:19:137:Infinity":32,"s:140:2:142:Infinity":33,"f:140:16:140:17":11,"s:141:4:141:Infinity":34,"s:144:14:144:Infinity":35,"s:146:2:167:Infinity":36,"s:147:21:151:Infinity":37,"b:153:4:159:Infinity:undefined:undefined:undefined:undefined":12,"s:153:4:159:Infinity":38,"s:154:6:158:Infinity":39,"s:161:4:161:Infinity":40,"b:163:4:165:Infinity:undefined:undefined:undefined:undefined":13,"s:163:4:165:Infinity":41,"s:164:6:164:Infinity":42,"s:166:4:166:Infinity":43,"f:170:22:170:Infinity":12,"s:173:19:173:Infinity":44,"s:174:2:174:Infinity":45,"s:176:14:176:Infinity":46,"s:178:2:198:Infinity":47,"s:179:21:182:Infinity":48,"b:184:4:190:Infinity:undefined:undefined:undefined:undefined":14,"s:184:4:190:Infinity":49,"s:185:6:189:Infinity":50,"s:192:4:192:Infinity":51,"b:194:4:196:Infinity:undefined:undefined:undefined:undefined":15,"s:194:4:196:Infinity":52,"s:195:6:195:Infinity":53,"s:197:4:197:Infinity":54}}}
,"/Users/kulesh/dev/catsyphon/frontend/src/lib/queryClient.ts": {"path":"/Users/kulesh/dev/catsyphon/frontend/src/lib/queryClient.ts","statementMap":{"0":{"start":{"line":7,"column":27},"end":{"line":17,"column":null}}},"fnMap":{},"branchMap":{},"s":{"0":1},"f":{},"b":{},"meta":{"lastBranch":0,"lastFunction":0,"lastStatement":1,"seen":{"s:7:27:17:Infinity":0}}}
,"/Users/kulesh/dev/catsyphon/frontend/src/lib/utils.ts": {"path":"/Users/kulesh/dev/catsyphon/frontend/src/lib/utils.ts","statementMap":{"0":{"start":{"line":6,"column":2},"end":{"line":6,"column":null}},"1":{"start":{"line":16,"column":18},"end":{"line":16,"column":null}},"2":{"start":{"line":18,"column":2},"end":{"line":62,"column":null}},"3":{"start":{"line":19,"column":83},"end":{"line":19,"column":null}},"4":{"start":{"line":20,"column":33},"end":{"line":20,"column":null}},"5":{"start":{"line":23,"column":4},"end":{"line":32,"column":null}},"6":{"start":{"line":24,"column":6},"end":{"line":31,"column":null}},"7":{"start":{"line":34,"column":22},"end":{"line":34,"column":null}},"8":{"start":{"line":37,"column":4},"end":{"line":46,"column":null}},"9":{"start":{"line":38,"column":6},"end":{"line":45,"column":null}},"10":{"start":{"line":48,"column":27},"end":{"line":48,"column":null}},"11":{"start":{"line":51,"column":4},"end":{"line":51,"column":null}},"12":{"start":{"line":52,"column":4},"end":{"line":52,"column":null}},"13":{"start":{"line":53,"column":4},"end":{"line":53,"column":null}},"14":{"start":{"line":54,"column":4},"end":{"line":54,"column":null}},"15":{"start":{"line":55,"column":4},"end":{"line":55,"column":null}},"16":{"start":{"line":58,"column":4},"end":{"line":58,"column":null}},"17":{"start":{"line":59,"column":4},"end":{"line":59,"column":null}},"18":{"start":{"line":60,"column":4},"end":{"line":60,"column":null}},"19":{"start":{"line":61,"column":4},"end":{"line":61,"column":null}},"20":{"start":{"line":65,"column":2},"end":{"line":67,"column":null}},"21":{"start":{"line":66,"column":4},"end":{"line":66,"column":null}}},"fnMap":{"0":{"name":"cn","decl":{"start":{"line":5,"column":16},"end":{"line":5,"column":22}},"loc":{"start":{"line":5,"column":44},"end":{"line":7,"column":null}},"line":5},"1":{"name":"groupFilesByPath","decl":{"start":{"line":13,"column":16},"end":{"line":13,"column":null}},"loc":{"start":{"line":15,"column":17},"end":{"line":68,"column":null}},"line":15},"2":{"name":"(anonymous_2)","decl":{"start":{"line":65,"column":43},"end":{"line":65,"column":44}},"loc":{"start":{"line":66,"column":4},"end":{"line":66,"column":null}},"line":66}},"branchMap":{"0":{"loc":{"start":{"line":20,"column":33},"end":{"line":20,"column":null}},"type":"binary-expr","locations":[{"start":{"line":20,"column":33},"end":{"line":20,"column":48}},{"start":{"line":20,"column":48},"end":{"line":20,"column":null}}],"line":20},"1":{"loc":{"start":{"line":23,"column":4},"end":{"line":32,"column":null}},"type":"if","locations":[{"start":{"line":23,"column":4},"end":{"line":32,"column":null}},{"start":{},"end":{}}],"line":23},"2":{"loc":{"start":{"line":37,"column":4},"end":{"line":46,"column":null}},"type":"if","locations":[{"start":{"line":37,"column":4},"end":{"line":46,"column":null}},{"start":{},"end":{}}],"line":37}},"s":{"0":0,"1":21,"2":21,"3":40,"4":40,"5":40,"6":40,"7":40,"8":40,"9":40,"10":40,"11":40,"12":40,"13":40,"14":40,"15":40,"16":40,"17":40,"18":40,"19":40,"20":21,"21":20},"f":{"0":0,"1":21,"2":20},"b":{"0":[40,0],"1":[40,0],"2":[40,0]},"meta":{"lastBranch":3,"lastFunction":3,"lastStatement":22,"seen":{"f:5:16:5:22":0,"s:6:2:6:Infinity":0,"f:13:16:13:Infinity":1,"s:16:18:16:Infinity":1,"s:18:2:62:Infinity":2,"s:19:83:19:Infinity":3,"s:20:33:20:Infinity":4,"b:20:33:20:48:20:48:20:Infinity":0,"b:23:4:32:Infinity:undefined:undefined:undefined:undefined":1,"s:23:4:32:Infinity":5,"s:24:6:31:Infinity":6,"s:34:22:34:Infinity":7,"b:37:4:46:Infinity:undefined:undefined:undefined:undefined":2,"s:37:4:46:Infinity":8,"s:38:6:45:Infinity":9,"s:48:27:48:Infinity":10,"s:51:4:51:Infinity":11,"s:52:4:52:Infinity":12,"s:53:4:53:Infinity":13,"s:54:4:54:Infinity":14,"s:55:4:55:Infinity":15,"s:58:4:58:Infinity":16,"s:59:4:59:Infinity":17,"s:60:4:60:Infinity":18,"s:61:4:61:Infinity":19,"s:65:2:67:Infinity":20,"f:65:43:65:44":2,"s:66:4:66:Infinity":21}}}
,"/Users/kulesh/dev/catsyphon/frontend/src/pages/ConversationDetail.tsx": {"path":"/Users/kulesh/dev/catsyphon/frontend/src/pages/ConversationDetail.tsx","statementMap":{"0":{"start":{"line":13,"column":13},"end":{"line":13,"column":null}},"1":{"start":{"line":15,"column":47},"end":{"line":19,"column":null}},"2":{"start":{"line":17,"column":13},"end":{"line":17,"column":null}},"3":{"start":{"line":22,"column":8},"end":{"line":25,"column":null}},"4":{"start":{"line":23,"column":4},"end":{"line":23,"column":null}},"5":{"start":{"line":23,"column":38},"end":{"line":23,"column":null}},"6":{"start":{"line":24,"column":4},"end":{"line":24,"column":null}},"7":{"start":{"line":27,"column":2},"end":{"line":35,"column":null}},"8":{"start":{"line":28,"column":4},"end":{"line":33,"column":null}},"9":{"start":{"line":37,"column":2},"end":{"line":53,"column":null}},"10":{"start":{"line":38,"column":4},"end":{"line":51,"column":null}},"11":{"start":{"line":55,"column":2},"end":{"line":67,"column":null}},"12":{"start":{"line":56,"column":4},"end":{"line":65,"column":null}},"13":{"start":{"line":69,"column":2},"end":{"line":499,"column":null}},"14":{"start":{"line":204,"column":14},"end":{"line":243,"column":null}},"15":{"start":{"line":267,"column":35},"end":{"line":267,"column":null}},"16":{"start":{"line":269,"column":16},"end":{"line":363,"column":null}},"17":{"start":{"line":306,"column":37},"end":{"line":309,"column":null}},"18":{"start":{"line":311,"column":52},"end":{"line":311,"column":null}},"19":{"start":{"line":313,"column":24},"end":{"line":359,"column":null}},"20":{"start":{"line":346,"column":56},"end":{"line":346,"column":null}},"21":{"start":{"line":347,"column":32},"end":{"line":350,"column":null}},"22":{"start":{"line":348,"column":40},"end":{"line":348,"column":null}},"23":{"start":{"line":349,"column":34},"end":{"line":349,"column":null}},"24":{"start":{"line":352,"column":32},"end":{"line":356,"column":null}},"25":{"start":{"line":353,"column":34},"end":{"line":355,"column":null}},"26":{"start":{"line":377,"column":14},"end":{"line":388,"column":null}},"27":{"start":{"line":407,"column":14},"end":{"line":494,"column":null}},"28":{"start":{"line":449,"column":24},"end":{"line":453,"column":null}},"29":{"start":{"line":467,"column":24},"end":{"line":471,"column":null}},"30":{"start":{"line":485,"column":24},"end":{"line":489,"column":null}}},"fnMap":{"0":{"name":"ConversationDetail","decl":{"start":{"line":12,"column":24},"end":{"line":12,"column":45}},"loc":{"start":{"line":12,"column":45},"end":{"line":501,"column":null}},"line":12},"1":{"name":"(anonymous_1)","decl":{"start":{"line":17,"column":13},"end":{"line":17,"column":19}},"loc":{"start":{"line":17,"column":13},"end":{"line":17,"column":null}},"line":17},"2":{"name":"(anonymous_2)","decl":{"start":{"line":22,"column":31},"end":{"line":22,"column":37}},"loc":{"start":{"line":22,"column":37},"end":{"line":25,"column":5}},"line":22},"3":{"name":"(anonymous_3)","decl":{"start":{"line":203,"column":37},"end":{"line":203,"column":38}},"loc":{"start":{"line":204,"column":14},"end":{"line":243,"column":null}},"line":204},"4":{"name":"(anonymous_4)","decl":{"start":{"line":266,"column":32},"end":{"line":266,"column":33}},"loc":{"start":{"line":266,"column":42},"end":{"line":365,"column":15}},"line":266},"5":{"name":"(anonymous_5)","decl":{"start":{"line":305,"column":58},"end":{"line":305,"column":59}},"loc":{"start":{"line":305,"column":73},"end":{"line":361,"column":23}},"line":305},"6":{"name":"(anonymous_6)","decl":{"start":{"line":344,"column":32},"end":{"line":344,"column":38}},"loc":{"start":{"line":344,"column":38},"end":{"line":357,"column":33}},"line":344},"7":{"name":"(anonymous_7)","decl":{"start":{"line":347,"column":64},"end":{"line":347,"column":65}},"loc":{"start":{"line":347,"column":73},"end":{"line":350,"column":33}},"line":347},"8":{"name":"(anonymous_8)","decl":{"start":{"line":352,"column":81},"end":{"line":352,"column":82}},"loc":{"start":{"line":353,"column":34},"end":{"line":355,"column":null}},"line":353},"9":{"name":"(anonymous_9)","decl":{"start":{"line":376,"column":48},"end":{"line":376,"column":49}},"loc":{"start":{"line":377,"column":14},"end":{"line":388,"column":null}},"line":377},"10":{"name":"(anonymous_10)","decl":{"start":{"line":406,"column":38},"end":{"line":406,"column":39}},"loc":{"start":{"line":407,"column":14},"end":{"line":494,"column":null}},"line":407},"11":{"name":"(anonymous_11)","decl":{"start":{"line":448,"column":46},"end":{"line":448,"column":47}},"loc":{"start":{"line":449,"column":24},"end":{"line":453,"column":null}},"line":449},"12":{"name":"(anonymous_12)","decl":{"start":{"line":466,"column":48},"end":{"line":466,"column":49}},"loc":{"start":{"line":467,"column":24},"end":{"line":471,"column":null}},"line":467},"13":{"name":"(anonymous_13)","decl":{"start":{"line":484,"column":48},"end":{"line":484,"column":49}},"loc":{"start":{"line":485,"column":24},"end":{"line":489,"column":null}},"line":485}},"branchMap":{"0":{"loc":{"start":{"line":23,"column":4},"end":{"line":23,"column":null}},"type":"if","locations":[{"start":{"line":23,"column":4},"end":{"line":23,"column":null}},{"start":{},"end":{}}],"line":23},"1":{"loc":{"start":{"line":27,"column":2},"end":{"line":35,"column":null}},"type":"if","locations":[{"start":{"line":27,"column":2},"end":{"line":35,"column":null}},{"start":{},"end":{}}],"line":27},"2":{"loc":{"start":{"line":37,"column":2},"end":{"line":53,"column":null}},"type":"if","locations":[{"start":{"line":37,"column":2},"end":{"line":53,"column":null}},{"start":{},"end":{}}],"line":37},"3":{"loc":{"start":{"line":55,"column":2},"end":{"line":67,"column":null}},"type":"if","locations":[{"start":{"line":55,"column":2},"end":{"line":67,"column":null}},{"start":{},"end":{}}],"line":55},"4":{"loc":{"start":{"line":93,"column":15},"end":{"line":93,"column":null}},"type":"binary-expr","locations":[{"start":{"line":93,"column":15},"end":{"line":93,"column":45}},{"start":{"line":93,"column":45},"end":{"line":93,"column":null}}],"line":93},"5":{"loc":{"start":{"line":100,"column":15},"end":{"line":100,"column":null}},"type":"binary-expr","locations":[{"start":{"line":100,"column":15},"end":{"line":100,"column":51}},{"start":{"line":100,"column":51},"end":{"line":100,"column":null}}],"line":100},"6":{"loc":{"start":{"line":108,"column":15},"end":{"line":111,"column":null}},"type":"binary-expr","locations":[{"start":{"line":108,"column":15},"end":{"line":108,"column":null}},{"start":{"line":109,"column":16},"end":{"line":111,"column":null}}],"line":108},"7":{"loc":{"start":{"line":120,"column":16},"end":{"line":124,"column":null}},"type":"cond-expr","locations":[{"start":{"line":121,"column":20},"end":{"line":121,"column":null}},{"start":{"line":122,"column":20},"end":{"line":124,"column":null}}],"line":120},"8":{"loc":{"start":{"line":122,"column":20},"end":{"line":124,"column":null}},"type":"cond-expr","locations":[{"start":{"line":123,"column":22},"end":{"line":123,"column":null}},{"start":{"line":124,"column":22},"end":{"line":124,"column":null}}],"line":122},"9":{"loc":{"start":{"line":134,"column":15},"end":{"line":139,"column":null}},"type":"cond-expr","locations":[{"start":{"line":135,"column":16},"end":{"line":135,"column":null}},{"start":{"line":136,"column":18},"end":{"line":139,"column":null}}],"line":134},"10":{"loc":{"start":{"line":136,"column":18},"end":{"line":139,"column":null}},"type":"cond-expr","locations":[{"start":{"line":137,"column":16},"end":{"line":137,"column":null}},{"start":{"line":139,"column":16},"end":{"line":139,"column":null}}],"line":136},"11":{"loc":{"start":{"line":159,"column":15},"end":{"line":161,"column":null}},"type":"cond-expr","locations":[{"start":{"line":159,"column":28},"end":{"line":160,"column":null}},{"start":{"line":161,"column":18},"end":{"line":161,"column":null}}],"line":159},"12":{"loc":{"start":{"line":168,"column":15},"end":{"line":174,"column":null}},"type":"cond-expr","locations":[{"start":{"line":169,"column":18},"end":{"line":173,"column":null}},{"start":{"line":174,"column":18},"end":{"line":174,"column":null}}],"line":168},"13":{"loc":{"start":{"line":199,"column":7},"end":{"line":246,"column":null}},"type":"binary-expr","locations":[{"start":{"line":199,"column":7},"end":{"line":199,"column":30}},{"start":{"line":199,"column":30},"end":{"line":199,"column":null}},{"start":{"line":200,"column":8},"end":{"line":246,"column":null}}],"line":199},"14":{"loc":{"start":{"line":215,"column":19},"end":{"line":219,"column":null}},"type":"binary-expr","locations":[{"start":{"line":215,"column":19},"end":{"line":215,"column":null}},{"start":{"line":216,"column":20},"end":{"line":219,"column":null}}],"line":215},"15":{"loc":{"start":{"line":221,"column":19},"end":{"line":225,"column":null}},"type":"binary-expr","locations":[{"start":{"line":221,"column":19},"end":{"line":221,"column":null}},{"start":{"line":222,"column":20},"end":{"line":225,"column":null}}],"line":221},"16":{"loc":{"start":{"line":227,"column":19},"end":{"line":234,"column":null}},"type":"binary-expr","locations":[{"start":{"line":227,"column":19},"end":{"line":227,"column":null}},{"start":{"line":228,"column":20},"end":{"line":234,"column":null}}],"line":227},"17":{"loc":{"start":{"line":231,"column":23},"end":{"line":232,"column":null}},"type":"binary-expr","locations":[{"start":{"line":231,"column":23},"end":{"line":231,"column":null}},{"start":{"line":232,"column":24},"end":{"line":232,"column":null}}],"line":231},"18":{"loc":{"start":{"line":236,"column":19},"end":{"line":240,"column":null}},"type":"binary-expr","locations":[{"start":{"line":236,"column":19},"end":{"line":236,"column":null}},{"start":{"line":237,"column":20},"end":{"line":240,"column":null}}],"line":236},"19":{"loc":{"start":{"line":250,"column":7},"end":{"line":368,"column":null}},"type":"binary-expr","locations":[{"start":{"line":250,"column":7},"end":{"line":250,"column":37}},{"start":{"line":250,"column":37},"end":{"line":250,"column":null}},{"start":{"line":251,"column":8},"end":{"line":368,"column":null}}],"line":250},"20":{"loc":{"start":{"line":267,"column":35},"end":{"line":267,"column":null}},"type":"binary-expr","locations":[{"start":{"line":267,"column":35},"end":{"line":267,"column":65}},{"start":{"line":267,"column":65},"end":{"line":267,"column":97}},{"start":{"line":267,"column":97},"end":{"line":267,"column":null}}],"line":267},"21":{"loc":{"start":{"line":278,"column":61},"end":{"line":278,"column":100}},"type":"cond-expr","locations":[{"start":{"line":278,"column":91},"end":{"line":278,"column":97}},{"start":{"line":278,"column":97},"end":{"line":278,"column":100}}],"line":278},"22":{"loc":{"start":{"line":281,"column":23},"end":{"line":300,"column":null}},"type":"binary-expr","locations":[{"start":{"line":281,"column":23},"end":{"line":281,"column":null}},{"start":{"line":282,"column":24},"end":{"line":300,"column":null}}],"line":281},"23":{"loc":{"start":{"line":284,"column":29},"end":{"line":287,"column":null}},"type":"binary-expr","locations":[{"start":{"line":284,"column":29},"end":{"line":284,"column":null}},{"start":{"line":285,"column":30},"end":{"line":287,"column":null}}],"line":284},"24":{"loc":{"start":{"line":289,"column":29},"end":{"line":292,"column":null}},"type":"binary-expr","locations":[{"start":{"line":289,"column":29},"end":{"line":289,"column":null}},{"start":{"line":290,"column":30},"end":{"line":292,"column":null}}],"line":289},"25":{"loc":{"start":{"line":294,"column":29},"end":{"line":297,"column":null}},"type":"binary-expr","locations":[{"start":{"line":294,"column":29},"end":{"line":294,"column":null}},{"start":{"line":295,"column":30},"end":{"line":297,"column":null}}],"line":294},"26":{"loc":{"start":{"line":306,"column":37},"end":{"line":309,"column":null}},"type":"cond-expr","locations":[{"start":{"line":306,"column":72},"end":{"line":306,"column":null}},{"start":{"line":307,"column":35},"end":{"line":309,"column":null}}],"line":306},"27":{"loc":{"start":{"line":307,"column":35},"end":{"line":309,"column":null}},"type":"cond-expr","locations":[{"start":{"line":307,"column":110},"end":{"line":307,"column":null}},{"start":{"line":308,"column":35},"end":{"line":309,"column":null}}],"line":307},"28":{"loc":{"start":{"line":307,"column":35},"end":{"line":307,"column":110}},"type":"binary-expr","locations":[{"start":{"line":307,"column":35},"end":{"line":307,"column":71}},{"start":{"line":307,"column":71},"end":{"line":307,"column":110}}],"line":307},"29":{"loc":{"start":{"line":308,"column":35},"end":{"line":309,"column":null}},"type":"cond-expr","locations":[{"start":{"line":308,"column":111},"end":{"line":308,"column":null}},{"start":{"line":309,"column":35},"end":{"line":309,"column":null}}],"line":308},"30":{"loc":{"start":{"line":308,"column":35},"end":{"line":308,"column":111}},"type":"binary-expr","locations":[{"start":{"line":308,"column":35},"end":{"line":308,"column":73}},{"start":{"line":308,"column":73},"end":{"line":308,"column":111}}],"line":308},"31":{"loc":{"start":{"line":309,"column":35},"end":{"line":309,"column":null}},"type":"cond-expr","locations":[{"start":{"line":309,"column":111},"end":{"line":309,"column":119}},{"start":{"line":309,"column":119},"end":{"line":309,"column":null}}],"line":309},"32":{"loc":{"start":{"line":309,"column":35},"end":{"line":309,"column":111}},"type":"binary-expr","locations":[{"start":{"line":309,"column":35},"end":{"line":309,"column":73}},{"start":{"line":309,"column":73},"end":{"line":309,"column":111}}],"line":309},"33":{"loc":{"start":{"line":311,"column":52},"end":{"line":311,"column":null}},"type":"binary-expr","locations":[{"start":{"line":311,"column":52},"end":{"line":311,"column":87}},{"start":{"line":311,"column":87},"end":{"line":311,"column":124}},{"start":{"line":311,"column":124},"end":{"line":311,"column":null}}],"line":311},"34":{"loc":{"start":{"line":323,"column":31},"end":{"line":340,"column":null}},"type":"binary-expr","locations":[{"start":{"line":323,"column":31},"end":{"line":323,"column":null}},{"start":{"line":324,"column":32},"end":{"line":340,"column":null}}],"line":323},"35":{"loc":{"start":{"line":325,"column":35},"end":{"line":328,"column":null}},"type":"binary-expr","locations":[{"start":{"line":325,"column":35},"end":{"line":325,"column":null}},{"start":{"line":326,"column":36},"end":{"line":328,"column":null}}],"line":325},"36":{"loc":{"start":{"line":330,"column":35},"end":{"line":333,"column":null}},"type":"binary-expr","locations":[{"start":{"line":330,"column":35},"end":{"line":330,"column":null}},{"start":{"line":331,"column":36},"end":{"line":333,"column":null}}],"line":330},"37":{"loc":{"start":{"line":335,"column":35},"end":{"line":338,"column":null}},"type":"binary-expr","locations":[{"start":{"line":335,"column":35},"end":{"line":335,"column":null}},{"start":{"line":336,"column":36},"end":{"line":338,"column":null}}],"line":335},"38":{"loc":{"start":{"line":349,"column":66},"end":{"line":349,"column":105}},"type":"binary-expr","locations":[{"start":{"line":349,"column":66},"end":{"line":349,"column":100}},{"start":{"line":349,"column":100},"end":{"line":349,"column":105}}],"line":349},"39":{"loc":{"start":{"line":354,"column":49},"end":{"line":354,"column":null}},"type":"binary-expr","locations":[{"start":{"line":354,"column":49},"end":{"line":354,"column":62}},{"start":{"line":354,"column":62},"end":{"line":354,"column":null}}],"line":354},"40":{"loc":{"start":{"line":372,"column":7},"end":{"line":391,"column":null}},"type":"binary-expr","locations":[{"start":{"line":372,"column":7},"end":{"line":372,"column":41}},{"start":{"line":372,"column":41},"end":{"line":372,"column":null}},{"start":{"line":373,"column":8},"end":{"line":391,"column":null}}],"line":372},"41":{"loc":{"start":{"line":383,"column":17},"end":{"line":386,"column":null}},"type":"binary-expr","locations":[{"start":{"line":383,"column":17},"end":{"line":383,"column":null}},{"start":{"line":384,"column":18},"end":{"line":386,"column":null}}],"line":383},"42":{"loc":{"start":{"line":401,"column":11},"end":{"line":495,"column":null}},"type":"cond-expr","locations":[{"start":{"line":402,"column":12},"end":{"line":404,"column":null}},{"start":{"line":406,"column":12},"end":{"line":495,"column":null}}],"line":401},"43":{"loc":{"start":{"line":419,"column":24},"end":{"line":423,"column":null}},"type":"cond-expr","locations":[{"start":{"line":420,"column":28},"end":{"line":420,"column":null}},{"start":{"line":421,"column":28},"end":{"line":423,"column":null}}],"line":419},"44":{"loc":{"start":{"line":421,"column":28},"end":{"line":423,"column":null}},"type":"cond-expr","locations":[{"start":{"line":422,"column":30},"end":{"line":422,"column":null}},{"start":{"line":423,"column":30},"end":{"line":423,"column":null}}],"line":421},"45":{"loc":{"start":{"line":442,"column":17},"end":{"line":456,"column":null}},"type":"binary-expr","locations":[{"start":{"line":442,"column":17},"end":{"line":442,"column":39}},{"start":{"line":442,"column":39},"end":{"line":442,"column":null}},{"start":{"line":443,"column":18},"end":{"line":456,"column":null}}],"line":442},"46":{"loc":{"start":{"line":460,"column":17},"end":{"line":474,"column":null}},"type":"binary-expr","locations":[{"start":{"line":460,"column":17},"end":{"line":460,"column":41}},{"start":{"line":460,"column":41},"end":{"line":460,"column":null}},{"start":{"line":461,"column":18},"end":{"line":474,"column":null}}],"line":460},"47":{"loc":{"start":{"line":478,"column":17},"end":{"line":492,"column":null}},"type":"binary-expr","locations":[{"start":{"line":478,"column":17},"end":{"line":478,"column":41}},{"start":{"line":478,"column":41},"end":{"line":478,"column":null}},{"start":{"line":479,"column":18},"end":{"line":492,"column":null}}],"line":478}},"s":{"0":47,"1":47,"2":24,"3":47,"4":45,"5":24,"6":21,"7":47,"8":24,"9":23,"10":1,"11":22,"12":1,"13":21,"14":20,"15":40,"16":40,"17":40,"18":40,"19":40,"20":40,"21":40,"22":40,"23":40,"24":40,"25":40,"26":60,"27":42,"28":0,"29":0,"30":0},"f":{"0":47,"1":24,"2":45,"3":20,"4":40,"5":40,"6":40,"7":40,"8":40,"9":60,"10":42,"11":0,"12":0,"13":0},"b":{"0":[24,21],"1":[24,23],"2":[1,22],"3":[1,21],"4":[21,1],"5":[47,1],"6":[47,20],"7":[20,1],"8":[1,0],"9":[1,20],"10":[18,2],"11":[19,2],"12":[19,2],"13":[47,21,20],"14":[20,20],"15":[20,20],"16":[20,20],"17":[20,20],"18":[20,20],"19":[47,21,20],"20":[40,20,20],"21":[0,40],"22":[40,40],"23":[40,20],"24":[40,20],"25":[40,40],"26":[20,20],"27":[20,0],"28":[20,0],"29":[0,0],"30":[0,0],"31":[0,0],"32":[0,0],"33":[40,20,20],"34":[40,40],"35":[40,20],"36":[40,20],"37":[40,40],"38":[40,40],"39":[40,0],"40":[47,21,20],"41":[60,60],"42":[0,21],"43":[21,21],"44":[21,0],"45":[42,0,0],"46":[42,0,0],"47":[42,0,0]},"meta":{"lastBranch":48,"lastFunction":14,"lastStatement":31,"seen":{"f:12:24:12:45":0,"s:13:13:13:Infinity":0,"s:15:47:19:Infinity":1,"f:17:13:17:19":1,"s:17:13:17:Infinity":2,"s:22:8:25:Infinity":3,"f:22:31:22:37":2,"b:23:4:23:Infinity:undefined:undefined:undefined:undefined":0,"s:23:4:23:Infinity":4,"s:23:38:23:Infinity":5,"s:24:4:24:Infinity":6,"b:27:2:35:Infinity:undefined:undefined:undefined:undefined":1,"s:27:2:35:Infinity":7,"s:28:4:33:Infinity":8,"b:37:2:53:Infinity:undefined:undefined:undefined:undefined":2,"s:37:2:53:Infinity":9,"s:38:4:51:Infinity":10,"b:55:2:67:Infinity:undefined:undefined:undefined:undefined":3,"s:55:2:67:Infinity":11,"s:56:4:65:Infinity":12,"s:69:2:499:Infinity":13,"b:93:15:93:45:93:45:93:Infinity":4,"b:100:15:100:51:100:51:100:Infinity":5,"b:108:15:108:Infinity:109:16:111:Infinity":6,"b:121:20:121:Infinity:122:20:124:Infinity":7,"b:123:22:123:Infinity:124:22:124:Infinity":8,"b:135:16:135:Infinity:136:18:139:Infinity":9,"b:137:16:137:Infinity:139:16:139:Infinity":10,"b:159:28:160:Infinity:161:18:161:Infinity":11,"b:169:18:173:Infinity:174:18:174:Infinity":12,"b:199:7:199:30:199:30:199:Infinity:200:8:246:Infinity":13,"f:203:37:203:38":3,"s:204:14:243:Infinity":14,"b:215:19:215:Infinity:216:20:219:Infinity":14,"b:221:19:221:Infinity:222:20:225:Infinity":15,"b:227:19:227:Infinity:228:20:234:Infinity":16,"b:231:23:231:Infinity:232:24:232:Infinity":17,"b:236:19:236:Infinity:237:20:240:Infinity":18,"b:250:7:250:37:250:37:250:Infinity:251:8:368:Infinity":19,"f:266:32:266:33":4,"s:267:35:267:Infinity":15,"b:267:35:267:65:267:65:267:97:267:97:267:Infinity":20,"s:269:16:363:Infinity":16,"b:278:91:278:97:278:97:278:100":21,"b:281:23:281:Infinity:282:24:300:Infinity":22,"b:284:29:284:Infinity:285:30:287:Infinity":23,"b:289:29:289:Infinity:290:30:292:Infinity":24,"b:294:29:294:Infinity:295:30:297:Infinity":25,"f:305:58:305:59":5,"s:306:37:309:Infinity":17,"b:306:72:306:Infinity:307:35:309:Infinity":26,"b:307:110:307:Infinity:308:35:309:Infinity":27,"b:307:35:307:71:307:71:307:110":28,"b:308:111:308:Infinity:309:35:309:Infinity":29,"b:308:35:308:73:308:73:308:111":30,"b:309:111:309:119:309:119:309:Infinity":31,"b:309:35:309:73:309:73:309:111":32,"s:311:52:311:Infinity":18,"b:311:52:311:87:311:87:311:124:311:124:311:Infinity":33,"s:313:24:359:Infinity":19,"b:323:31:323:Infinity:324:32:340:Infinity":34,"b:325:35:325:Infinity:326:36:328:Infinity":35,"b:330:35:330:Infinity:331:36:333:Infinity":36,"b:335:35:335:Infinity:336:36:338:Infinity":37,"f:344:32:344:38":6,"s:346:56:346:Infinity":20,"s:347:32:350:Infinity":21,"f:347:64:347:65":7,"s:348:40:348:Infinity":22,"s:349:34:349:Infinity":23,"b:349:66:349:100:349:100:349:105":38,"s:352:32:356:Infinity":24,"f:352:81:352:82":8,"s:353:34:355:Infinity":25,"b:354:49:354:62:354:62:354:Infinity":39,"b:372:7:372:41:372:41:372:Infinity:373:8:391:Infinity":40,"f:376:48:376:49":9,"s:377:14:388:Infinity":26,"b:383:17:383:Infinity:384:18:386:Infinity":41,"b:402:12:404:Infinity:406:12:495:Infinity":42,"f:406:38:406:39":10,"s:407:14:494:Infinity":27,"b:420:28:420:Infinity:421:28:423:Infinity":43,"b:422:30:422:Infinity:423:30:423:Infinity":44,"b:442:17:442:39:442:39:442:Infinity:443:18:456:Infinity":45,"f:448:46:448:47":11,"s:449:24:453:Infinity":28,"b:460:17:460:41:460:41:460:Infinity:461:18:474:Infinity":46,"f:466:48:466:49":12,"s:467:24:471:Infinity":29,"b:478:17:478:41:478:41:478:Infinity:479:18:492:Infinity":47,"f:484:48:484:49":13,"s:485:24:489:Infinity":30}}}
,"/Users/kulesh/dev/catsyphon/frontend/src/pages/ConversationList.tsx": {"path":"/Users/kulesh/dev/catsyphon/frontend/src/pages/ConversationList.tsx","statementMap":{"0":{"start":{"line":13,"column":8},"end":{"line":13,"column":null}},"1":{"start":{"line":14,"column":38},"end":{"line":14,"column":null}},"2":{"start":{"line":17,"column":34},"end":{"line":17,"column":null}},"3":{"start":{"line":18,"column":36},"end":{"line":18,"column":null}},"4":{"start":{"line":21,"column":39},"end":{"line":36,"column":null}},"5":{"start":{"line":39,"column":60},"end":{"line":42,"column":null}},"6":{"start":{"line":41,"column":13},"end":{"line":41,"column":null}},"7":{"start":{"line":45,"column":2},"end":{"line":69,"column":null}},"8":{"start":{"line":46,"column":4},"end":{"line":67,"column":null}},"9":{"start":{"line":47,"column":25},"end":{"line":47,"column":null}},"10":{"start":{"line":47,"column":55},"end":{"line":47,"column":59}},"11":{"start":{"line":50,"column":21},"end":{"line":50,"column":null}},"12":{"start":{"line":51,"column":6},"end":{"line":55,"column":null}},"13":{"start":{"line":52,"column":8},"end":{"line":54,"column":null}},"14":{"start":{"line":53,"column":10},"end":{"line":53,"column":null}},"15":{"start":{"line":57,"column":6},"end":{"line":57,"column":null}},"16":{"start":{"line":58,"column":6},"end":{"line":58,"column":null}},"17":{"start":{"line":61,"column":6},"end":{"line":66,"column":null}},"18":{"start":{"line":62,"column":22},"end":{"line":64,"column":null}},"19":{"start":{"line":63,"column":10},"end":{"line":63,"column":null}},"20":{"start":{"line":65,"column":8},"end":{"line":65,"column":null}},"21":{"start":{"line":65,"column":21},"end":{"line":65,"column":null}},"22":{"start":{"line":71,"column":25},"end":{"line":74,"column":null}},"23":{"start":{"line":76,"column":27},"end":{"line":79,"column":null}},"24":{"start":{"line":82,"column":24},"end":{"line":99,"column":null}},"25":{"start":{"line":83,"column":22},"end":{"line":83,"column":null}},"26":{"start":{"line":85,"column":4},"end":{"line":91,"column":null}},"27":{"start":{"line":86,"column":6},"end":{"line":90,"column":null}},"28":{"start":{"line":87,"column":8},"end":{"line":87,"column":null}},"29":{"start":{"line":89,"column":8},"end":{"line":89,"column":null}},"30":{"start":{"line":94,"column":4},"end":{"line":96,"column":null}},"31":{"start":{"line":95,"column":6},"end":{"line":95,"column":null}},"32":{"start":{"line":98,"column":4},"end":{"line":98,"column":null}},"33":{"start":{"line":101,"column":23},"end":{"line":103,"column":null}},"34":{"start":{"line":102,"column":4},"end":{"line":102,"column":null}},"35":{"start":{"line":105,"column":2},"end":{"line":451,"column":null}},"36":{"start":{"line":156,"column":16},"end":{"line":156,"column":null}},"37":{"start":{"line":162,"column":16},"end":{"line":164,"column":null}},"38":{"start":{"line":175,"column":16},"end":{"line":175,"column":null}},"39":{"start":{"line":181,"column":16},"end":{"line":183,"column":null}},"40":{"start":{"line":195,"column":16},"end":{"line":195,"column":null}},"41":{"start":{"line":208,"column":16},"end":{"line":208,"column":null}},"42":{"start":{"line":231,"column":16},"end":{"line":235,"column":null}},"43":{"start":{"line":250,"column":16},"end":{"line":254,"column":null}},"44":{"start":{"line":272,"column":16},"end":{"line":277,"column":null}},"45":{"start":{"line":357,"column":20},"end":{"line":410,"column":null}},"46":{"start":{"line":359,"column":37},"end":{"line":359,"column":null}},"47":{"start":{"line":427,"column":31},"end":{"line":427,"column":null}},"48":{"start":{"line":441,"column":31},"end":{"line":441,"column":null}}},"fnMap":{"0":{"name":"ConversationList","decl":{"start":{"line":12,"column":24},"end":{"line":12,"column":43}},"loc":{"start":{"line":12,"column":43},"end":{"line":453,"column":null}},"line":12},"1":{"name":"(anonymous_1)","decl":{"start":{"line":41,"column":13},"end":{"line":41,"column":19}},"loc":{"start":{"line":41,"column":13},"end":{"line":41,"column":null}},"line":41},"2":{"name":"(anonymous_2)","decl":{"start":{"line":45,"column":12},"end":{"line":45,"column":18}},"loc":{"start":{"line":45,"column":18},"end":{"line":69,"column":5}},"line":45},"3":{"name":"(anonymous_3)","decl":{"start":{"line":47,"column":48},"end":{"line":47,"column":49}},"loc":{"start":{"line":47,"column":55},"end":{"line":47,"column":59}},"line":47},"4":{"name":"(anonymous_4)","decl":{"start":{"line":51,"column":25},"end":{"line":51,"column":26}},"loc":{"start":{"line":51,"column":33},"end":{"line":55,"column":7}},"line":51},"5":{"name":"(anonymous_5)","decl":{"start":{"line":62,"column":33},"end":{"line":62,"column":39}},"loc":{"start":{"line":62,"column":39},"end":{"line":64,"column":11}},"line":62},"6":{"name":"(anonymous_6)","decl":{"start":{"line":65,"column":15},"end":{"line":65,"column":21}},"loc":{"start":{"line":65,"column":21},"end":{"line":65,"column":null}},"line":65},"7":{"name":"(anonymous_7)","decl":{"start":{"line":82,"column":24},"end":{"line":82,"column":25}},"loc":{"start":{"line":82,"column":67},"end":{"line":99,"column":null}},"line":82},"8":{"name":"(anonymous_8)","decl":{"start":{"line":85,"column":36},"end":{"line":85,"column":37}},"loc":{"start":{"line":85,"column":54},"end":{"line":91,"column":5}},"line":85},"9":{"name":"(anonymous_9)","decl":{"start":{"line":101,"column":23},"end":{"line":101,"column":29}},"loc":{"start":{"line":101,"column":29},"end":{"line":103,"column":null}},"line":101},"10":{"name":"(anonymous_10)","decl":{"start":{"line":155,"column":24},"end":{"line":155,"column":25}},"loc":{"start":{"line":156,"column":16},"end":{"line":156,"column":null}},"line":156},"11":{"name":"(anonymous_11)","decl":{"start":{"line":161,"column":29},"end":{"line":161,"column":30}},"loc":{"start":{"line":162,"column":16},"end":{"line":164,"column":null}},"line":162},"12":{"name":"(anonymous_12)","decl":{"start":{"line":174,"column":24},"end":{"line":174,"column":25}},"loc":{"start":{"line":175,"column":16},"end":{"line":175,"column":null}},"line":175},"13":{"name":"(anonymous_13)","decl":{"start":{"line":180,"column":31},"end":{"line":180,"column":32}},"loc":{"start":{"line":181,"column":16},"end":{"line":183,"column":null}},"line":181},"14":{"name":"(anonymous_14)","decl":{"start":{"line":194,"column":24},"end":{"line":194,"column":25}},"loc":{"start":{"line":195,"column":16},"end":{"line":195,"column":null}},"line":195},"15":{"name":"(anonymous_15)","decl":{"start":{"line":207,"column":24},"end":{"line":207,"column":25}},"loc":{"start":{"line":208,"column":16},"end":{"line":208,"column":null}},"line":208},"16":{"name":"(anonymous_16)","decl":{"start":{"line":230,"column":24},"end":{"line":230,"column":25}},"loc":{"start":{"line":231,"column":16},"end":{"line":235,"column":null}},"line":231},"17":{"name":"(anonymous_17)","decl":{"start":{"line":249,"column":24},"end":{"line":249,"column":25}},"loc":{"start":{"line":250,"column":16},"end":{"line":254,"column":null}},"line":250},"18":{"name":"(anonymous_18)","decl":{"start":{"line":271,"column":24},"end":{"line":271,"column":25}},"loc":{"start":{"line":272,"column":16},"end":{"line":277,"column":null}},"line":272},"19":{"name":"(anonymous_19)","decl":{"start":{"line":356,"column":33},"end":{"line":356,"column":34}},"loc":{"start":{"line":357,"column":20},"end":{"line":410,"column":null}},"line":357},"20":{"name":"(anonymous_20)","decl":{"start":{"line":359,"column":31},"end":{"line":359,"column":37}},"loc":{"start":{"line":359,"column":37},"end":{"line":359,"column":null}},"line":359},"21":{"name":"(anonymous_21)","decl":{"start":{"line":427,"column":25},"end":{"line":427,"column":31}},"loc":{"start":{"line":427,"column":31},"end":{"line":427,"column":null}},"line":427},"22":{"name":"(anonymous_22)","decl":{"start":{"line":441,"column":25},"end":{"line":441,"column":31}},"loc":{"start":{"line":441,"column":31},"end":{"line":441,"column":null}},"line":441}},"branchMap":{"0":{"loc":{"start":{"line":22,"column":16},"end":{"line":22,"column":null}},"type":"binary-expr","locations":[{"start":{"line":22,"column":16},"end":{"line":22,"column":50}},{"start":{"line":22,"column":50},"end":{"line":22,"column":null}}],"line":22},"1":{"loc":{"start":{"line":23,"column":18},"end":{"line":23,"column":null}},"type":"binary-expr","locations":[{"start":{"line":23,"column":18},"end":{"line":23,"column":54}},{"start":{"line":23,"column":54},"end":{"line":23,"column":null}}],"line":23},"2":{"loc":{"start":{"line":24,"column":16},"end":{"line":24,"column":null}},"type":"binary-expr","locations":[{"start":{"line":24,"column":16},"end":{"line":24,"column":50}},{"start":{"line":24,"column":50},"end":{"line":24,"column":null}}],"line":24},"3":{"loc":{"start":{"line":25,"column":12},"end":{"line":25,"column":null}},"type":"binary-expr","locations":[{"start":{"line":25,"column":12},"end":{"line":25,"column":42}},{"start":{"line":25,"column":42},"end":{"line":25,"column":null}}],"line":25},"4":{"loc":{"start":{"line":26,"column":16},"end":{"line":26,"column":null}},"type":"binary-expr","locations":[{"start":{"line":26,"column":16},"end":{"line":26,"column":50}},{"start":{"line":26,"column":50},"end":{"line":26,"column":null}}],"line":26},"5":{"loc":{"start":{"line":27,"column":14},"end":{"line":27,"column":null}},"type":"binary-expr","locations":[{"start":{"line":27,"column":14},"end":{"line":27,"column":46}},{"start":{"line":27,"column":46},"end":{"line":27,"column":null}}],"line":27},"6":{"loc":{"start":{"line":29,"column":6},"end":{"line":33,"column":null}},"type":"cond-expr","locations":[{"start":{"line":30,"column":10},"end":{"line":30,"column":null}},{"start":{"line":31,"column":10},"end":{"line":33,"column":null}}],"line":29},"7":{"loc":{"start":{"line":31,"column":10},"end":{"line":33,"column":null}},"type":"cond-expr","locations":[{"start":{"line":32,"column":12},"end":{"line":32,"column":null}},{"start":{"line":33,"column":12},"end":{"line":33,"column":null}}],"line":31},"8":{"loc":{"start":{"line":34,"column":19},"end":{"line":34,"column":50}},"type":"binary-expr","locations":[{"start":{"line":34,"column":19},"end":{"line":34,"column":47}},{"start":{"line":34,"column":47},"end":{"line":34,"column":50}}],"line":34},"9":{"loc":{"start":{"line":35,"column":24},"end":{"line":35,"column":61}},"type":"binary-expr","locations":[{"start":{"line":35,"column":24},"end":{"line":35,"column":57}},{"start":{"line":35,"column":57},"end":{"line":35,"column":61}}],"line":35},"10":{"loc":{"start":{"line":46,"column":4},"end":{"line":67,"column":null}},"type":"if","locations":[{"start":{"line":46,"column":4},"end":{"line":67,"column":null}},{"start":{},"end":{}}],"line":46},"11":{"loc":{"start":{"line":52,"column":8},"end":{"line":54,"column":null}},"type":"if","locations":[{"start":{"line":52,"column":8},"end":{"line":54,"column":null}},{"start":{},"end":{}}],"line":52},"12":{"loc":{"start":{"line":52,"column":12},"end":{"line":52,"column":58}},"type":"binary-expr","locations":[{"start":{"line":52,"column":12},"end":{"line":52,"column":36}},{"start":{"line":52,"column":36},"end":{"line":52,"column":58}}],"line":52},"13":{"loc":{"start":{"line":61,"column":6},"end":{"line":66,"column":null}},"type":"if","locations":[{"start":{"line":61,"column":6},"end":{"line":66,"column":null}},{"start":{},"end":{}}],"line":61},"14":{"loc":{"start":{"line":86,"column":6},"end":{"line":90,"column":null}},"type":"if","locations":[{"start":{"line":86,"column":6},"end":{"line":90,"column":null}},{"start":{"line":88,"column":13},"end":{"line":90,"column":null}}],"line":86},"15":{"loc":{"start":{"line":86,"column":10},"end":{"line":86,"column":65}},"type":"binary-expr","locations":[{"start":{"line":86,"column":10},"end":{"line":86,"column":33}},{"start":{"line":86,"column":33},"end":{"line":86,"column":51}},{"start":{"line":86,"column":51},"end":{"line":86,"column":65}}],"line":86},"16":{"loc":{"start":{"line":94,"column":4},"end":{"line":96,"column":null}},"type":"if","locations":[{"start":{"line":94,"column":4},"end":{"line":96,"column":null}},{"start":{},"end":{}}],"line":94},"17":{"loc":{"start":{"line":111,"column":11},"end":{"line":134,"column":null}},"type":"binary-expr","locations":[{"start":{"line":111,"column":11},"end":{"line":111,"column":null}},{"start":{"line":112,"column":12},"end":{"line":134,"column":null}}],"line":111},"18":{"loc":{"start":{"line":136,"column":11},"end":{"line":139,"column":null}},"type":"binary-expr","locations":[{"start":{"line":136,"column":11},"end":{"line":136,"column":26}},{"start":{"line":136,"column":26},"end":{"line":136,"column":null}},{"start":{"line":137,"column":12},"end":{"line":139,"column":null}}],"line":136},"19":{"loc":{"start":{"line":154,"column":21},"end":{"line":154,"column":null}},"type":"binary-expr","locations":[{"start":{"line":154,"column":21},"end":{"line":154,"column":43}},{"start":{"line":154,"column":43},"end":{"line":154,"column":null}}],"line":154},"20":{"loc":{"start":{"line":156,"column":44},"end":{"line":156,"column":72}},"type":"binary-expr","locations":[{"start":{"line":156,"column":44},"end":{"line":156,"column":62}},{"start":{"line":156,"column":62},"end":{"line":156,"column":72}}],"line":156},"21":{"loc":{"start":{"line":173,"column":21},"end":{"line":173,"column":null}},"type":"binary-expr","locations":[{"start":{"line":173,"column":21},"end":{"line":173,"column":45}},{"start":{"line":173,"column":45},"end":{"line":173,"column":null}}],"line":173},"22":{"loc":{"start":{"line":175,"column":46},"end":{"line":175,"column":74}},"type":"binary-expr","locations":[{"start":{"line":175,"column":46},"end":{"line":175,"column":64}},{"start":{"line":175,"column":64},"end":{"line":175,"column":74}}],"line":175},"23":{"loc":{"start":{"line":193,"column":21},"end":{"line":193,"column":null}},"type":"binary-expr","locations":[{"start":{"line":193,"column":21},"end":{"line":193,"column":43}},{"start":{"line":193,"column":43},"end":{"line":193,"column":null}}],"line":193},"24":{"loc":{"start":{"line":195,"column":44},"end":{"line":195,"column":72}},"type":"binary-expr","locations":[{"start":{"line":195,"column":44},"end":{"line":195,"column":62}},{"start":{"line":195,"column":62},"end":{"line":195,"column":72}}],"line":195},"25":{"loc":{"start":{"line":206,"column":21},"end":{"line":206,"column":null}},"type":"binary-expr","locations":[{"start":{"line":206,"column":21},"end":{"line":206,"column":39}},{"start":{"line":206,"column":39},"end":{"line":206,"column":null}}],"line":206},"26":{"loc":{"start":{"line":208,"column":40},"end":{"line":208,"column":68}},"type":"binary-expr","locations":[{"start":{"line":208,"column":40},"end":{"line":208,"column":58}},{"start":{"line":208,"column":58},"end":{"line":208,"column":68}}],"line":208},"27":{"loc":{"start":{"line":226,"column":16},"end":{"line":228,"column":null}},"type":"cond-expr","locations":[{"start":{"line":227,"column":20},"end":{"line":227,"column":null}},{"start":{"line":228,"column":20},"end":{"line":228,"column":null}}],"line":226},"28":{"loc":{"start":{"line":232,"column":30},"end":{"line":234,"column":null}},"type":"cond-expr","locations":[{"start":{"line":233,"column":22},"end":{"line":233,"column":null}},{"start":{"line":234,"column":22},"end":{"line":234,"column":null}}],"line":232},"29":{"loc":{"start":{"line":247,"column":16},"end":{"line":247,"column":null}},"type":"cond-expr","locations":[{"start":{"line":247,"column":35},"end":{"line":247,"column":68}},{"start":{"line":247,"column":68},"end":{"line":247,"column":null}}],"line":247},"30":{"loc":{"start":{"line":251,"column":28},"end":{"line":253,"column":null}},"type":"cond-expr","locations":[{"start":{"line":252,"column":22},"end":{"line":252,"column":null}},{"start":{"line":253,"column":22},"end":{"line":253,"column":null}}],"line":251},"31":{"loc":{"start":{"line":265,"column":16},"end":{"line":269,"column":null}},"type":"cond-expr","locations":[{"start":{"line":266,"column":20},"end":{"line":266,"column":null}},{"start":{"line":267,"column":20},"end":{"line":269,"column":null}}],"line":265},"32":{"loc":{"start":{"line":267,"column":20},"end":{"line":269,"column":null}},"type":"cond-expr","locations":[{"start":{"line":268,"column":22},"end":{"line":268,"column":null}},{"start":{"line":269,"column":22},"end":{"line":269,"column":null}}],"line":267},"33":{"loc":{"start":{"line":274,"column":20},"end":{"line":276,"column":null}},"type":"cond-expr","locations":[{"start":{"line":275,"column":24},"end":{"line":275,"column":null}},{"start":{"line":276,"column":24},"end":{"line":276,"column":null}}],"line":274},"34":{"loc":{"start":{"line":300,"column":7},"end":{"line":303,"column":null}},"type":"binary-expr","locations":[{"start":{"line":300,"column":7},"end":{"line":300,"column":null}},{"start":{"line":301,"column":8},"end":{"line":303,"column":null}}],"line":300},"35":{"loc":{"start":{"line":307,"column":7},"end":{"line":312,"column":null}},"type":"binary-expr","locations":[{"start":{"line":307,"column":7},"end":{"line":307,"column":null}},{"start":{"line":308,"column":8},"end":{"line":312,"column":null}}],"line":307},"36":{"loc":{"start":{"line":316,"column":7},"end":{"line":449,"column":null}},"type":"binary-expr","locations":[{"start":{"line":316,"column":7},"end":{"line":316,"column":null}},{"start":{"line":317,"column":8},"end":{"line":449,"column":null}}],"line":316},"37":{"loc":{"start":{"line":349,"column":17},"end":{"line":411,"column":null}},"type":"cond-expr","locations":[{"start":{"line":350,"column":18},"end":{"line":354,"column":null}},{"start":{"line":356,"column":18},"end":{"line":411,"column":null}}],"line":349},"38":{"loc":{"start":{"line":361,"column":24},"end":{"line":363,"column":null}},"type":"cond-expr","locations":[{"start":{"line":362,"column":28},"end":{"line":362,"column":null}},{"start":{"line":363,"column":28},"end":{"line":363,"column":null}}],"line":361},"39":{"loc":{"start":{"line":373,"column":25},"end":{"line":373,"column":null}},"type":"binary-expr","locations":[{"start":{"line":373,"column":25},"end":{"line":373,"column":55}},{"start":{"line":373,"column":55},"end":{"line":373,"column":null}}],"line":373},"40":{"loc":{"start":{"line":376,"column":25},"end":{"line":376,"column":null}},"type":"binary-expr","locations":[{"start":{"line":376,"column":25},"end":{"line":376,"column":61}},{"start":{"line":376,"column":61},"end":{"line":376,"column":null}}],"line":376},"41":{"loc":{"start":{"line":384,"column":28},"end":{"line":388,"column":null}},"type":"cond-expr","locations":[{"start":{"line":385,"column":32},"end":{"line":385,"column":null}},{"start":{"line":386,"column":32},"end":{"line":388,"column":null}}],"line":384},"42":{"loc":{"start":{"line":386,"column":32},"end":{"line":388,"column":null}},"type":"cond-expr","locations":[{"start":{"line":387,"column":34},"end":{"line":387,"column":null}},{"start":{"line":388,"column":34},"end":{"line":388,"column":null}}],"line":386},"43":{"loc":{"start":{"line":398,"column":25},"end":{"line":407,"column":null}},"type":"cond-expr","locations":[{"start":{"line":399,"column":26},"end":{"line":399,"column":null}},{"start":{"line":400,"column":28},"end":{"line":407,"column":null}}],"line":398},"44":{"loc":{"start":{"line":400,"column":28},"end":{"line":407,"column":null}},"type":"cond-expr","locations":[{"start":{"line":401,"column":26},"end":{"line":403,"column":null}},{"start":{"line":405,"column":26},"end":{"line":407,"column":null}}],"line":400},"45":{"loc":{"start":{"line":420,"column":23},"end":{"line":420,"column":90}},"type":"cond-expr","locations":[{"start":{"line":420,"column":49},"end":{"line":420,"column":54}},{"start":{"line":420,"column":49},"end":{"line":420,"column":90}}],"line":420}},"s":{"0":28,"1":28,"2":28,"3":28,"4":28,"5":28,"6":13,"7":28,"8":20,"9":7,"10":12,"11":7,"12":7,"13":12,"14":0,"15":7,"16":7,"17":7,"18":0,"19":0,"20":0,"21":0,"22":28,"23":28,"24":28,"25":0,"26":0,"27":0,"28":0,"29":0,"30":0,"31":0,"32":0,"33":28,"34":0,"35":28,"36":0,"37":30,"38":0,"39":30,"40":0,"41":0,"42":0,"43":0,"44":0,"45":24,"46":0,"47":0,"48":0},"f":{"0":28,"1":13,"2":20,"3":12,"4":12,"5":0,"6":0,"7":0,"8":0,"9":0,"10":0,"11":30,"12":0,"13":30,"14":0,"15":0,"16":0,"17":0,"18":0,"19":24,"20":0,"21":0,"22":0},"b":{"0":[28,28],"1":[28,28],"2":[28,28],"3":[28,28],"4":[28,28],"5":[28,28],"6":[0,28],"7":[0,28],"8":[28,28],"9":[28,28],"10":[7,13],"11":[0,12],"12":[12,0],"13":[0,7],"14":[0,0],"15":[0,0,0],"16":[0,0],"17":[28,13],"18":[28,15,14],"19":[28,28],"20":[0,0],"21":[28,28],"22":[0,0],"23":[28,28],"24":[0,0],"25":[28,28],"26":[0,0],"27":[0,28],"28":[0,0],"29":[0,28],"30":[0,0],"31":[28,0],"32":[0,0],"33":[0,0],"34":[28,13],"35":[28,1],"36":[28,14],"37":[2,12],"38":[0,24],"39":[24,0],"40":[24,0],"41":[10,14],"42":[4,10],"43":[10,14],"44":[10,4],"45":[2,12]},"meta":{"lastBranch":46,"lastFunction":23,"lastStatement":49,"seen":{"f:12:24:12:43":0,"s:13:8:13:Infinity":0,"s:14:38:14:Infinity":1,"s:17:34:17:Infinity":2,"s:18:36:18:Infinity":3,"s:21:39:36:Infinity":4,"b:22:16:22:50:22:50:22:Infinity":0,"b:23:18:23:54:23:54:23:Infinity":1,"b:24:16:24:50:24:50:24:Infinity":2,"b:25:12:25:42:25:42:25:Infinity":3,"b:26:16:26:50:26:50:26:Infinity":4,"b:27:14:27:46:27:46:27:Infinity":5,"b:30:10:30:Infinity:31:10:33:Infinity":6,"b:32:12:32:Infinity:33:12:33:Infinity":7,"b:34:19:34:47:34:47:34:50":8,"b:35:24:35:57:35:57:35:61":9,"s:39:60:42:Infinity":5,"f:41:13:41:19":1,"s:41:13:41:Infinity":6,"s:45:2:69:Infinity":7,"f:45:12:45:18":2,"b:46:4:67:Infinity:undefined:undefined:undefined:undefined":10,"s:46:4:67:Infinity":8,"s:47:25:47:Infinity":9,"f:47:48:47:49":3,"s:47:55:47:59":10,"s:50:21:50:Infinity":11,"s:51:6:55:Infinity":12,"f:51:25:51:26":4,"b:52:8:54:Infinity:undefined:undefined:undefined:undefined":11,"s:52:8:54:Infinity":13,"b:52:12:52:36:52:36:52:58":12,"s:53:10:53:Infinity":14,"s:57:6:57:Infinity":15,"s:58:6:58:Infinity":16,"b:61:6:66:Infinity:undefined:undefined:undefined:undefined":13,"s:61:6:66:Infinity":17,"s:62:22:64:Infinity":18,"f:62:33:62:39":5,"s:63:10:63:Infinity":19,"s:65:8:65:Infinity":20,"f:65:15:65:21":6,"s:65:21:65:Infinity":21,"s:71:25:74:Infinity":22,"s:76:27:79:Infinity":23,"s:82:24:99:Infinity":24,"f:82:24:82:25":7,"s:83:22:83:Infinity":25,"s:85:4:91:Infinity":26,"f:85:36:85:37":8,"b:86:6:90:Infinity:88:13:90:Infinity":14,"s:86:6:90:Infinity":27,"b:86:10:86:33:86:33:86:51:86:51:86:65":15,"s:87:8:87:Infinity":28,"s:89:8:89:Infinity":29,"b:94:4:96:Infinity:undefined:undefined:undefined:undefined":16,"s:94:4:96:Infinity":30,"s:95:6:95:Infinity":31,"s:98:4:98:Infinity":32,"s:101:23:103:Infinity":33,"f:101:23:101:29":9,"s:102:4:102:Infinity":34,"s:105:2:451:Infinity":35,"b:111:11:111:Infinity:112:12:134:Infinity":17,"b:136:11:136:26:136:26:136:Infinity:137:12:139:Infinity":18,"b:154:21:154:43:154:43:154:Infinity":19,"f:155:24:155:25":10,"s:156:16:156:Infinity":36,"b:156:44:156:62:156:62:156:72":20,"f:161:29:161:30":11,"s:162:16:164:Infinity":37,"b:173:21:173:45:173:45:173:Infinity":21,"f:174:24:174:25":12,"s:175:16:175:Infinity":38,"b:175:46:175:64:175:64:175:74":22,"f:180:31:180:32":13,"s:181:16:183:Infinity":39,"b:193:21:193:43:193:43:193:Infinity":23,"f:194:24:194:25":14,"s:195:16:195:Infinity":40,"b:195:44:195:62:195:62:195:72":24,"b:206:21:206:39:206:39:206:Infinity":25,"f:207:24:207:25":15,"s:208:16:208:Infinity":41,"b:208:40:208:58:208:58:208:68":26,"b:227:20:227:Infinity:228:20:228:Infinity":27,"f:230:24:230:25":16,"s:231:16:235:Infinity":42,"b:233:22:233:Infinity:234:22:234:Infinity":28,"b:247:35:247:68:247:68:247:Infinity":29,"f:249:24:249:25":17,"s:250:16:254:Infinity":43,"b:252:22:252:Infinity:253:22:253:Infinity":30,"b:266:20:266:Infinity:267:20:269:Infinity":31,"b:268:22:268:Infinity:269:22:269:Infinity":32,"f:271:24:271:25":18,"s:272:16:277:Infinity":44,"b:275:24:275:Infinity:276:24:276:Infinity":33,"b:300:7:300:Infinity:301:8:303:Infinity":34,"b:307:7:307:Infinity:308:8:312:Infinity":35,"b:316:7:316:Infinity:317:8:449:Infinity":36,"b:350:18:354:Infinity:356:18:411:Infinity":37,"f:356:33:356:34":19,"s:357:20:410:Infinity":45,"f:359:31:359:37":20,"s:359:37:359:Infinity":46,"b:362:28:362:Infinity:363:28:363:Infinity":38,"b:373:25:373:55:373:55:373:Infinity":39,"b:376:25:376:61:376:61:376:Infinity":40,"b:385:32:385:Infinity:386:32:388:Infinity":41,"b:387:34:387:Infinity:388:34:388:Infinity":42,"b:399:26:399:Infinity:400:28:407:Infinity":43,"b:401:26:403:Infinity:405:26:407:Infinity":44,"b:420:49:420:54:420:49:420:90":45,"f:427:25:427:31":21,"s:427:31:427:Infinity":47,"f:441:25:441:31":22,"s:441:31:441:Infinity":48}}}
,"/Users/kulesh/dev/catsyphon/frontend/src/pages/Dashboard.tsx": {"path":"/Users/kulesh/dev/catsyphon/frontend/src/pages/Dashboard.tsx","statementMap":{"0":{"start":{"line":11,"column":67},"end":{"line":14,"column":null}},"1":{"start":{"line":13,"column":13},"end":{"line":13,"column":null}},"2":{"start":{"line":16,"column":2},"end":{"line":24,"column":null}},"3":{"start":{"line":17,"column":4},"end":{"line":22,"column":null}},"4":{"start":{"line":26,"column":2},"end":{"line":36,"column":null}},"5":{"start":{"line":27,"column":4},"end":{"line":34,"column":null}},"6":{"start":{"line":38,"column":2},"end":{"line":40,"column":null}},"7":{"start":{"line":39,"column":4},"end":{"line":39,"column":null}},"8":{"start":{"line":42,"column":2},"end":{"line":315,"column":null}},"9":{"start":{"line":200,"column":38},"end":{"line":200,"column":43}},"10":{"start":{"line":202,"column":36},"end":{"line":202,"column":null}},"11":{"start":{"line":203,"column":16},"end":{"line":225,"column":null}},"12":{"start":{"line":236,"column":38},"end":{"line":236,"column":43}},"13":{"start":{"line":238,"column":36},"end":{"line":238,"column":null}},"14":{"start":{"line":239,"column":16},"end":{"line":253,"column":null}}},"fnMap":{"0":{"name":"Dashboard","decl":{"start":{"line":10,"column":24},"end":{"line":10,"column":36}},"loc":{"start":{"line":10,"column":36},"end":{"line":317,"column":null}},"line":10},"1":{"name":"(anonymous_1)","decl":{"start":{"line":13,"column":13},"end":{"line":13,"column":19}},"loc":{"start":{"line":13,"column":13},"end":{"line":13,"column":null}},"line":13},"2":{"name":"(anonymous_2)","decl":{"start":{"line":200,"column":20},"end":{"line":200,"column":21}},"loc":{"start":{"line":200,"column":38},"end":{"line":200,"column":43}},"line":200},"3":{"name":"(anonymous_3)","decl":{"start":{"line":201,"column":19},"end":{"line":201,"column":20}},"loc":{"start":{"line":201,"column":40},"end":{"line":227,"column":15}},"line":201},"4":{"name":"(anonymous_4)","decl":{"start":{"line":236,"column":20},"end":{"line":236,"column":21}},"loc":{"start":{"line":236,"column":38},"end":{"line":236,"column":43}},"line":236},"5":{"name":"(anonymous_5)","decl":{"start":{"line":237,"column":19},"end":{"line":237,"column":20}},"loc":{"start":{"line":237,"column":39},"end":{"line":255,"column":15}},"line":237}},"branchMap":{"0":{"loc":{"start":{"line":16,"column":2},"end":{"line":24,"column":null}},"type":"if","locations":[{"start":{"line":16,"column":2},"end":{"line":24,"column":null}},{"start":{},"end":{}}],"line":16},"1":{"loc":{"start":{"line":26,"column":2},"end":{"line":36,"column":null}},"type":"if","locations":[{"start":{"line":26,"column":2},"end":{"line":36,"column":null}},{"start":{},"end":{}}],"line":26},"2":{"loc":{"start":{"line":38,"column":2},"end":{"line":40,"column":null}},"type":"if","locations":[{"start":{"line":38,"column":2},"end":{"line":40,"column":null}},{"start":{},"end":{}}],"line":38},"3":{"loc":{"start":{"line":53,"column":13},"end":{"line":54,"column":null}},"type":"binary-expr","locations":[{"start":{"line":53,"column":13},"end":{"line":53,"column":null}},{"start":{"line":54,"column":14},"end":{"line":54,"column":null}}],"line":53},"4":{"loc":{"start":{"line":56,"column":13},"end":{"line":59,"column":null}},"type":"binary-expr","locations":[{"start":{"line":56,"column":13},"end":{"line":56,"column":null}},{"start":{"line":57,"column":14},"end":{"line":59,"column":null}}],"line":56},"5":{"loc":{"start":{"line":113,"column":13},"end":{"line":115,"column":null}},"type":"cond-expr","locations":[{"start":{"line":114,"column":16},"end":{"line":114,"column":null}},{"start":{"line":115,"column":16},"end":{"line":115,"column":null}}],"line":113},"6":{"loc":{"start":{"line":171,"column":7},"end":{"line":190,"column":null}},"type":"binary-expr","locations":[{"start":{"line":171,"column":7},"end":{"line":171,"column":null}},{"start":{"line":172,"column":8},"end":{"line":190,"column":null}}],"line":171},"7":{"loc":{"start":{"line":214,"column":26},"end":{"line":220,"column":null}},"type":"cond-expr","locations":[{"start":{"line":215,"column":30},"end":{"line":215,"column":null}},{"start":{"line":216,"column":30},"end":{"line":220,"column":null}}],"line":214},"8":{"loc":{"start":{"line":216,"column":30},"end":{"line":220,"column":null}},"type":"cond-expr","locations":[{"start":{"line":217,"column":32},"end":{"line":217,"column":null}},{"start":{"line":218,"column":32},"end":{"line":220,"column":null}}],"line":216},"9":{"loc":{"start":{"line":218,"column":32},"end":{"line":220,"column":null}},"type":"cond-expr","locations":[{"start":{"line":219,"column":34},"end":{"line":219,"column":null}},{"start":{"line":220,"column":34},"end":{"line":220,"column":null}}],"line":218}},"s":{"0":29,"1":15,"2":29,"3":15,"4":14,"5":1,"6":13,"7":0,"8":13,"9":39,"10":52,"11":52,"12":26,"13":39,"14":39},"f":{"0":29,"1":15,"2":39,"3":52,"4":26,"5":39},"b":{"0":[15,14],"1":[1,13],"2":[0,13],"3":[13,0],"4":[29,13],"5":[13,0],"6":[29,13],"7":[13,39],"8":[13,26],"9":[13,13]},"meta":{"lastBranch":10,"lastFunction":6,"lastStatement":15,"seen":{"f:10:24:10:36":0,"s:11:67:14:Infinity":0,"f:13:13:13:19":1,"s:13:13:13:Infinity":1,"b:16:2:24:Infinity:undefined:undefined:undefined:undefined":0,"s:16:2:24:Infinity":2,"s:17:4:22:Infinity":3,"b:26:2:36:Infinity:undefined:undefined:undefined:undefined":1,"s:26:2:36:Infinity":4,"s:27:4:34:Infinity":5,"b:38:2:40:Infinity:undefined:undefined:undefined:undefined":2,"s:38:2:40:Infinity":6,"s:39:4:39:Infinity":7,"s:42:2:315:Infinity":8,"b:53:13:53:Infinity:54:14:54:Infinity":3,"b:56:13:56:Infinity:57:14:59:Infinity":4,"b:114:16:114:Infinity:115:16:115:Infinity":5,"b:171:7:171:Infinity:172:8:190:Infinity":6,"f:200:20:200:21":2,"s:200:38:200:43":9,"f:201:19:201:20":3,"s:202:36:202:Infinity":10,"s:203:16:225:Infinity":11,"b:215:30:215:Infinity:216:30:220:Infinity":7,"b:217:32:217:Infinity:218:32:220:Infinity":8,"b:219:34:219:Infinity:220:34:220:Infinity":9,"f:236:20:236:21":4,"s:236:38:236:43":12,"f:237:19:237:20":5,"s:238:36:238:Infinity":13,"s:239:16:253:Infinity":14}}}
,"/Users/kulesh/dev/catsyphon/frontend/src/pages/Upload.tsx": {"path":"/Users/kulesh/dev/catsyphon/frontend/src/pages/Upload.tsx","statementMap":{"0":{"start":{"line":15,"column":8},"end":{"line":15,"column":null}},"1":{"start":{"line":16,"column":34},"end":{"line":16,"column":null}},"2":{"start":{"line":17,"column":34},"end":{"line":17,"column":null}},"3":{"start":{"line":18,"column":46},"end":{"line":18,"column":null}},"4":{"start":{"line":19,"column":24},"end":{"line":19,"column":null}},"5":{"start":{"line":21,"column":22},"end":{"line":21,"column":null}},"6":{"start":{"line":22,"column":21},"end":{"line":22,"column":null}},"7":{"start":{"line":22,"column":68},"end":{"line":22,"column":114}},"8":{"start":{"line":25,"column":21},"end":{"line":28,"column":null}},"9":{"start":{"line":26,"column":4},"end":{"line":26,"column":null}},"10":{"start":{"line":27,"column":4},"end":{"line":27,"column":null}},"11":{"start":{"line":30,"column":26},"end":{"line":34,"column":null}},"12":{"start":{"line":31,"column":4},"end":{"line":31,"column":null}},"13":{"start":{"line":32,"column":4},"end":{"line":32,"column":null}},"14":{"start":{"line":33,"column":4},"end":{"line":33,"column":null}},"15":{"start":{"line":36,"column":26},"end":{"line":40,"column":null}},"16":{"start":{"line":37,"column":4},"end":{"line":37,"column":null}},"17":{"start":{"line":38,"column":4},"end":{"line":38,"column":null}},"18":{"start":{"line":39,"column":4},"end":{"line":39,"column":null}},"19":{"start":{"line":42,"column":21},"end":{"line":49,"column":null}},"20":{"start":{"line":43,"column":4},"end":{"line":43,"column":null}},"21":{"start":{"line":44,"column":4},"end":{"line":44,"column":null}},"22":{"start":{"line":45,"column":4},"end":{"line":45,"column":null}},"23":{"start":{"line":47,"column":18},"end":{"line":47,"column":null}},"24":{"start":{"line":48,"column":4},"end":{"line":48,"column":null}},"25":{"start":{"line":52,"column":26},"end":{"line":57,"column":null}},"26":{"start":{"line":53,"column":4},"end":{"line":56,"column":null}},"27":{"start":{"line":54,"column":20},"end":{"line":54,"column":null}},"28":{"start":{"line":55,"column":6},"end":{"line":55,"column":null}},"29":{"start":{"line":60,"column":22},"end":{"line":82,"column":null}},"30":{"start":{"line":62,"column":23},"end":{"line":62,"column":null}},"31":{"start":{"line":62,"column":46},"end":{"line":62,"column":74}},"32":{"start":{"line":64,"column":4},"end":{"line":67,"column":null}},"33":{"start":{"line":65,"column":6},"end":{"line":65,"column":null}},"34":{"start":{"line":66,"column":6},"end":{"line":66,"column":null}},"35":{"start":{"line":69,"column":4},"end":{"line":73,"column":null}},"36":{"start":{"line":70,"column":6},"end":{"line":70,"column":null}},"37":{"start":{"line":72,"column":6},"end":{"line":72,"column":null}},"38":{"start":{"line":76,"column":45},"end":{"line":79,"column":null}},"39":{"start":{"line":76,"column":71},"end":{"line":79,"column":6}},"40":{"start":{"line":81,"column":4},"end":{"line":81,"column":null}},"41":{"start":{"line":85,"column":23},"end":{"line":146,"column":null}},"42":{"start":{"line":86,"column":4},"end":{"line":86,"column":null}},"43":{"start":{"line":86,"column":33},"end":{"line":86,"column":null}},"44":{"start":{"line":88,"column":4},"end":{"line":88,"column":null}},"45":{"start":{"line":90,"column":4},"end":{"line":133,"column":null}},"46":{"start":{"line":90,"column":17},"end":{"line":90,"column":20}},"47":{"start":{"line":91,"column":6},"end":{"line":91,"column":null}},"48":{"start":{"line":94,"column":6},"end":{"line":98,"column":null}},"49":{"start":{"line":95,"column":8},"end":{"line":97,"column":null}},"50":{"start":{"line":96,"column":10},"end":{"line":96,"column":null}},"51":{"start":{"line":100,"column":6},"end":{"line":132,"column":null}},"52":{"start":{"line":101,"column":25},"end":{"line":101,"column":null}},"53":{"start":{"line":104,"column":23},"end":{"line":104,"column":null}},"54":{"start":{"line":107,"column":8},"end":{"line":118,"column":null}},"55":{"start":{"line":108,"column":10},"end":{"line":117,"column":null}},"56":{"start":{"line":109,"column":12},"end":{"line":116,"column":null}},"57":{"start":{"line":121,"column":8},"end":{"line":131,"column":null}},"58":{"start":{"line":122,"column":10},"end":{"line":130,"column":null}},"59":{"start":{"line":123,"column":12},"end":{"line":129,"column":null}},"60":{"start":{"line":135,"column":4},"end":{"line":135,"column":null}},"61":{"start":{"line":138,"column":4},"end":{"line":145,"column":null}},"62":{"start":{"line":139,"column":29},"end":{"line":139,"column":null}},"63":{"start":{"line":140,"column":6},"end":{"line":144,"column":null}},"64":{"start":{"line":141,"column":8},"end":{"line":143,"column":null}},"65":{"start":{"line":142,"column":10},"end":{"line":142,"column":null}},"66":{"start":{"line":149,"column":21},"end":{"line":151,"column":null}},"67":{"start":{"line":150,"column":4},"end":{"line":150,"column":null}},"68":{"start":{"line":150,"column":28},"end":{"line":150,"column":62}},"69":{"start":{"line":150,"column":50},"end":{"line":150,"column":61}},"70":{"start":{"line":154,"column":16},"end":{"line":158,"column":null}},"71":{"start":{"line":155,"column":4},"end":{"line":155,"column":null}},"72":{"start":{"line":156,"column":4},"end":{"line":156,"column":null}},"73":{"start":{"line":157,"column":4},"end":{"line":157,"column":null}},"74":{"start":{"line":160,"column":23},"end":{"line":160,"column":null}},"75":{"start":{"line":160,"column":46},"end":{"line":160,"column":68}},"76":{"start":{"line":161,"column":22},"end":{"line":161,"column":null}},"77":{"start":{"line":161,"column":45},"end":{"line":161,"column":65}},"78":{"start":{"line":163,"column":2},"end":{"line":365,"column":null}},"79":{"start":{"line":246,"column":14},"end":{"line":324,"column":null}},"80":{"start":{"line":309,"column":37},"end":{"line":309,"column":null}},"81":{"start":{"line":317,"column":37},"end":{"line":317,"column":null}},"82":{"start":{"line":355,"column":33},"end":{"line":355,"column":null}}},"fnMap":{"0":{"name":"Upload","decl":{"start":{"line":14,"column":24},"end":{"line":14,"column":33}},"loc":{"start":{"line":14,"column":33},"end":{"line":367,"column":null}},"line":14},"1":{"name":"(anonymous_1)","decl":{"start":{"line":22,"column":63},"end":{"line":22,"column":68}},"loc":{"start":{"line":22,"column":68},"end":{"line":22,"column":114}},"line":22},"2":{"name":"(anonymous_2)","decl":{"start":{"line":25,"column":21},"end":{"line":25,"column":22}},"loc":{"start":{"line":25,"column":45},"end":{"line":28,"column":null}},"line":25},"3":{"name":"(anonymous_3)","decl":{"start":{"line":30,"column":26},"end":{"line":30,"column":27}},"loc":{"start":{"line":30,"column":50},"end":{"line":34,"column":null}},"line":30},"4":{"name":"(anonymous_4)","decl":{"start":{"line":36,"column":26},"end":{"line":36,"column":27}},"loc":{"start":{"line":36,"column":50},"end":{"line":40,"column":null}},"line":36},"5":{"name":"(anonymous_5)","decl":{"start":{"line":42,"column":21},"end":{"line":42,"column":22}},"loc":{"start":{"line":42,"column":45},"end":{"line":49,"column":null}},"line":42},"6":{"name":"(anonymous_6)","decl":{"start":{"line":52,"column":26},"end":{"line":52,"column":27}},"loc":{"start":{"line":52,"column":70},"end":{"line":57,"column":null}},"line":52},"7":{"name":"(anonymous_7)","decl":{"start":{"line":60,"column":22},"end":{"line":60,"column":23}},"loc":{"start":{"line":60,"column":41},"end":{"line":82,"column":null}},"line":60},"8":{"name":"(anonymous_8)","decl":{"start":{"line":62,"column":36},"end":{"line":62,"column":37}},"loc":{"start":{"line":62,"column":46},"end":{"line":62,"column":74}},"line":62},"9":{"name":"(anonymous_9)","decl":{"start":{"line":76,"column":60},"end":{"line":76,"column":61}},"loc":{"start":{"line":76,"column":71},"end":{"line":79,"column":6}},"line":76},"10":{"name":"(anonymous_10)","decl":{"start":{"line":85,"column":23},"end":{"line":85,"column":35}},"loc":{"start":{"line":85,"column":35},"end":{"line":146,"column":null}},"line":85},"11":{"name":"(anonymous_11)","decl":{"start":{"line":94,"column":20},"end":{"line":94,"column":21}},"loc":{"start":{"line":95,"column":8},"end":{"line":97,"column":null}},"line":95},"12":{"name":"(anonymous_12)","decl":{"start":{"line":95,"column":17},"end":{"line":95,"column":18}},"loc":{"start":{"line":96,"column":10},"end":{"line":96,"column":null}},"line":96},"13":{"name":"(anonymous_13)","decl":{"start":{"line":107,"column":22},"end":{"line":107,"column":23}},"loc":{"start":{"line":108,"column":10},"end":{"line":117,"column":null}},"line":108},"14":{"name":"(anonymous_14)","decl":{"start":{"line":108,"column":19},"end":{"line":108,"column":20}},"loc":{"start":{"line":109,"column":12},"end":{"line":116,"column":null}},"line":109},"15":{"name":"(anonymous_15)","decl":{"start":{"line":121,"column":22},"end":{"line":121,"column":23}},"loc":{"start":{"line":122,"column":10},"end":{"line":130,"column":null}},"line":122},"16":{"name":"(anonymous_16)","decl":{"start":{"line":122,"column":19},"end":{"line":122,"column":20}},"loc":{"start":{"line":123,"column":12},"end":{"line":129,"column":null}},"line":123},"17":{"name":"(anonymous_17)","decl":{"start":{"line":141,"column":19},"end":{"line":141,"column":25}},"loc":{"start":{"line":141,"column":25},"end":{"line":143,"column":11}},"line":141},"18":{"name":"(anonymous_18)","decl":{"start":{"line":149,"column":21},"end":{"line":149,"column":22}},"loc":{"start":{"line":149,"column":40},"end":{"line":151,"column":null}},"line":149},"19":{"name":"(anonymous_19)","decl":{"start":{"line":150,"column":18},"end":{"line":150,"column":19}},"loc":{"start":{"line":150,"column":28},"end":{"line":150,"column":62}},"line":150},"20":{"name":"(anonymous_20)","decl":{"start":{"line":150,"column":40},"end":{"line":150,"column":41}},"loc":{"start":{"line":150,"column":50},"end":{"line":150,"column":61}},"line":150},"21":{"name":"(anonymous_21)","decl":{"start":{"line":154,"column":16},"end":{"line":154,"column":22}},"loc":{"start":{"line":154,"column":22},"end":{"line":158,"column":null}},"line":154},"22":{"name":"(anonymous_22)","decl":{"start":{"line":160,"column":41},"end":{"line":160,"column":46}},"loc":{"start":{"line":160,"column":46},"end":{"line":160,"column":68}},"line":160},"23":{"name":"(anonymous_23)","decl":{"start":{"line":161,"column":40},"end":{"line":161,"column":45}},"loc":{"start":{"line":161,"column":45},"end":{"line":161,"column":65}},"line":161},"24":{"name":"(anonymous_24)","decl":{"start":{"line":245,"column":28},"end":{"line":245,"column":29}},"loc":{"start":{"line":246,"column":14},"end":{"line":324,"column":null}},"line":246},"25":{"name":"(anonymous_25)","decl":{"start":{"line":309,"column":31},"end":{"line":309,"column":37}},"loc":{"start":{"line":309,"column":37},"end":{"line":309,"column":null}},"line":309},"26":{"name":"(anonymous_26)","decl":{"start":{"line":317,"column":31},"end":{"line":317,"column":37}},"loc":{"start":{"line":317,"column":37},"end":{"line":317,"column":null}},"line":317},"27":{"name":"(anonymous_27)","decl":{"start":{"line":355,"column":27},"end":{"line":355,"column":33}},"loc":{"start":{"line":355,"column":33},"end":{"line":355,"column":null}},"line":355}},"branchMap":{"0":{"loc":{"start":{"line":22,"column":21},"end":{"line":22,"column":null}},"type":"binary-expr","locations":[{"start":{"line":22,"column":21},"end":{"line":22,"column":46}},{"start":{"line":22,"column":46},"end":{"line":22,"column":null}}],"line":22},"1":{"loc":{"start":{"line":22,"column":68},"end":{"line":22,"column":114}},"type":"binary-expr","locations":[{"start":{"line":22,"column":68},"end":{"line":22,"column":94}},{"start":{"line":22,"column":94},"end":{"line":22,"column":114}}],"line":22},"2":{"loc":{"start":{"line":53,"column":4},"end":{"line":56,"column":null}},"type":"if","locations":[{"start":{"line":53,"column":4},"end":{"line":56,"column":null}},{"start":{},"end":{}}],"line":53},"3":{"loc":{"start":{"line":64,"column":4},"end":{"line":67,"column":null}},"type":"if","locations":[{"start":{"line":64,"column":4},"end":{"line":67,"column":null}},{"start":{},"end":{}}],"line":64},"4":{"loc":{"start":{"line":69,"column":4},"end":{"line":73,"column":null}},"type":"if","locations":[{"start":{"line":69,"column":4},"end":{"line":73,"column":null}},{"start":{"line":71,"column":11},"end":{"line":73,"column":null}}],"line":69},"5":{"loc":{"start":{"line":86,"column":4},"end":{"line":86,"column":null}},"type":"if","locations":[{"start":{"line":86,"column":4},"end":{"line":86,"column":null}},{"start":{},"end":{}}],"line":86},"6":{"loc":{"start":{"line":96,"column":10},"end":{"line":96,"column":null}},"type":"cond-expr","locations":[{"start":{"line":96,"column":22},"end":{"line":96,"column":55}},{"start":{"line":96,"column":55},"end":{"line":96,"column":null}}],"line":96},"7":{"loc":{"start":{"line":109,"column":12},"end":{"line":116,"column":null}},"type":"cond-expr","locations":[{"start":{"line":110,"column":16},"end":{"line":115,"column":null}},{"start":{"line":116,"column":16},"end":{"line":116,"column":null}}],"line":109},"8":{"loc":{"start":{"line":123,"column":12},"end":{"line":129,"column":null}},"type":"cond-expr","locations":[{"start":{"line":124,"column":16},"end":{"line":128,"column":null}},{"start":{"line":129,"column":16},"end":{"line":129,"column":null}}],"line":123},"9":{"loc":{"start":{"line":127,"column":25},"end":{"line":127,"column":null}},"type":"cond-expr","locations":[{"start":{"line":127,"column":48},"end":{"line":127,"column":62}},{"start":{"line":127,"column":62},"end":{"line":127,"column":null}}],"line":127},"10":{"loc":{"start":{"line":138,"column":4},"end":{"line":145,"column":null}},"type":"if","locations":[{"start":{"line":138,"column":4},"end":{"line":145,"column":null}},{"start":{},"end":{}}],"line":138},"11":{"loc":{"start":{"line":138,"column":8},"end":{"line":138,"column":79}},"type":"binary-expr","locations":[{"start":{"line":138,"column":8},"end":{"line":138,"column":35}},{"start":{"line":138,"column":35},"end":{"line":138,"column":79}}],"line":138},"12":{"loc":{"start":{"line":140,"column":6},"end":{"line":144,"column":null}},"type":"if","locations":[{"start":{"line":140,"column":6},"end":{"line":144,"column":null}},{"start":{},"end":{}}],"line":140},"13":{"loc":{"start":{"line":173,"column":7},"end":{"line":208,"column":null}},"type":"binary-expr","locations":[{"start":{"line":173,"column":7},"end":{"line":173,"column":null}},{"start":{"line":174,"column":8},"end":{"line":208,"column":null}}],"line":173},"14":{"loc":{"start":{"line":178,"column":14},"end":{"line":180,"column":null}},"type":"cond-expr","locations":[{"start":{"line":179,"column":18},"end":{"line":179,"column":null}},{"start":{"line":180,"column":18},"end":{"line":180,"column":null}}],"line":178},"15":{"loc":{"start":{"line":212,"column":7},"end":{"line":215,"column":null}},"type":"binary-expr","locations":[{"start":{"line":212,"column":7},"end":{"line":212,"column":null}},{"start":{"line":213,"column":8},"end":{"line":215,"column":null}}],"line":212},"16":{"loc":{"start":{"line":219,"column":7},"end":{"line":363,"column":null}},"type":"binary-expr","locations":[{"start":{"line":219,"column":7},"end":{"line":219,"column":null}},{"start":{"line":220,"column":8},"end":{"line":363,"column":null}}],"line":219},"17":{"loc":{"start":{"line":222,"column":11},"end":{"line":227,"column":null}},"type":"binary-expr","locations":[{"start":{"line":222,"column":11},"end":{"line":222,"column":26}},{"start":{"line":222,"column":26},"end":{"line":222,"column":null}},{"start":{"line":223,"column":12},"end":{"line":227,"column":null}}],"line":222},"18":{"loc":{"start":{"line":231,"column":11},"end":{"line":240,"column":null}},"type":"binary-expr","locations":[{"start":{"line":231,"column":11},"end":{"line":231,"column":null}},{"start":{"line":232,"column":12},"end":{"line":240,"column":null}}],"line":231},"19":{"loc":{"start":{"line":238,"column":17},"end":{"line":238,"column":null}},"type":"binary-expr","locations":[{"start":{"line":238,"column":17},"end":{"line":238,"column":36}},{"start":{"line":238,"column":36},"end":{"line":238,"column":null}}],"line":238},"20":{"loc":{"start":{"line":251,"column":20},"end":{"line":257,"column":null}},"type":"cond-expr","locations":[{"start":{"line":252,"column":24},"end":{"line":252,"column":null}},{"start":{"line":253,"column":24},"end":{"line":257,"column":null}}],"line":251},"21":{"loc":{"start":{"line":253,"column":24},"end":{"line":257,"column":null}},"type":"cond-expr","locations":[{"start":{"line":254,"column":24},"end":{"line":254,"column":null}},{"start":{"line":255,"column":24},"end":{"line":257,"column":null}}],"line":253},"22":{"loc":{"start":{"line":255,"column":24},"end":{"line":257,"column":null}},"type":"cond-expr","locations":[{"start":{"line":256,"column":24},"end":{"line":256,"column":null}},{"start":{"line":257,"column":24},"end":{"line":257,"column":null}}],"line":255},"23":{"loc":{"start":{"line":264,"column":21},"end":{"line":265,"column":null}},"type":"binary-expr","locations":[{"start":{"line":264,"column":21},"end":{"line":264,"column":null}},{"start":{"line":265,"column":22},"end":{"line":265,"column":null}}],"line":264},"24":{"loc":{"start":{"line":267,"column":21},"end":{"line":268,"column":null}},"type":"binary-expr","locations":[{"start":{"line":267,"column":21},"end":{"line":267,"column":null}},{"start":{"line":268,"column":22},"end":{"line":268,"column":null}}],"line":267},"25":{"loc":{"start":{"line":270,"column":21},"end":{"line":271,"column":null}},"type":"binary-expr","locations":[{"start":{"line":270,"column":21},"end":{"line":270,"column":null}},{"start":{"line":271,"column":22},"end":{"line":271,"column":null}}],"line":270},"26":{"loc":{"start":{"line":273,"column":21},"end":{"line":274,"column":null}},"type":"binary-expr","locations":[{"start":{"line":273,"column":21},"end":{"line":273,"column":null}},{"start":{"line":274,"column":22},"end":{"line":274,"column":null}}],"line":273},"27":{"loc":{"start":{"line":287,"column":23},"end":{"line":291,"column":null}},"type":"binary-expr","locations":[{"start":{"line":287,"column":23},"end":{"line":287,"column":57}},{"start":{"line":287,"column":57},"end":{"line":287,"column":null}},{"start":{"line":288,"column":24},"end":{"line":291,"column":null}}],"line":287},"28":{"loc":{"start":{"line":290,"column":27},"end":{"line":290,"column":null}},"type":"binary-expr","locations":[{"start":{"line":290,"column":27},"end":{"line":290,"column":63}},{"start":{"line":290,"column":63},"end":{"line":290,"column":null}}],"line":290},"29":{"loc":{"start":{"line":295,"column":23},"end":{"line":296,"column":null}},"type":"binary-expr","locations":[{"start":{"line":295,"column":23},"end":{"line":295,"column":null}},{"start":{"line":296,"column":24},"end":{"line":296,"column":null}}],"line":295},"30":{"loc":{"start":{"line":300,"column":23},"end":{"line":301,"column":null}},"type":"binary-expr","locations":[{"start":{"line":300,"column":23},"end":{"line":300,"column":null}},{"start":{"line":301,"column":24},"end":{"line":301,"column":null}}],"line":300},"31":{"loc":{"start":{"line":307,"column":19},"end":{"line":313,"column":null}},"type":"binary-expr","locations":[{"start":{"line":307,"column":19},"end":{"line":307,"column":53}},{"start":{"line":307,"column":53},"end":{"line":307,"column":null}},{"start":{"line":308,"column":20},"end":{"line":313,"column":null}}],"line":307},"32":{"loc":{"start":{"line":315,"column":19},"end":{"line":321,"column":null}},"type":"binary-expr","locations":[{"start":{"line":315,"column":19},"end":{"line":315,"column":53}},{"start":{"line":315,"column":53},"end":{"line":315,"column":null}},{"start":{"line":316,"column":20},"end":{"line":321,"column":null}}],"line":315},"33":{"loc":{"start":{"line":330,"column":13},"end":{"line":344,"column":null}},"type":"binary-expr","locations":[{"start":{"line":330,"column":13},"end":{"line":330,"column":29}},{"start":{"line":330,"column":29},"end":{"line":330,"column":null}},{"start":{"line":331,"column":14},"end":{"line":344,"column":null}}],"line":330},"34":{"loc":{"start":{"line":336,"column":46},"end":{"line":336,"column":null}},"type":"cond-expr","locations":[{"start":{"line":336,"column":72},"end":{"line":336,"column":81}},{"start":{"line":336,"column":81},"end":{"line":336,"column":null}}],"line":336},"35":{"loc":{"start":{"line":346,"column":13},"end":{"line":360,"column":null}},"type":"binary-expr","locations":[{"start":{"line":346,"column":13},"end":{"line":346,"column":null}},{"start":{"line":347,"column":14},"end":{"line":360,"column":null}}],"line":346}},"s":{"0":8,"1":8,"2":8,"3":8,"4":8,"5":8,"6":8,"7":0,"8":8,"9":0,"10":0,"11":8,"12":1,"13":1,"14":1,"15":8,"16":0,"17":0,"18":0,"19":8,"20":0,"21":0,"22":0,"23":0,"24":0,"25":8,"26":0,"27":0,"28":0,"29":8,"30":0,"31":0,"32":0,"33":0,"34":0,"35":0,"36":0,"37":0,"38":0,"39":0,"40":0,"41":8,"42":0,"43":0,"44":0,"45":0,"46":0,"47":0,"48":0,"49":0,"50":0,"51":0,"52":0,"53":0,"54":0,"55":0,"56":0,"57":0,"58":0,"59":0,"60":0,"61":0,"62":0,"63":0,"64":0,"65":0,"66":8,"67":0,"68":0,"69":0,"70":8,"71":0,"72":0,"73":0,"74":8,"75":0,"76":8,"77":0,"78":8,"79":0,"80":0,"81":0,"82":0},"f":{"0":8,"1":0,"2":0,"3":1,"4":0,"5":0,"6":0,"7":0,"8":0,"9":0,"10":0,"11":0,"12":0,"13":0,"14":0,"15":0,"16":0,"17":0,"18":0,"19":0,"20":0,"21":0,"22":0,"23":0,"24":0,"25":0,"26":0,"27":0},"b":{"0":[8,0],"1":[0,0],"2":[0,0],"3":[0,0],"4":[0,0],"5":[0,0],"6":[0,0],"7":[0,0],"8":[0,0],"9":[0,0],"10":[0,0],"11":[0,0],"12":[0,0],"13":[8,8],"14":[1,7],"15":[8,0],"16":[8,0],"17":[0,0,0],"18":[0,0],"19":[0,0],"20":[0,0],"21":[0,0],"22":[0,0],"23":[0,0],"24":[0,0],"25":[0,0],"26":[0,0],"27":[0,0,0],"28":[0,0],"29":[0,0],"30":[0,0],"31":[0,0,0],"32":[0,0,0],"33":[0,0,0],"34":[0,0],"35":[0,0]},"meta":{"lastBranch":36,"lastFunction":28,"lastStatement":83,"seen":{"f:14:24:14:33":0,"s:15:8:15:Infinity":0,"s:16:34:16:Infinity":1,"s:17:34:17:Infinity":2,"s:18:46:18:Infinity":3,"s:19:24:19:Infinity":4,"s:21:22:21:Infinity":5,"s:22:21:22:Infinity":6,"b:22:21:22:46:22:46:22:Infinity":0,"f:22:63:22:68":1,"s:22:68:22:114":7,"b:22:68:22:94:22:94:22:114":1,"s:25:21:28:Infinity":8,"f:25:21:25:22":2,"s:26:4:26:Infinity":9,"s:27:4:27:Infinity":10,"s:30:26:34:Infinity":11,"f:30:26:30:27":3,"s:31:4:31:Infinity":12,"s:32:4:32:Infinity":13,"s:33:4:33:Infinity":14,"s:36:26:40:Infinity":15,"f:36:26:36:27":4,"s:37:4:37:Infinity":16,"s:38:4:38:Infinity":17,"s:39:4:39:Infinity":18,"s:42:21:49:Infinity":19,"f:42:21:42:22":5,"s:43:4:43:Infinity":20,"s:44:4:44:Infinity":21,"s:45:4:45:Infinity":22,"s:47:18:47:Infinity":23,"s:48:4:48:Infinity":24,"s:52:26:57:Infinity":25,"f:52:26:52:27":6,"b:53:4:56:Infinity:undefined:undefined:undefined:undefined":2,"s:53:4:56:Infinity":26,"s:54:20:54:Infinity":27,"s:55:6:55:Infinity":28,"s:60:22:82:Infinity":29,"f:60:22:60:23":7,"s:62:23:62:Infinity":30,"f:62:36:62:37":8,"s:62:46:62:74":31,"b:64:4:67:Infinity:undefined:undefined:undefined:undefined":3,"s:64:4:67:Infinity":32,"s:65:6:65:Infinity":33,"s:66:6:66:Infinity":34,"b:69:4:73:Infinity:71:11:73:Infinity":4,"s:69:4:73:Infinity":35,"s:70:6:70:Infinity":36,"s:72:6:72:Infinity":37,"s:76:45:79:Infinity":38,"f:76:60:76:61":9,"s:76:71:79:6":39,"s:81:4:81:Infinity":40,"s:85:23:146:Infinity":41,"f:85:23:85:35":10,"b:86:4:86:Infinity:undefined:undefined:undefined:undefined":5,"s:86:4:86:Infinity":42,"s:86:33:86:Infinity":43,"s:88:4:88:Infinity":44,"s:90:4:133:Infinity":45,"s:90:17:90:20":46,"s:91:6:91:Infinity":47,"s:94:6:98:Infinity":48,"f:94:20:94:21":11,"s:95:8:97:Infinity":49,"f:95:17:95:18":12,"s:96:10:96:Infinity":50,"b:96:22:96:55:96:55:96:Infinity":6,"s:100:6:132:Infinity":51,"s:101:25:101:Infinity":52,"s:104:23:104:Infinity":53,"s:107:8:118:Infinity":54,"f:107:22:107:23":13,"s:108:10:117:Infinity":55,"f:108:19:108:20":14,"s:109:12:116:Infinity":56,"b:110:16:115:Infinity:116:16:116:Infinity":7,"s:121:8:131:Infinity":57,"f:121:22:121:23":15,"s:122:10:130:Infinity":58,"f:122:19:122:20":16,"s:123:12:129:Infinity":59,"b:124:16:128:Infinity:129:16:129:Infinity":8,"b:127:48:127:62:127:62:127:Infinity":9,"s:135:4:135:Infinity":60,"b:138:4:145:Infinity:undefined:undefined:undefined:undefined":10,"s:138:4:145:Infinity":61,"b:138:8:138:35:138:35:138:79":11,"s:139:29:139:Infinity":62,"b:140:6:144:Infinity:undefined:undefined:undefined:undefined":12,"s:140:6:144:Infinity":63,"s:141:8:143:Infinity":64,"f:141:19:141:25":17,"s:142:10:142:Infinity":65,"s:149:21:151:Infinity":66,"f:149:21:149:22":18,"s:150:4:150:Infinity":67,"f:150:18:150:19":19,"s:150:28:150:62":68,"f:150:40:150:41":20,"s:150:50:150:61":69,"s:154:16:158:Infinity":70,"f:154:16:154:22":21,"s:155:4:155:Infinity":71,"s:156:4:156:Infinity":72,"s:157:4:157:Infinity":73,"s:160:23:160:Infinity":74,"f:160:41:160:46":22,"s:160:46:160:68":75,"s:161:22:161:Infinity":76,"f:161:40:161:45":23,"s:161:45:161:65":77,"s:163:2:365:Infinity":78,"b:173:7:173:Infinity:174:8:208:Infinity":13,"b:179:18:179:Infinity:180:18:180:Infinity":14,"b:212:7:212:Infinity:213:8:215:Infinity":15,"b:219:7:219:Infinity:220:8:363:Infinity":16,"b:222:11:222:26:222:26:222:Infinity:223:12:227:Infinity":17,"b:231:11:231:Infinity:232:12:240:Infinity":18,"b:238:17:238:36:238:36:238:Infinity":19,"f:245:28:245:29":24,"s:246:14:324:Infinity":79,"b:252:24:252:Infinity:253:24:257:Infinity":20,"b:254:24:254:Infinity:255:24:257:Infinity":21,"b:256:24:256:Infinity:257:24:257:Infinity":22,"b:264:21:264:Infinity:265:22:265:Infinity":23,"b:267:21:267:Infinity:268:22:268:Infinity":24,"b:270:21:270:Infinity:271:22:271:Infinity":25,"b:273:21:273:Infinity:274:22:274:Infinity":26,"b:287:23:287:57:287:57:287:Infinity:288:24:291:Infinity":27,"b:290:27:290:63:290:63:290:Infinity":28,"b:295:23:295:Infinity:296:24:296:Infinity":29,"b:300:23:300:Infinity:301:24:301:Infinity":30,"b:307:19:307:53:307:53:307:Infinity:308:20:313:Infinity":31,"f:309:31:309:37":25,"s:309:37:309:Infinity":80,"b:315:19:315:53:315:53:315:Infinity:316:20:321:Infinity":32,"f:317:31:317:37":26,"s:317:37:317:Infinity":81,"b:330:13:330:29:330:29:330:Infinity:331:14:344:Infinity":33,"b:336:72:336:81:336:81:336:Infinity":34,"b:346:13:346:Infinity:347:14:360:Infinity":35,"f:355:27:355:33":27,"s:355:33:355:Infinity":82}}}
,"/Users/kulesh/dev/catsyphon/frontend/src/test/utils.tsx": {"path":"/Users/kulesh/dev/catsyphon/frontend/src/test/utils.tsx","statementMap":{"0":{"start":{"line":15,"column":2},"end":{"line":30,"column":null}},"1":{"start":{"line":41,"column":22},"end":{"line":41,"column":null}},"2":{"start":{"line":43,"column":2},"end":{"line":46,"column":null}},"3":{"start":{"line":57,"column":2},"end":{"line":57,"column":null}}},"fnMap":{"0":{"name":"createTestQueryClient","decl":{"start":{"line":14,"column":16},"end":{"line":14,"column":40}},"loc":{"start":{"line":14,"column":40},"end":{"line":31,"column":null}},"line":14},"1":{"name":"(anonymous_1)","decl":{"start":{"line":26,"column":11},"end":{"line":26,"column":17}},"loc":{"start":{"line":26,"column":17},"end":{"line":26,"column":null}},"line":26},"2":{"name":"(anonymous_2)","decl":{"start":{"line":27,"column":12},"end":{"line":27,"column":18}},"loc":{"start":{"line":27,"column":18},"end":{"line":27,"column":null}},"line":27},"3":{"name":"(anonymous_3)","decl":{"start":{"line":28,"column":13},"end":{"line":28,"column":19}},"loc":{"start":{"line":28,"column":19},"end":{"line":28,"column":null}},"line":28},"4":{"name":"AllTheProviders","decl":{"start":{"line":40,"column":16},"end":{"line":40,"column":32}},"loc":{"start":{"line":40,"column":68},"end":{"line":48,"column":null}},"line":40},"5":{"name":"renderWithProviders","decl":{"start":{"line":53,"column":16},"end":{"line":53,"column":null}},"loc":{"start":{"line":56,"column":2},"end":{"line":58,"column":null}},"line":56}},"branchMap":{},"s":{"0":59,"1":59,"2":59,"3":59},"f":{"0":59,"1":0,"2":0,"3":0,"4":59,"5":59},"b":{},"meta":{"lastBranch":0,"lastFunction":6,"lastStatement":4,"seen":{"f:14:16:14:40":0,"s:15:2:30:Infinity":0,"f:26:11:26:17":1,"f:27:12:27:18":2,"f:28:13:28:19":3,"f:40:16:40:32":4,"s:41:22:41:Infinity":1,"s:43:2:46:Infinity":2,"f:53:16:53:Infinity":5,"s:57:2:57:Infinity":3}}}
}
