{"meta": {"format": 3, "version": "7.11.0", "timestamp": "2025-11-12T22:58:34.911835", "branch_coverage": false, "show_contexts": false}, "files": {"src/catsyphon/__init__.py": {"executed_lines": [1, 3, 5, 6], "summary": {"covered_lines": 3, "num_statements": 3, "percent_covered": 100.0, "percent_covered_display": "100", "missing_lines": 0, "excluded_lines": 0}, "missing_lines": [], "excluded_lines": [], "functions": {"": {"executed_lines": [1, 3, 5, 6], "summary": {"covered_lines": 3, "num_statements": 3, "percent_covered": 100.0, "percent_covered_display": "100", "missing_lines": 0, "excluded_lines": 0}, "missing_lines": [], "excluded_lines": []}}, "classes": {"": {"executed_lines": [1, 3, 5, 6], "summary": {"covered_lines": 3, "num_statements": 3, "percent_covered": 100.0, "percent_covered_display": "100", "missing_lines": 0, "excluded_lines": 0}, "missing_lines": [], "excluded_lines": []}}}, "src/catsyphon/api/__init__.py": {"executed_lines": [0], "summary": {"covered_lines": 0, "num_statements": 0, "percent_covered": 100.0, "percent_covered_display": "100", "missing_lines": 0, "excluded_lines": 0}, "missing_lines": [], "excluded_lines": [], "functions": {"": {"executed_lines": [], "summary": {"covered_lines": 0, "num_statements": 0, "percent_covered": 100.0, "percent_covered_display": "100", "missing_lines": 0, "excluded_lines": 0}, "missing_lines": [], "excluded_lines": []}}, "classes": {"": {"executed_lines": [], "summary": {"covered_lines": 0, "num_statements": 0, "percent_covered": 100.0, "percent_covered_display": "100", "missing_lines": 0, "excluded_lines": 0}, "missing_lines": [], "excluded_lines": []}}}, "src/catsyphon/api/app.py": {"executed_lines": [1, 7, 9, 10, 12, 13, 16, 17, 32, 42, 51, 52, 54, 61, 62, 64, 66, 68, 74, 75, 97, 100, 101, 102], "summary": {"covered_lines": 23, "num_statements": 31, "percent_covered": 74.19354838709677, "percent_covered_display": "74", "missing_lines": 8, "excluded_lines": 0}, "missing_lines": [25, 27, 82, 84, 86, 88, 89, 94], "excluded_lines": [], "functions": {"lifespan": {"executed_lines": [], "summary": {"covered_lines": 0, "num_statements": 2, "percent_covered": 0.0, "percent_covered_display": "0", "missing_lines": 2, "excluded_lines": 0}, "missing_lines": [25, 27], "excluded_lines": []}, "root": {"executed_lines": [54], "summary": {"covered_lines": 1, "num_statements": 1, "percent_covered": 100.0, "percent_covered_display": "100", "missing_lines": 0, "excluded_lines": 0}, "missing_lines": [], "excluded_lines": []}, "health": {"executed_lines": [64, 66, 68], "summary": {"covered_lines": 3, "num_statements": 3, "percent_covered": 100.0, "percent_covered_display": "100", "missing_lines": 0, "excluded_lines": 0}, "missing_lines": [], "excluded_lines": []}, "ready": {"executed_lines": [], "summary": {"covered_lines": 0, "num_statements": 6, "percent_covered": 0.0, "percent_covered_display": "0", "missing_lines": 6, "excluded_lines": 0}, "missing_lines": [82, 84, 86, 88, 89, 94], "excluded_lines": []}, "": {"executed_lines": [1, 7, 9, 10, 12, 13, 16, 17, 32, 42, 51, 52, 61, 62, 74, 75, 97, 100, 101, 102], "summary": {"covered_lines": 19, "num_statements": 19, "percent_covered": 100.0, "percent_covered_display": "100", "missing_lines": 0, "excluded_lines": 0}, "missing_lines": [], "excluded_lines": []}}, "classes": {"": {"executed_lines": [1, 7, 9, 10, 12, 13, 16, 17, 32, 42, 51, 52, 54, 61, 62, 64, 66, 68, 74, 75, 97, 100, 101, 102], "summary": {"covered_lines": 23, "num_statements": 31, "percent_covered": 74.19354838709677, "percent_covered_display": "74", "missing_lines": 8, "excluded_lines": 0}, "missing_lines": [25, 27, 82, 84, 86, 88, 89, 94], "excluded_lines": []}}}, "src/catsyphon/api/routes/__init__.py": {"executed_lines": [1, 5, 7], "summary": {"covered_lines": 2, "num_statements": 2, "percent_covered": 100.0, "percent_covered_display": "100", "missing_lines": 0, "excluded_lines": 0}, "missing_lines": [], "excluded_lines": [], "functions": {"": {"executed_lines": [1, 5, 7], "summary": {"covered_lines": 2, "num_statements": 2, "percent_covered": 100.0, "percent_covered_display": "100", "missing_lines": 0, "excluded_lines": 0}, "missing_lines": [], "excluded_lines": []}}, "classes": {"": {"executed_lines": [1, 5, 7], "summary": {"covered_lines": 2, "num_statements": 2, "percent_covered": 100.0, "percent_covered_display": "100", "missing_lines": 0, "excluded_lines": 0}, "missing_lines": [], "excluded_lines": []}}}, "src/catsyphon/api/routes/conversations.py": {"executed_lines": [1, 7, 8, 9, 11, 12, 14, 20, 21, 22, 24, 27, 49, 52, 53, 55, 57, 58, 60, 62, 63, 65, 67, 70, 73, 76, 85, 86, 108, 111, 112, 113, 114, 115, 116, 117, 118, 119, 120, 121, 124, 125, 126, 129, 130, 131, 132, 133, 140, 143, 150, 160, 169, 170, 179, 182, 184, 185, 187, 190, 191, 204, 205, 206, 209, 210, 216], "summary": {"covered_lines": 66, "num_statements": 68, "percent_covered": 97.05882352941177, "percent_covered_display": "97", "missing_lines": 2, "excluded_lines": 0}, "missing_lines": [136, 137], "excluded_lines": [], "functions": {"_conversation_to_list_item": {"executed_lines": [49, 52, 53, 55, 57, 58, 60, 62, 63, 65, 67], "summary": {"covered_lines": 11, "num_statements": 11, "percent_covered": 100.0, "percent_covered_display": "100", "missing_lines": 0, "excluded_lines": 0}, "missing_lines": [], "excluded_lines": []}, "_conversation_to_detail": {"executed_lines": [73, 76], "summary": {"covered_lines": 2, "num_statements": 2, "percent_covered": 100.0, "percent_covered_display": "100", "missing_lines": 0, "excluded_lines": 0}, "missing_lines": [], "excluded_lines": []}, "list_conversations": {"executed_lines": [108, 111, 112, 113, 114, 115, 116, 117, 118, 119, 120, 121, 124, 125, 126, 129, 130, 131, 132, 133, 140, 143, 150, 160], "summary": {"covered_lines": 24, "num_statements": 26, "percent_covered": 92.3076923076923, "percent_covered_display": "92", "missing_lines": 2, "excluded_lines": 0}, "missing_lines": [136, 137], "excluded_lines": []}, "get_conversation": {"executed_lines": [179, 182, 184, 185, 187], "summary": {"covered_lines": 5, "num_statements": 5, "percent_covered": 100.0, "percent_covered_display": "100", "missing_lines": 0, "excluded_lines": 0}, "missing_lines": [], "excluded_lines": []}, "get_conversation_messages": {"executed_lines": [204, 205, 206, 209, 210, 216], "summary": {"covered_lines": 6, "num_statements": 6, "percent_covered": 100.0, "percent_covered_display": "100", "missing_lines": 0, "excluded_lines": 0}, "missing_lines": [], "excluded_lines": []}, "": {"executed_lines": [1, 7, 8, 9, 11, 12, 14, 20, 21, 22, 24, 27, 70, 85, 86, 169, 170, 190, 191], "summary": {"covered_lines": 18, "num_statements": 18, "percent_covered": 100.0, "percent_covered_display": "100", "missing_lines": 0, "excluded_lines": 0}, "missing_lines": [], "excluded_lines": []}}, "classes": {"": {"executed_lines": [1, 7, 8, 9, 11, 12, 14, 20, 21, 22, 24, 27, 49, 52, 53, 55, 57, 58, 60, 62, 63, 65, 67, 70, 73, 76, 85, 86, 108, 111, 112, 113, 114, 115, 116, 117, 118, 119, 120, 121, 124, 125, 126, 129, 130, 131, 132, 133, 140, 143, 150, 160, 169, 170, 179, 182, 184, 185, 187, 190, 191, 204, 205, 206, 209, 210, 216], "summary": {"covered_lines": 66, "num_statements": 68, "percent_covered": 97.05882352941177, "percent_covered_display": "97", "missing_lines": 2, "excluded_lines": 0}, "missing_lines": [136, 137], "excluded_lines": []}}}, "src/catsyphon/api/routes/metadata.py": {"executed_lines": [1, 7, 8, 10, 11, 12, 14, 17, 18, 26, 27, 29, 32, 33, 41, 42, 44], "summary": {"covered_lines": 16, "num_statements": 16, "percent_covered": 100.0, "percent_covered_display": "100", "missing_lines": 0, "excluded_lines": 0}, "missing_lines": [], "excluded_lines": [], "functions": {"list_projects": {"executed_lines": [26, 27, 29], "summary": {"covered_lines": 3, "num_statements": 3, "percent_covered": 100.0, "percent_covered_display": "100", "missing_lines": 0, "excluded_lines": 0}, "missing_lines": [], "excluded_lines": []}, "list_developers": {"executed_lines": [41, 42, 44], "summary": {"covered_lines": 3, "num_statements": 3, "percent_covered": 100.0, "percent_covered_display": "100", "missing_lines": 0, "excluded_lines": 0}, "missing_lines": [], "excluded_lines": []}, "": {"executed_lines": [1, 7, 8, 10, 11, 12, 14, 17, 18, 32, 33], "summary": {"covered_lines": 10, "num_statements": 10, "percent_covered": 100.0, "percent_covered_display": "100", "missing_lines": 0, "excluded_lines": 0}, "missing_lines": [], "excluded_lines": []}}, "classes": {"": {"executed_lines": [1, 7, 8, 10, 11, 12, 14, 17, 18, 26, 27, 29, 32, 33, 41, 42, 44], "summary": {"covered_lines": 16, "num_statements": 16, "percent_covered": 100.0, "percent_covered_display": "100", "missing_lines": 0, "excluded_lines": 0}, "missing_lines": [], "excluded_lines": []}}}, "src/catsyphon/api/routes/stats.py": {"executed_lines": [1, 7, 8, 10, 11, 12, 14, 15, 16, 21, 23, 26, 27, 38, 39, 40, 43, 44, 45, 46, 47, 50, 53, 55, 56, 57, 58, 59, 60, 63, 66, 67, 70, 71, 76, 77, 80, 81, 86, 87, 90, 91, 94, 100, 101, 107, 109, 111], "summary": {"covered_lines": 47, "num_statements": 47, "percent_covered": 100.0, "percent_covered_display": "100", "missing_lines": 0, "excluded_lines": 0}, "missing_lines": [], "excluded_lines": [], "functions": {"get_overview_stats": {"executed_lines": [38, 39, 40, 43, 44, 45, 46, 47, 50, 53, 55, 56, 57, 58, 59, 60, 63, 66, 67, 70, 71, 76, 77, 80, 81, 86, 87, 90, 91, 94, 100, 101, 107, 109, 111], "summary": {"covered_lines": 35, "num_statements": 35, "percent_covered": 100.0, "percent_covered_display": "100", "missing_lines": 0, "excluded_lines": 0}, "missing_lines": [], "excluded_lines": []}, "": {"executed_lines": [1, 7, 8, 10, 11, 12, 14, 15, 16, 21, 23, 26, 27], "summary": {"covered_lines": 12, "num_statements": 12, "percent_covered": 100.0, "percent_covered_display": "100", "missing_lines": 0, "excluded_lines": 0}, "missing_lines": [], "excluded_lines": []}}, "classes": {"": {"executed_lines": [1, 7, 8, 10, 11, 12, 14, 15, 16, 21, 23, 26, 27, 38, 39, 40, 43, 44, 45, 46, 47, 50, 53, 55, 56, 57, 58, 59, 60, 63, 66, 67, 70, 71, 76, 77, 80, 81, 86, 87, 90, 91, 94, 100, 101, 107, 109, 111], "summary": {"covered_lines": 47, "num_statements": 47, "percent_covered": 100.0, "percent_covered_display": "100", "missing_lines": 0, "excluded_lines": 0}, "missing_lines": [], "excluded_lines": []}}}, "src/catsyphon/api/routes/upload.py": {"executed_lines": [1, 7, 8, 10, 12, 13, 14, 15, 16, 18, 21, 22, 31, 34, 35, 36, 37, 39, 41, 42, 49, 50, 52, 54, 57, 60, 61, 63, 65, 68, 69, 70, 78, 81, 84, 85, 86, 88, 98, 113, 115, 116, 123, 125], "summary": {"covered_lines": 43, "num_statements": 47, "percent_covered": 91.48936170212765, "percent_covered_display": "91", "missing_lines": 4, "excluded_lines": 0}, "missing_lines": [32, 100, 102, 109], "excluded_lines": [], "functions": {"upload_conversation_logs": {"executed_lines": [31, 34, 35, 36, 37, 39, 41, 42, 49, 50, 52, 54, 57, 60, 61, 63, 65, 68, 69, 70, 78, 81, 84, 85, 86, 88, 98, 113, 115, 116, 123, 125], "summary": {"covered_lines": 32, "num_statements": 36, "percent_covered": 88.88888888888889, "percent_covered_display": "89", "missing_lines": 4, "excluded_lines": 0}, "missing_lines": [32, 100, 102, 109], "excluded_lines": []}, "": {"executed_lines": [1, 7, 8, 10, 12, 13, 14, 15, 16, 18, 21, 22], "summary": {"covered_lines": 11, "num_statements": 11, "percent_covered": 100.0, "percent_covered_display": "100", "missing_lines": 0, "excluded_lines": 0}, "missing_lines": [], "excluded_lines": []}}, "classes": {"": {"executed_lines": [1, 7, 8, 10, 12, 13, 14, 15, 16, 18, 21, 22, 31, 34, 35, 36, 37, 39, 41, 42, 49, 50, 52, 54, 57, 60, 61, 63, 65, 68, 69, 70, 78, 81, 84, 85, 86, 88, 98, 113, 115, 116, 123, 125], "summary": {"covered_lines": 43, "num_statements": 47, "percent_covered": 91.48936170212765, "percent_covered_display": "91", "missing_lines": 4, "excluded_lines": 0}, "missing_lines": [32, 100, 102, 109], "excluded_lines": []}}}, "src/catsyphon/api/schemas.py": {"executed_lines": [1, 7, 8, 9, 11, 16, 17, 19, 20, 23, 24, 26, 27, 28, 30, 31, 34, 35, 37, 38, 41, 42, 44, 45, 46, 48, 49, 55, 56, 58, 59, 60, 61, 62, 63, 64, 65, 66, 67, 69, 70, 73, 74, 76, 77, 78, 79, 80, 81, 82, 83, 84, 85, 86, 88, 89, 92, 93, 95, 96, 97, 98, 99, 100, 101, 102, 104, 105, 108, 109, 111, 112, 113, 114, 115, 117, 118, 121, 122, 124, 125, 126, 127, 128, 129, 130, 131, 132, 133, 134, 135, 136, 137, 140, 141, 142, 145, 146, 148, 149, 152, 153, 155, 156, 157, 158, 160, 161, 164, 165, 167, 168, 169, 170, 171, 177, 178, 180, 181, 182, 183, 184, 185, 186, 187, 190, 191, 193, 194, 195, 196, 197, 198, 199, 202, 203, 205, 206, 207, 208, 209, 210, 211, 212, 218, 219, 221, 222, 223, 224, 225, 226, 227, 228, 229, 235, 236, 238, 239, 240, 241, 242, 243, 244, 247, 248, 250, 251, 252], "summary": {"covered_lines": 151, "num_statements": 151, "percent_covered": 100.0, "percent_covered_display": "100", "missing_lines": 0, "excluded_lines": 0}, "missing_lines": [], "excluded_lines": [], "functions": {"": {"executed_lines": [1, 7, 8, 9, 11, 16, 17, 19, 20, 23, 24, 26, 27, 28, 30, 31, 34, 35, 37, 38, 41, 42, 44, 45, 46, 48, 49, 55, 56, 58, 59, 60, 61, 62, 63, 64, 65, 66, 67, 69, 70, 73, 74, 76, 77, 78, 79, 80, 81, 82, 83, 84, 85, 86, 88, 89, 92, 93, 95, 96, 97, 98, 99, 100, 101, 102, 104, 105, 108, 109, 111, 112, 113, 114, 115, 117, 118, 121, 122, 124, 125, 126, 127, 128, 129, 130, 131, 132, 133, 134, 135, 136, 137, 140, 141, 142, 145, 146, 148, 149, 152, 153, 155, 156, 157, 158, 160, 161, 164, 165, 167, 168, 169, 170, 171, 177, 178, 180, 181, 182, 183, 184, 185, 186, 187, 190, 191, 193, 194, 195, 196, 197, 198, 199, 202, 203, 205, 206, 207, 208, 209, 210, 211, 212, 218, 219, 221, 222, 223, 224, 225, 226, 227, 228, 229, 235, 236, 238, 239, 240, 241, 242, 243, 244, 247, 248, 250, 251, 252], "summary": {"covered_lines": 151, "num_statements": 151, "percent_covered": 100.0, "percent_covered_display": "100", "missing_lines": 0, "excluded_lines": 0}, "missing_lines": [], "excluded_lines": []}}, "classes": {"ProjectBase": {"executed_lines": [], "summary": {"covered_lines": 0, "num_statements": 0, "percent_covered": 100.0, "percent_covered_display": "100", "missing_lines": 0, "excluded_lines": 0}, "missing_lines": [], "excluded_lines": []}, "ProjectResponse": {"executed_lines": [], "summary": {"covered_lines": 0, "num_statements": 0, "percent_covered": 100.0, "percent_covered_display": "100", "missing_lines": 0, "excluded_lines": 0}, "missing_lines": [], "excluded_lines": []}, "ProjectResponse.Config": {"executed_lines": [], "summary": {"covered_lines": 0, "num_statements": 0, "percent_covered": 100.0, "percent_covered_display": "100", "missing_lines": 0, "excluded_lines": 0}, "missing_lines": [], "excluded_lines": []}, "DeveloperBase": {"executed_lines": [], "summary": {"covered_lines": 0, "num_statements": 0, "percent_covered": 100.0, "percent_covered_display": "100", "missing_lines": 0, "excluded_lines": 0}, "missing_lines": [], "excluded_lines": []}, "DeveloperResponse": {"executed_lines": [], "summary": {"covered_lines": 0, "num_statements": 0, "percent_covered": 100.0, "percent_covered_display": "100", "missing_lines": 0, "excluded_lines": 0}, "missing_lines": [], "excluded_lines": []}, "DeveloperResponse.Config": {"executed_lines": [], "summary": {"covered_lines": 0, "num_statements": 0, "percent_covered": 100.0, "percent_covered_display": "100", "missing_lines": 0, "excluded_lines": 0}, "missing_lines": [], "excluded_lines": []}, "MessageResponse": {"executed_lines": [], "summary": {"covered_lines": 0, "num_statements": 0, "percent_covered": 100.0, "percent_covered_display": "100", "missing_lines": 0, "excluded_lines": 0}, "missing_lines": [], "excluded_lines": []}, "MessageResponse.Config": {"executed_lines": [], "summary": {"covered_lines": 0, "num_statements": 0, "percent_covered": 100.0, "percent_covered_display": "100", "missing_lines": 0, "excluded_lines": 0}, "missing_lines": [], "excluded_lines": []}, "EpochResponse": {"executed_lines": [], "summary": {"covered_lines": 0, "num_statements": 0, "percent_covered": 100.0, "percent_covered_display": "100", "missing_lines": 0, "excluded_lines": 0}, "missing_lines": [], "excluded_lines": []}, "EpochResponse.Config": {"executed_lines": [], "summary": {"covered_lines": 0, "num_statements": 0, "percent_covered": 100.0, "percent_covered_display": "100", "missing_lines": 0, "excluded_lines": 0}, "missing_lines": [], "excluded_lines": []}, "FileTouchedResponse": {"executed_lines": [], "summary": {"covered_lines": 0, "num_statements": 0, "percent_covered": 100.0, "percent_covered_display": "100", "missing_lines": 0, "excluded_lines": 0}, "missing_lines": [], "excluded_lines": []}, "FileTouchedResponse.Config": {"executed_lines": [], "summary": {"covered_lines": 0, "num_statements": 0, "percent_covered": 100.0, "percent_covered_display": "100", "missing_lines": 0, "excluded_lines": 0}, "missing_lines": [], "excluded_lines": []}, "ConversationTagResponse": {"executed_lines": [], "summary": {"covered_lines": 0, "num_statements": 0, "percent_covered": 100.0, "percent_covered_display": "100", "missing_lines": 0, "excluded_lines": 0}, "missing_lines": [], "excluded_lines": []}, "ConversationTagResponse.Config": {"executed_lines": [], "summary": {"covered_lines": 0, "num_statements": 0, "percent_covered": 100.0, "percent_covered_display": "100", "missing_lines": 0, "excluded_lines": 0}, "missing_lines": [], "excluded_lines": []}, "ConversationListItem": {"executed_lines": [], "summary": {"covered_lines": 0, "num_statements": 0, "percent_covered": 100.0, "percent_covered_display": "100", "missing_lines": 0, "excluded_lines": 0}, "missing_lines": [], "excluded_lines": []}, "ConversationListItem.Config": {"executed_lines": [], "summary": {"covered_lines": 0, "num_statements": 0, "percent_covered": 100.0, "percent_covered_display": "100", "missing_lines": 0, "excluded_lines": 0}, "missing_lines": [], "excluded_lines": []}, "ConversationDetail": {"executed_lines": [], "summary": {"covered_lines": 0, "num_statements": 0, "percent_covered": 100.0, "percent_covered_display": "100", "missing_lines": 0, "excluded_lines": 0}, "missing_lines": [], "excluded_lines": []}, "ConversationDetail.Config": {"executed_lines": [], "summary": {"covered_lines": 0, "num_statements": 0, "percent_covered": 100.0, "percent_covered_display": "100", "missing_lines": 0, "excluded_lines": 0}, "missing_lines": [], "excluded_lines": []}, "ConversationListResponse": {"executed_lines": [], "summary": {"covered_lines": 0, "num_statements": 0, "percent_covered": 100.0, "percent_covered_display": "100", "missing_lines": 0, "excluded_lines": 0}, "missing_lines": [], "excluded_lines": []}, "OverviewStats": {"executed_lines": [], "summary": {"covered_lines": 0, "num_statements": 0, "percent_covered": 100.0, "percent_covered_display": "100", "missing_lines": 0, "excluded_lines": 0}, "missing_lines": [], "excluded_lines": []}, "AgentPerformanceStats": {"executed_lines": [], "summary": {"covered_lines": 0, "num_statements": 0, "percent_covered": 100.0, "percent_covered_display": "100", "missing_lines": 0, "excluded_lines": 0}, "missing_lines": [], "excluded_lines": []}, "DeveloperActivityStats": {"executed_lines": [], "summary": {"covered_lines": 0, "num_statements": 0, "percent_covered": 100.0, "percent_covered_display": "100", "missing_lines": 0, "excluded_lines": 0}, "missing_lines": [], "excluded_lines": []}, "ConversationFilters": {"executed_lines": [], "summary": {"covered_lines": 0, "num_statements": 0, "percent_covered": 100.0, "percent_covered_display": "100", "missing_lines": 0, "excluded_lines": 0}, "missing_lines": [], "excluded_lines": []}, "UploadResult": {"executed_lines": [], "summary": {"covered_lines": 0, "num_statements": 0, "percent_covered": 100.0, "percent_covered_display": "100", "missing_lines": 0, "excluded_lines": 0}, "missing_lines": [], "excluded_lines": []}, "UploadResponse": {"executed_lines": [], "summary": {"covered_lines": 0, "num_statements": 0, "percent_covered": 100.0, "percent_covered_display": "100", "missing_lines": 0, "excluded_lines": 0}, "missing_lines": [], "excluded_lines": []}, "": {"executed_lines": [1, 7, 8, 9, 11, 16, 17, 19, 20, 23, 24, 26, 27, 28, 30, 31, 34, 35, 37, 38, 41, 42, 44, 45, 46, 48, 49, 55, 56, 58, 59, 60, 61, 62, 63, 64, 65, 66, 67, 69, 70, 73, 74, 76, 77, 78, 79, 80, 81, 82, 83, 84, 85, 86, 88, 89, 92, 93, 95, 96, 97, 98, 99, 100, 101, 102, 104, 105, 108, 109, 111, 112, 113, 114, 115, 117, 118, 121, 122, 124, 125, 126, 127, 128, 129, 130, 131, 132, 133, 134, 135, 136, 137, 140, 141, 142, 145, 146, 148, 149, 152, 153, 155, 156, 157, 158, 160, 161, 164, 165, 167, 168, 169, 170, 171, 177, 178, 180, 181, 182, 183, 184, 185, 186, 187, 190, 191, 193, 194, 195, 196, 197, 198, 199, 202, 203, 205, 206, 207, 208, 209, 210, 211, 212, 218, 219, 221, 222, 223, 224, 225, 226, 227, 228, 229, 235, 236, 238, 239, 240, 241, 242, 243, 244, 247, 248, 250, 251, 252], "summary": {"covered_lines": 151, "num_statements": 151, "percent_covered": 100.0, "percent_covered_display": "100", "missing_lines": 0, "excluded_lines": 0}, "missing_lines": [], "excluded_lines": []}}}, "src/catsyphon/cli.py": {"executed_lines": [1, 8, 9, 10, 12, 18, 21, 22, 24, 27, 28, 47, 49, 50, 52, 53, 54, 55, 56, 57, 58, 59, 62, 63, 82, 85, 87, 88, 89, 92, 93, 94, 95, 96, 97, 98, 99, 104, 107, 108, 110, 111, 112, 115, 117, 124, 125, 139, 140, 141, 142, 144, 145, 146, 155, 156, 167, 169, 170, 171, 172, 175, 176, 177, 178, 180, 181, 184, 185, 295, 296, 306, 308, 309, 310, 311, 312, 314, 322, 323, 325, 328, 329, 332, 333, 335, 338, 339, 340, 342, 343, 344, 345, 347, 348, 351], "summary": {"covered_lines": 95, "num_statements": 162, "percent_covered": 58.641975308641975, "percent_covered_display": "59", "missing_lines": 67, "excluded_lines": 0}, "missing_lines": [64, 65, 68, 70, 72, 79, 101, 102, 126, 127, 128, 129, 134, 135, 136, 160, 161, 162, 163, 164, 165, 210, 212, 213, 216, 217, 218, 222, 223, 224, 225, 227, 228, 229, 230, 233, 234, 237, 238, 239, 242, 244, 245, 248, 251, 252, 256, 259, 260, 261, 262, 263, 264, 265, 266, 267, 270, 272, 273, 276, 277, 288, 289, 290, 291, 292, 352], "excluded_lines": [], "functions": {"version": {"executed_lines": [24], "summary": {"covered_lines": 1, "num_statements": 1, "percent_covered": 100.0, "percent_covered_display": "100", "missing_lines": 0, "excluded_lines": 0}, "missing_lines": [], "excluded_lines": []}, "ingest": {"executed_lines": [47, 49, 50, 52, 53, 54, 55, 56, 57, 58, 59, 62, 63, 82, 85, 87, 88, 89, 92, 93, 94, 95, 96, 97, 98, 99, 104, 107, 108, 110, 111, 112, 115, 117, 124, 125, 139, 140, 141, 142, 144, 145, 146, 155, 156, 167, 169, 170, 171, 172, 175, 176, 177, 178, 180, 181], "summary": {"covered_lines": 56, "num_statements": 77, "percent_covered": 72.72727272727273, "percent_covered_display": "73", "missing_lines": 21, "excluded_lines": 0}, "missing_lines": [64, 65, 68, 70, 72, 79, 101, 102, 126, 127, 128, 129, 134, 135, 136, 160, 161, 162, 163, 164, 165], "excluded_lines": []}, "watch": {"executed_lines": [], "summary": {"covered_lines": 0, "num_statements": 45, "percent_covered": 0.0, "percent_covered_display": "0", "missing_lines": 45, "excluded_lines": 0}, "missing_lines": [210, 212, 213, 216, 217, 218, 222, 223, 224, 225, 227, 228, 229, 230, 233, 234, 237, 238, 239, 242, 244, 245, 248, 251, 252, 256, 259, 260, 261, 262, 263, 264, 265, 266, 267, 270, 272, 273, 276, 277, 288, 289, 290, 291, 292], "excluded_lines": []}, "serve": {"executed_lines": [306, 308, 309, 310, 311, 312, 314], "summary": {"covered_lines": 7, "num_statements": 7, "percent_covered": 100.0, "percent_covered_display": "100", "missing_lines": 0, "excluded_lines": 0}, "missing_lines": [], "excluded_lines": []}, "db_init": {"executed_lines": [325, 328, 329], "summary": {"covered_lines": 3, "num_statements": 3, "percent_covered": 100.0, "percent_covered_display": "100", "missing_lines": 0, "excluded_lines": 0}, "missing_lines": [], "excluded_lines": []}, "db_status": {"executed_lines": [335, 338, 339, 340, 342, 343, 344, 345, 347, 348], "summary": {"covered_lines": 10, "num_statements": 10, "percent_covered": 100.0, "percent_covered_display": "100", "missing_lines": 0, "excluded_lines": 0}, "missing_lines": [], "excluded_lines": []}, "": {"executed_lines": [1, 8, 9, 10, 12, 18, 21, 22, 27, 28, 184, 185, 295, 296, 322, 323, 332, 333, 351], "summary": {"covered_lines": 18, "num_statements": 19, "percent_covered": 94.73684210526316, "percent_covered_display": "95", "missing_lines": 1, "excluded_lines": 0}, "missing_lines": [352], "excluded_lines": []}}, "classes": {"": {"executed_lines": [1, 8, 9, 10, 12, 18, 21, 22, 24, 27, 28, 47, 49, 50, 52, 53, 54, 55, 56, 57, 58, 59, 62, 63, 82, 85, 87, 88, 89, 92, 93, 94, 95, 96, 97, 98, 99, 104, 107, 108, 110, 111, 112, 115, 117, 124, 125, 139, 140, 141, 142, 144, 145, 146, 155, 156, 167, 169, 170, 171, 172, 175, 176, 177, 178, 180, 181, 184, 185, 295, 296, 306, 308, 309, 310, 311, 312, 314, 322, 323, 325, 328, 329, 332, 333, 335, 338, 339, 340, 342, 343, 344, 345, 347, 348, 351], "summary": {"covered_lines": 95, "num_statements": 162, "percent_covered": 58.641975308641975, "percent_covered_display": "59", "missing_lines": 67, "excluded_lines": 0}, "missing_lines": [64, 65, 68, 70, 72, 79, 101, 102, 126, 127, 128, 129, 134, 135, 136, 160, 161, 162, 163, 164, 165, 210, 212, 213, 216, 217, 218, 222, 223, 224, 225, 227, 228, 229, 230, 233, 234, 237, 238, 239, 242, 244, 245, 248, 251, 252, 256, 259, 260, 261, 262, 263, 264, 265, 266, 267, 270, 272, 273, 276, 277, 288, 289, 290, 291, 292, 352], "excluded_lines": []}}}, "src/catsyphon/config.py": {"executed_lines": [1, 8, 11, 12, 14, 22, 23, 24, 25, 26, 28, 29, 31, 37, 38, 39, 42, 43, 44, 45, 48, 49, 50, 53, 56, 57, 58, 59, 62, 63, 64, 65, 68, 69, 73], "summary": {"covered_lines": 33, "num_statements": 33, "percent_covered": 100.0, "percent_covered_display": "100", "missing_lines": 0, "excluded_lines": 0}, "missing_lines": [], "excluded_lines": [], "functions": {"Settings.database_url": {"executed_lines": [31], "summary": {"covered_lines": 1, "num_statements": 1, "percent_covered": 100.0, "percent_covered_display": "100", "missing_lines": 0, "excluded_lines": 0}, "missing_lines": [], "excluded_lines": []}, "": {"executed_lines": [1, 8, 11, 12, 14, 22, 23, 24, 25, 26, 28, 29, 37, 38, 39, 42, 43, 44, 45, 48, 49, 50, 53, 56, 57, 58, 59, 62, 63, 64, 65, 68, 69, 73], "summary": {"covered_lines": 32, "num_statements": 32, "percent_covered": 100.0, "percent_covered_display": "100", "missing_lines": 0, "excluded_lines": 0}, "missing_lines": [], "excluded_lines": []}}, "classes": {"Settings": {"executed_lines": [31], "summary": {"covered_lines": 1, "num_statements": 1, "percent_covered": 100.0, "percent_covered_display": "100", "missing_lines": 0, "excluded_lines": 0}, "missing_lines": [], "excluded_lines": []}, "": {"executed_lines": [1, 8, 11, 12, 14, 22, 23, 24, 25, 26, 28, 29, 37, 38, 39, 42, 43, 44, 45, 48, 49, 50, 53, 56, 57, 58, 59, 62, 63, 64, 65, 68, 69, 73], "summary": {"covered_lines": 32, "num_statements": 32, "percent_covered": 100.0, "percent_covered_display": "100", "missing_lines": 0, "excluded_lines": 0}, "missing_lines": [], "excluded_lines": []}}}, "src/catsyphon/db/__init__.py": {"executed_lines": [0], "summary": {"covered_lines": 0, "num_statements": 0, "percent_covered": 100.0, "percent_covered_display": "100", "missing_lines": 0, "excluded_lines": 0}, "missing_lines": [], "excluded_lines": [], "functions": {"": {"executed_lines": [], "summary": {"covered_lines": 0, "num_statements": 0, "percent_covered": 100.0, "percent_covered_display": "100", "missing_lines": 0, "excluded_lines": 0}, "missing_lines": [], "excluded_lines": []}}, "classes": {"": {"executed_lines": [], "summary": {"covered_lines": 0, "num_statements": 0, "percent_covered": 100.0, "percent_covered_display": "100", "missing_lines": 0, "excluded_lines": 0}, "missing_lines": [], "excluded_lines": []}}}, "src/catsyphon/db/connection.py": {"executed_lines": [1, 7, 8, 10, 11, 13, 16, 25, 32, 49, 52, 64, 65, 66, 67, 68, 69, 70, 72, 75, 76, 88, 89, 90, 91, 96, 99, 100, 114, 115, 116, 117, 118, 119, 120, 122, 125, 135, 137, 140, 153, 154, 155, 156, 157, 158, 159], "summary": {"covered_lines": 46, "num_statements": 49, "percent_covered": 93.87755102040816, "percent_covered_display": "94", "missing_lines": 3, "excluded_lines": 0}, "missing_lines": [92, 93, 94], "excluded_lines": [], "functions": {"get_session": {"executed_lines": [49], "summary": {"covered_lines": 1, "num_statements": 1, "percent_covered": 100.0, "percent_covered_display": "100", "missing_lines": 0, "excluded_lines": 0}, "missing_lines": [], "excluded_lines": []}, "get_db": {"executed_lines": [64, 65, 66, 67, 68, 69, 70, 72], "summary": {"covered_lines": 8, "num_statements": 8, "percent_covered": 100.0, "percent_covered_display": "100", "missing_lines": 0, "excluded_lines": 0}, "missing_lines": [], "excluded_lines": []}, "db_session": {"executed_lines": [88, 89, 90, 91, 96], "summary": {"covered_lines": 5, "num_statements": 8, "percent_covered": 62.5, "percent_covered_display": "62", "missing_lines": 3, "excluded_lines": 0}, "missing_lines": [92, 93, 94], "excluded_lines": []}, "transaction": {"executed_lines": [114, 115, 116, 117, 118, 119, 120, 122], "summary": {"covered_lines": 8, "num_statements": 8, "percent_covered": 100.0, "percent_covered_display": "100", "missing_lines": 0, "excluded_lines": 0}, "missing_lines": [], "excluded_lines": []}, "init_db": {"executed_lines": [135, 137], "summary": {"covered_lines": 2, "num_statements": 2, "percent_covered": 100.0, "percent_covered_display": "100", "missing_lines": 0, "excluded_lines": 0}, "missing_lines": [], "excluded_lines": []}, "check_connection": {"executed_lines": [153, 154, 155, 156, 157, 158, 159], "summary": {"covered_lines": 7, "num_statements": 7, "percent_covered": 100.0, "percent_covered_display": "100", "missing_lines": 0, "excluded_lines": 0}, "missing_lines": [], "excluded_lines": []}, "": {"executed_lines": [1, 7, 8, 10, 11, 13, 16, 25, 32, 52, 75, 76, 99, 100, 125, 140], "summary": {"covered_lines": 15, "num_statements": 15, "percent_covered": 100.0, "percent_covered_display": "100", "missing_lines": 0, "excluded_lines": 0}, "missing_lines": [], "excluded_lines": []}}, "classes": {"": {"executed_lines": [1, 7, 8, 10, 11, 13, 16, 25, 32, 49, 52, 64, 65, 66, 67, 68, 69, 70, 72, 75, 76, 88, 89, 90, 91, 96, 99, 100, 114, 115, 116, 117, 118, 119, 120, 122, 125, 135, 137, 140, 153, 154, 155, 156, 157, 158, 159], "summary": {"covered_lines": 46, "num_statements": 49, "percent_covered": 93.87755102040816, "percent_covered_display": "94", "missing_lines": 3, "excluded_lines": 0}, "missing_lines": [92, 93, 94], "excluded_lines": []}}}, "src/catsyphon/db/migrations/__init__.py": {"executed_lines": [], "summary": {"covered_lines": 0, "num_statements": 0, "percent_covered": 100.0, "percent_covered_display": "100", "missing_lines": 0, "excluded_lines": 0}, "missing_lines": [], "excluded_lines": [], "functions": {"": {"executed_lines": [], "summary": {"covered_lines": 0, "num_statements": 0, "percent_covered": 100.0, "percent_covered_display": "100", "missing_lines": 0, "excluded_lines": 0}, "missing_lines": [], "excluded_lines": []}}, "classes": {"": {"executed_lines": [], "summary": {"covered_lines": 0, "num_statements": 0, "percent_covered": 100.0, "percent_covered_display": "100", "missing_lines": 0, "excluded_lines": 0}, "missing_lines": [], "excluded_lines": []}}}, "src/catsyphon/db/migrations/env.py": {"executed_lines": [], "summary": {"covered_lines": 0, "num_statements": 24, "percent_covered": 0.0, "percent_covered_display": "0", "missing_lines": 24, "excluded_lines": 0}, "missing_lines": [7, 9, 10, 13, 16, 20, 23, 27, 28, 32, 35, 46, 47, 56, 57, 60, 66, 72, 73, 80, 81, 84, 85, 87], "excluded_lines": [], "functions": {"run_migrations_offline": {"executed_lines": [], "summary": {"covered_lines": 0, "num_statements": 4, "percent_covered": 0.0, "percent_covered_display": "0", "missing_lines": 4, "excluded_lines": 0}, "missing_lines": [46, 47, 56, 57], "excluded_lines": []}, "run_migrations_online": {"executed_lines": [], "summary": {"covered_lines": 0, "num_statements": 5, "percent_covered": 0.0, "percent_covered_display": "0", "missing_lines": 5, "excluded_lines": 0}, "missing_lines": [66, 72, 73, 80, 81], "excluded_lines": []}, "": {"executed_lines": [], "summary": {"covered_lines": 0, "num_statements": 15, "percent_covered": 0.0, "percent_covered_display": "0", "missing_lines": 15, "excluded_lines": 0}, "missing_lines": [7, 9, 10, 13, 16, 20, 23, 27, 28, 32, 35, 60, 84, 85, 87], "excluded_lines": []}}, "classes": {"": {"executed_lines": [], "summary": {"covered_lines": 0, "num_statements": 24, "percent_covered": 0.0, "percent_covered_display": "0", "missing_lines": 24, "excluded_lines": 0}, "missing_lines": [7, 9, 10, 13, 16, 20, 23, 27, 28, 32, 35, 46, 47, 56, 57, 60, 66, 72, 73, 80, 81, 84, 85, 87], "excluded_lines": []}}}, "src/catsyphon/db/repositories/__init__.py": {"executed_lines": [1, 7, 8, 9, 10, 11, 12, 13, 15], "summary": {"covered_lines": 8, "num_statements": 8, "percent_covered": 100.0, "percent_covered_display": "100", "missing_lines": 0, "excluded_lines": 0}, "missing_lines": [], "excluded_lines": [], "functions": {"": {"executed_lines": [1, 7, 8, 9, 10, 11, 12, 13, 15], "summary": {"covered_lines": 8, "num_statements": 8, "percent_covered": 100.0, "percent_covered_display": "100", "missing_lines": 0, "excluded_lines": 0}, "missing_lines": [], "excluded_lines": []}}, "classes": {"": {"executed_lines": [1, 7, 8, 9, 10, 11, 12, 13, 15], "summary": {"covered_lines": 8, "num_statements": 8, "percent_covered": 100.0, "percent_covered_display": "100", "missing_lines": 0, "excluded_lines": 0}, "missing_lines": [], "excluded_lines": []}}}, "src/catsyphon/db/repositories/base.py": {"executed_lines": [1, 5, 6, 8, 10, 12, 15, 16, 18, 26, 27, 29, 39, 40, 41, 42, 43, 45, 55, 57, 68, 69, 70, 71, 73, 84, 85, 86, 87, 88, 89, 90, 92, 102, 103, 104, 105, 106, 109, 116], "summary": {"covered_lines": 38, "num_statements": 39, "percent_covered": 97.43589743589743, "percent_covered_display": "97", "missing_lines": 1, "excluded_lines": 0}, "missing_lines": [107], "excluded_lines": [], "functions": {"BaseRepository.__init__": {"executed_lines": [26, 27], "summary": {"covered_lines": 2, "num_statements": 2, "percent_covered": 100.0, "percent_covered_display": "100", "missing_lines": 0, "excluded_lines": 0}, "missing_lines": [], "excluded_lines": []}, "BaseRepository.create": {"executed_lines": [39, 40, 41, 42, 43], "summary": {"covered_lines": 5, "num_statements": 5, "percent_covered": 100.0, "percent_covered_display": "100", "missing_lines": 0, "excluded_lines": 0}, "missing_lines": [], "excluded_lines": []}, "BaseRepository.get": {"executed_lines": [55], "summary": {"covered_lines": 1, "num_statements": 1, "percent_covered": 100.0, "percent_covered_display": "100", "missing_lines": 0, "excluded_lines": 0}, "missing_lines": [], "excluded_lines": []}, "BaseRepository.get_all": {"executed_lines": [68, 69, 70, 71], "summary": {"covered_lines": 4, "num_statements": 4, "percent_covered": 100.0, "percent_covered_display": "100", "missing_lines": 0, "excluded_lines": 0}, "missing_lines": [], "excluded_lines": []}, "BaseRepository.update": {"executed_lines": [84, 85, 86, 87, 88, 89, 90], "summary": {"covered_lines": 7, "num_statements": 7, "percent_covered": 100.0, "percent_covered_display": "100", "missing_lines": 0, "excluded_lines": 0}, "missing_lines": [], "excluded_lines": []}, "BaseRepository.delete": {"executed_lines": [102, 103, 104, 105, 106], "summary": {"covered_lines": 5, "num_statements": 6, "percent_covered": 83.33333333333333, "percent_covered_display": "83", "missing_lines": 1, "excluded_lines": 0}, "missing_lines": [107], "excluded_lines": []}, "BaseRepository.count": {"executed_lines": [116], "summary": {"covered_lines": 1, "num_statements": 1, "percent_covered": 100.0, "percent_covered_display": "100", "missing_lines": 0, "excluded_lines": 0}, "missing_lines": [], "excluded_lines": []}, "": {"executed_lines": [1, 5, 6, 8, 10, 12, 15, 16, 18, 29, 45, 57, 73, 92, 109], "summary": {"covered_lines": 13, "num_statements": 13, "percent_covered": 100.0, "percent_covered_display": "100", "missing_lines": 0, "excluded_lines": 0}, "missing_lines": [], "excluded_lines": []}}, "classes": {"BaseRepository": {"executed_lines": [26, 27, 39, 40, 41, 42, 43, 55, 68, 69, 70, 71, 84, 85, 86, 87, 88, 89, 90, 102, 103, 104, 105, 106, 116], "summary": {"covered_lines": 25, "num_statements": 26, "percent_covered": 96.15384615384616, "percent_covered_display": "96", "missing_lines": 1, "excluded_lines": 0}, "missing_lines": [107], "excluded_lines": []}, "": {"executed_lines": [1, 5, 6, 8, 10, 12, 15, 16, 18, 29, 45, 57, 73, 92, 109], "summary": {"covered_lines": 13, "num_statements": 13, "percent_covered": 100.0, "percent_covered_display": "100", "missing_lines": 0, "excluded_lines": 0}, "missing_lines": [], "excluded_lines": []}}}, "src/catsyphon/db/repositories/conversation.py": {"executed_lines": [1, 5, 6, 7, 9, 10, 12, 13, 16, 17, 19, 20, 22, 32, 44, 61, 67, 68, 69, 71, 88, 94, 96, 98, 115, 121, 123, 125, 144, 153, 155, 157, 167, 173, 183, 190, 257, 282, 285, 286, 287, 288, 289, 290, 291, 292, 293, 294, 295, 296, 297, 298, 300, 302, 339, 341, 362, 363, 364, 365, 366, 367, 368, 369, 370, 371, 372, 373, 374, 375, 378, 379, 384, 385, 386, 387, 389], "summary": {"covered_lines": 75, "num_statements": 99, "percent_covered": 75.75757575757575, "percent_covered_display": "76", "missing_lines": 24, "excluded_lines": 0}, "missing_lines": [95, 122, 154, 221, 224, 225, 226, 227, 228, 229, 230, 231, 232, 233, 234, 235, 236, 237, 240, 241, 251, 252, 253, 255], "excluded_lines": [], "functions": {"ConversationRepository.__init__": {"executed_lines": [20], "summary": {"covered_lines": 1, "num_statements": 1, "percent_covered": 100.0, "percent_covered_display": "100", "missing_lines": 0, "excluded_lines": 0}, "missing_lines": [], "excluded_lines": []}, "ConversationRepository.get_with_relations": {"executed_lines": [32], "summary": {"covered_lines": 1, "num_statements": 1, "percent_covered": 100.0, "percent_covered_display": "100", "missing_lines": 0, "excluded_lines": 0}, "missing_lines": [], "excluded_lines": []}, "ConversationRepository.get_by_project": {"executed_lines": [61, 67, 68, 69], "summary": {"covered_lines": 4, "num_statements": 4, "percent_covered": 100.0, "percent_covered_display": "100", "missing_lines": 0, "excluded_lines": 0}, "missing_lines": [], "excluded_lines": []}, "ConversationRepository.get_by_developer": {"executed_lines": [88, 94, 96], "summary": {"covered_lines": 3, "num_statements": 4, "percent_covered": 75.0, "percent_covered_display": "75", "missing_lines": 1, "excluded_lines": 0}, "missing_lines": [95], "excluded_lines": []}, "ConversationRepository.get_by_agent_type": {"executed_lines": [115, 121, 123], "summary": {"covered_lines": 3, "num_statements": 4, "percent_covered": 75.0, "percent_covered_display": "75", "missing_lines": 1, "excluded_lines": 0}, "missing_lines": [122], "excluded_lines": []}, "ConversationRepository.get_by_date_range": {"executed_lines": [144, 153, 155], "summary": {"covered_lines": 3, "num_statements": 4, "percent_covered": 75.0, "percent_covered_display": "75", "missing_lines": 1, "excluded_lines": 0}, "missing_lines": [154], "excluded_lines": []}, "ConversationRepository.count_by_status": {"executed_lines": [167], "summary": {"covered_lines": 1, "num_statements": 1, "percent_covered": 100.0, "percent_covered_display": "100", "missing_lines": 0, "excluded_lines": 0}, "missing_lines": [], "excluded_lines": []}, "ConversationRepository.get_recent": {"executed_lines": [183], "summary": {"covered_lines": 1, "num_statements": 1, "percent_covered": 100.0, "percent_covered_display": "100", "missing_lines": 0, "excluded_lines": 0}, "missing_lines": [], "excluded_lines": []}, "ConversationRepository.get_by_filters": {"executed_lines": [], "summary": {"covered_lines": 0, "num_statements": 21, "percent_covered": 0.0, "percent_covered_display": "0", "missing_lines": 21, "excluded_lines": 0}, "missing_lines": [221, 224, 225, 226, 227, 228, 229, 230, 231, 232, 233, 234, 235, 236, 237, 240, 241, 251, 252, 253, 255], "excluded_lines": []}, "ConversationRepository.count_by_filters": {"executed_lines": [282, 285, 286, 287, 288, 289, 290, 291, 292, 293, 294, 295, 296, 297, 298, 300], "summary": {"covered_lines": 16, "num_statements": 16, "percent_covered": 100.0, "percent_covered_display": "100", "missing_lines": 0, "excluded_lines": 0}, "missing_lines": [], "excluded_lines": []}, "ConversationRepository.get_with_counts": {"executed_lines": [339, 341, 362, 363, 364, 365, 366, 367, 368, 369, 370, 371, 372, 373, 374, 375, 378, 379, 384, 385, 386, 387, 389], "summary": {"covered_lines": 23, "num_statements": 23, "percent_covered": 100.0, "percent_covered_display": "100", "missing_lines": 0, "excluded_lines": 0}, "missing_lines": [], "excluded_lines": []}, "": {"executed_lines": [1, 5, 6, 7, 9, 10, 12, 13, 16, 17, 19, 22, 44, 71, 98, 125, 157, 173, 190, 257, 302], "summary": {"covered_lines": 19, "num_statements": 19, "percent_covered": 100.0, "percent_covered_display": "100", "missing_lines": 0, "excluded_lines": 0}, "missing_lines": [], "excluded_lines": []}}, "classes": {"ConversationRepository": {"executed_lines": [20, 32, 61, 67, 68, 69, 88, 94, 96, 115, 121, 123, 144, 153, 155, 167, 183, 282, 285, 286, 287, 288, 289, 290, 291, 292, 293, 294, 295, 296, 297, 298, 300, 339, 341, 362, 363, 364, 365, 366, 367, 368, 369, 370, 371, 372, 373, 374, 375, 378, 379, 384, 385, 386, 387, 389], "summary": {"covered_lines": 56, "num_statements": 80, "percent_covered": 70.0, "percent_covered_display": "70", "missing_lines": 24, "excluded_lines": 0}, "missing_lines": [95, 122, 154, 221, 224, 225, 226, 227, 228, 229, 230, 231, 232, 233, 234, 235, 236, 237, 240, 241, 251, 252, 253, 255], "excluded_lines": []}, "": {"executed_lines": [1, 5, 6, 7, 9, 10, 12, 13, 16, 17, 19, 22, 44, 71, 98, 125, 157, 173, 190, 257, 302], "summary": {"covered_lines": 19, "num_statements": 19, "percent_covered": 100.0, "percent_covered_display": "100", "missing_lines": 0, "excluded_lines": 0}, "missing_lines": [], "excluded_lines": []}}}, "src/catsyphon/db/repositories/developer.py": {"executed_lines": [1, 5, 7, 9, 10, 13, 14, 16, 17, 19, 29, 33, 43, 45, 56, 57, 58, 59, 61, 72], "summary": {"covered_lines": 18, "num_statements": 18, "percent_covered": 100.0, "percent_covered_display": "100", "missing_lines": 0, "excluded_lines": 0}, "missing_lines": [], "excluded_lines": [], "functions": {"DeveloperRepository.__init__": {"executed_lines": [17], "summary": {"covered_lines": 1, "num_statements": 1, "percent_covered": 100.0, "percent_covered_display": "100", "missing_lines": 0, "excluded_lines": 0}, "missing_lines": [], "excluded_lines": []}, "DeveloperRepository.get_by_username": {"executed_lines": [29], "summary": {"covered_lines": 1, "num_statements": 1, "percent_covered": 100.0, "percent_covered_display": "100", "missing_lines": 0, "excluded_lines": 0}, "missing_lines": [], "excluded_lines": []}, "DeveloperRepository.get_by_email": {"executed_lines": [43], "summary": {"covered_lines": 1, "num_statements": 1, "percent_covered": 100.0, "percent_covered_display": "100", "missing_lines": 0, "excluded_lines": 0}, "missing_lines": [], "excluded_lines": []}, "DeveloperRepository.get_or_create": {"executed_lines": [56, 57, 58, 59], "summary": {"covered_lines": 4, "num_statements": 4, "percent_covered": 100.0, "percent_covered_display": "100", "missing_lines": 0, "excluded_lines": 0}, "missing_lines": [], "excluded_lines": []}, "DeveloperRepository.get_or_create_by_username": {"executed_lines": [72], "summary": {"covered_lines": 1, "num_statements": 1, "percent_covered": 100.0, "percent_covered_display": "100", "missing_lines": 0, "excluded_lines": 0}, "missing_lines": [], "excluded_lines": []}, "": {"executed_lines": [1, 5, 7, 9, 10, 13, 14, 16, 19, 33, 45, 61], "summary": {"covered_lines": 10, "num_statements": 10, "percent_covered": 100.0, "percent_covered_display": "100", "missing_lines": 0, "excluded_lines": 0}, "missing_lines": [], "excluded_lines": []}}, "classes": {"DeveloperRepository": {"executed_lines": [17, 29, 43, 56, 57, 58, 59, 72], "summary": {"covered_lines": 8, "num_statements": 8, "percent_covered": 100.0, "percent_covered_display": "100", "missing_lines": 0, "excluded_lines": 0}, "missing_lines": [], "excluded_lines": []}, "": {"executed_lines": [1, 5, 7, 9, 10, 13, 14, 16, 19, 33, 45, 61], "summary": {"covered_lines": 10, "num_statements": 10, "percent_covered": 100.0, "percent_covered_display": "100", "missing_lines": 0, "excluded_lines": 0}, "missing_lines": [], "excluded_lines": []}}}, "src/catsyphon/db/repositories/epoch.py": {"executed_lines": [1, 5, 6, 7, 9, 11, 12, 15, 16, 18, 19, 21, 38, 44, 46, 48, 61, 70, 100, 101, 102, 104, 117, 127, 133], "summary": {"covered_lines": 23, "num_statements": 24, "percent_covered": 95.83333333333333, "percent_covered_display": "96", "missing_lines": 1, "excluded_lines": 0}, "missing_lines": [45], "excluded_lines": [], "functions": {"EpochRepository.__init__": {"executed_lines": [19], "summary": {"covered_lines": 1, "num_statements": 1, "percent_covered": 100.0, "percent_covered_display": "100", "missing_lines": 0, "excluded_lines": 0}, "missing_lines": [], "excluded_lines": []}, "EpochRepository.get_by_conversation": {"executed_lines": [38, 44, 46], "summary": {"covered_lines": 3, "num_statements": 4, "percent_covered": 75.0, "percent_covered_display": "75", "missing_lines": 1, "excluded_lines": 0}, "missing_lines": [45], "excluded_lines": []}, "EpochRepository.get_by_sequence": {"executed_lines": [61], "summary": {"covered_lines": 1, "num_statements": 1, "percent_covered": 100.0, "percent_covered_display": "100", "missing_lines": 0, "excluded_lines": 0}, "missing_lines": [], "excluded_lines": []}, "EpochRepository.create_epoch": {"executed_lines": [100, 101, 102, 104], "summary": {"covered_lines": 4, "num_statements": 4, "percent_covered": 100.0, "percent_covered_display": "100", "missing_lines": 0, "excluded_lines": 0}, "missing_lines": [], "excluded_lines": []}, "EpochRepository.get_next_sequence": {"executed_lines": [127, 133], "summary": {"covered_lines": 2, "num_statements": 2, "percent_covered": 100.0, "percent_covered_display": "100", "missing_lines": 0, "excluded_lines": 0}, "missing_lines": [], "excluded_lines": []}, "": {"executed_lines": [1, 5, 6, 7, 9, 11, 12, 15, 16, 18, 21, 48, 70, 117], "summary": {"covered_lines": 12, "num_statements": 12, "percent_covered": 100.0, "percent_covered_display": "100", "missing_lines": 0, "excluded_lines": 0}, "missing_lines": [], "excluded_lines": []}}, "classes": {"EpochRepository": {"executed_lines": [19, 38, 44, 46, 61, 100, 101, 102, 104, 127, 133], "summary": {"covered_lines": 11, "num_statements": 12, "percent_covered": 91.66666666666667, "percent_covered_display": "92", "missing_lines": 1, "excluded_lines": 0}, "missing_lines": [45], "excluded_lines": []}, "": {"executed_lines": [1, 5, 6, 7, 9, 11, 12, 15, 16, 18, 21, 48, 70, 117], "summary": {"covered_lines": 12, "num_statements": 12, "percent_covered": 100.0, "percent_covered_display": "100", "missing_lines": 0, "excluded_lines": 0}, "missing_lines": [], "excluded_lines": []}}}, "src/catsyphon/db/repositories/message.py": {"executed_lines": [1, 5, 6, 7, 9, 11, 12, 15, 16, 18, 19, 21, 38, 44, 45, 46, 48, 65, 71, 73, 75, 94, 103, 105, 107, 140, 154, 179, 182, 183, 185], "summary": {"covered_lines": 29, "num_statements": 31, "percent_covered": 93.54838709677419, "percent_covered_display": "94", "missing_lines": 2, "excluded_lines": 1}, "missing_lines": [72, 104], "excluded_lines": [155], "functions": {"MessageRepository.__init__": {"executed_lines": [19], "summary": {"covered_lines": 1, "num_statements": 1, "percent_covered": 100.0, "percent_covered_display": "100", "missing_lines": 0, "excluded_lines": 0}, "missing_lines": [], "excluded_lines": []}, "MessageRepository.get_by_conversation": {"executed_lines": [38, 44, 45, 46], "summary": {"covered_lines": 4, "num_statements": 4, "percent_covered": 100.0, "percent_covered_display": "100", "missing_lines": 0, "excluded_lines": 0}, "missing_lines": [], "excluded_lines": []}, "MessageRepository.get_by_epoch": {"executed_lines": [65, 71, 73], "summary": {"covered_lines": 3, "num_statements": 4, "percent_covered": 75.0, "percent_covered_display": "75", "missing_lines": 1, "excluded_lines": 0}, "missing_lines": [72], "excluded_lines": []}, "MessageRepository.get_by_role": {"executed_lines": [94, 103, 105], "summary": {"covered_lines": 3, "num_statements": 4, "percent_covered": 75.0, "percent_covered_display": "75", "missing_lines": 1, "excluded_lines": 0}, "missing_lines": [104], "excluded_lines": []}, "MessageRepository.create_message": {"executed_lines": [140], "summary": {"covered_lines": 1, "num_statements": 1, "percent_covered": 100.0, "percent_covered_display": "100", "missing_lines": 0, "excluded_lines": 0}, "missing_lines": [], "excluded_lines": []}, "MessageRepository.bulk_create": {"executed_lines": [179, 182, 183, 185], "summary": {"covered_lines": 4, "num_statements": 4, "percent_covered": 100.0, "percent_covered_display": "100", "missing_lines": 0, "excluded_lines": 1}, "missing_lines": [], "excluded_lines": [155]}, "": {"executed_lines": [1, 5, 6, 7, 9, 11, 12, 15, 16, 18, 21, 48, 75, 107, 154], "summary": {"covered_lines": 13, "num_statements": 13, "percent_covered": 100.0, "percent_covered_display": "100", "missing_lines": 0, "excluded_lines": 0}, "missing_lines": [], "excluded_lines": []}}, "classes": {"MessageRepository": {"executed_lines": [19, 38, 44, 45, 46, 65, 71, 73, 94, 103, 105, 140, 179, 182, 183, 185], "summary": {"covered_lines": 16, "num_statements": 18, "percent_covered": 88.88888888888889, "percent_covered_display": "89", "missing_lines": 2, "excluded_lines": 1}, "missing_lines": [72, 104], "excluded_lines": [155]}, "": {"executed_lines": [1, 5, 6, 7, 9, 11, 12, 15, 16, 18, 21, 48, 75, 107, 154], "summary": {"covered_lines": 13, "num_statements": 13, "percent_covered": 100.0, "percent_covered_display": "100", "missing_lines": 0, "excluded_lines": 0}, "missing_lines": [], "excluded_lines": []}}}, "src/catsyphon/db/repositories/project.py": {"executed_lines": [1, 5, 7, 9, 10, 13, 14, 16, 17, 19, 29, 31, 41, 45, 56, 57, 58, 59], "summary": {"covered_lines": 16, "num_statements": 16, "percent_covered": 100.0, "percent_covered_display": "100", "missing_lines": 0, "excluded_lines": 0}, "missing_lines": [], "excluded_lines": [], "functions": {"ProjectRepository.__init__": {"executed_lines": [17], "summary": {"covered_lines": 1, "num_statements": 1, "percent_covered": 100.0, "percent_covered_display": "100", "missing_lines": 0, "excluded_lines": 0}, "missing_lines": [], "excluded_lines": []}, "ProjectRepository.get_by_name": {"executed_lines": [29], "summary": {"covered_lines": 1, "num_statements": 1, "percent_covered": 100.0, "percent_covered_display": "100", "missing_lines": 0, "excluded_lines": 0}, "missing_lines": [], "excluded_lines": []}, "ProjectRepository.search_by_name": {"executed_lines": [41], "summary": {"covered_lines": 1, "num_statements": 1, "percent_covered": 100.0, "percent_covered_display": "100", "missing_lines": 0, "excluded_lines": 0}, "missing_lines": [], "excluded_lines": []}, "ProjectRepository.get_or_create_by_name": {"executed_lines": [56, 57, 58, 59], "summary": {"covered_lines": 4, "num_statements": 4, "percent_covered": 100.0, "percent_covered_display": "100", "missing_lines": 0, "excluded_lines": 0}, "missing_lines": [], "excluded_lines": []}, "": {"executed_lines": [1, 5, 7, 9, 10, 13, 14, 16, 19, 31, 45], "summary": {"covered_lines": 9, "num_statements": 9, "percent_covered": 100.0, "percent_covered_display": "100", "missing_lines": 0, "excluded_lines": 0}, "missing_lines": [], "excluded_lines": []}}, "classes": {"ProjectRepository": {"executed_lines": [17, 29, 41, 56, 57, 58, 59], "summary": {"covered_lines": 7, "num_statements": 7, "percent_covered": 100.0, "percent_covered_display": "100", "missing_lines": 0, "excluded_lines": 0}, "missing_lines": [], "excluded_lines": []}, "": {"executed_lines": [1, 5, 7, 9, 10, 13, 14, 16, 19, 31, 45], "summary": {"covered_lines": 9, "num_statements": 9, "percent_covered": 100.0, "percent_covered_display": "100", "missing_lines": 0, "excluded_lines": 0}, "missing_lines": [], "excluded_lines": []}}}, "src/catsyphon/db/repositories/raw_log.py": {"executed_lines": [1, 5, 6, 7, 9, 11, 12, 13, 16, 17, 19, 20, 22, 32, 39, 56, 62, 64, 66, 76, 78, 88, 93, 115, 118, 120, 130, 154, 156], "summary": {"covered_lines": 27, "num_statements": 28, "percent_covered": 96.42857142857143, "percent_covered_display": "96", "missing_lines": 1, "excluded_lines": 0}, "missing_lines": [63], "excluded_lines": [], "functions": {"RawLogRepository.__init__": {"executed_lines": [20], "summary": {"covered_lines": 1, "num_statements": 1, "percent_covered": 100.0, "percent_covered_display": "100", "missing_lines": 0, "excluded_lines": 0}, "missing_lines": [], "excluded_lines": []}, "RawLogRepository.get_by_conversation": {"executed_lines": [32], "summary": {"covered_lines": 1, "num_statements": 1, "percent_covered": 100.0, "percent_covered_display": "100", "missing_lines": 0, "excluded_lines": 0}, "missing_lines": [], "excluded_lines": []}, "RawLogRepository.get_by_agent_type": {"executed_lines": [56, 62, 64], "summary": {"covered_lines": 3, "num_statements": 4, "percent_covered": 75.0, "percent_covered_display": "75", "missing_lines": 1, "excluded_lines": 0}, "missing_lines": [63], "excluded_lines": []}, "RawLogRepository.get_by_file_hash": {"executed_lines": [76], "summary": {"covered_lines": 1, "num_statements": 1, "percent_covered": 100.0, "percent_covered_display": "100", "missing_lines": 0, "excluded_lines": 0}, "missing_lines": [], "excluded_lines": []}, "RawLogRepository.exists_by_file_hash": {"executed_lines": [88], "summary": {"covered_lines": 1, "num_statements": 1, "percent_covered": 100.0, "percent_covered_display": "100", "missing_lines": 0, "excluded_lines": 0}, "missing_lines": [], "excluded_lines": []}, "RawLogRepository.create_from_file": {"executed_lines": [115, 118, 120], "summary": {"covered_lines": 3, "num_statements": 3, "percent_covered": 100.0, "percent_covered_display": "100", "missing_lines": 0, "excluded_lines": 0}, "missing_lines": [], "excluded_lines": []}, "RawLogRepository.create_from_content": {"executed_lines": [154, 156], "summary": {"covered_lines": 2, "num_statements": 2, "percent_covered": 100.0, "percent_covered_display": "100", "missing_lines": 0, "excluded_lines": 0}, "missing_lines": [], "excluded_lines": []}, "": {"executed_lines": [1, 5, 6, 7, 9, 11, 12, 13, 16, 17, 19, 22, 39, 66, 78, 93, 130], "summary": {"covered_lines": 15, "num_statements": 15, "percent_covered": 100.0, "percent_covered_display": "100", "missing_lines": 0, "excluded_lines": 0}, "missing_lines": [], "excluded_lines": []}}, "classes": {"RawLogRepository": {"executed_lines": [20, 32, 56, 62, 64, 76, 88, 115, 118, 120, 154, 156], "summary": {"covered_lines": 12, "num_statements": 13, "percent_covered": 92.3076923076923, "percent_covered_display": "92", "missing_lines": 1, "excluded_lines": 0}, "missing_lines": [63], "excluded_lines": []}, "": {"executed_lines": [1, 5, 6, 7, 9, 11, 12, 13, 16, 17, 19, 22, 39, 66, 78, 93, 130], "summary": {"covered_lines": 15, "num_statements": 15, "percent_covered": 100.0, "percent_covered_display": "100", "missing_lines": 0, "excluded_lines": 0}, "missing_lines": [], "excluded_lines": []}}}, "src/catsyphon/exceptions.py": {"executed_lines": [1, 4, 5, 7, 8, 9, 10, 11, 12, 13], "summary": {"covered_lines": 8, "num_statements": 8, "percent_covered": 100.0, "percent_covered_display": "100", "missing_lines": 0, "excluded_lines": 0}, "missing_lines": [], "excluded_lines": [], "functions": {"DuplicateFileError.__init__": {"executed_lines": [8, 9, 10, 11, 12, 13], "summary": {"covered_lines": 6, "num_statements": 6, "percent_covered": 100.0, "percent_covered_display": "100", "missing_lines": 0, "excluded_lines": 0}, "missing_lines": [], "excluded_lines": []}, "": {"executed_lines": [1, 4, 5, 7], "summary": {"covered_lines": 2, "num_statements": 2, "percent_covered": 100.0, "percent_covered_display": "100", "missing_lines": 0, "excluded_lines": 0}, "missing_lines": [], "excluded_lines": []}}, "classes": {"DuplicateFileError": {"executed_lines": [8, 9, 10, 11, 12, 13], "summary": {"covered_lines": 6, "num_statements": 6, "percent_covered": 100.0, "percent_covered_display": "100", "missing_lines": 0, "excluded_lines": 0}, "missing_lines": [], "excluded_lines": []}, "": {"executed_lines": [1, 4, 5, 7], "summary": {"covered_lines": 2, "num_statements": 2, "percent_covered": 100.0, "percent_covered_display": "100", "missing_lines": 0, "excluded_lines": 0}, "missing_lines": [], "excluded_lines": []}}}, "src/catsyphon/main.py": {"executed_lines": [1, 4, 6, 9, 11, 14], "summary": {"covered_lines": 5, "num_statements": 6, "percent_covered": 83.33333333333333, "percent_covered_display": "83", "missing_lines": 1, "excluded_lines": 0}, "missing_lines": [15], "excluded_lines": [], "functions": {"hello": {"executed_lines": [6], "summary": {"covered_lines": 1, "num_statements": 1, "percent_covered": 100.0, "percent_covered_display": "100", "missing_lines": 0, "excluded_lines": 0}, "missing_lines": [], "excluded_lines": []}, "main": {"executed_lines": [11], "summary": {"covered_lines": 1, "num_statements": 1, "percent_covered": 100.0, "percent_covered_display": "100", "missing_lines": 0, "excluded_lines": 0}, "missing_lines": [], "excluded_lines": []}, "": {"executed_lines": [1, 4, 9, 14], "summary": {"covered_lines": 3, "num_statements": 4, "percent_covered": 75.0, "percent_covered_display": "75", "missing_lines": 1, "excluded_lines": 0}, "missing_lines": [15], "excluded_lines": []}}, "classes": {"": {"executed_lines": [1, 4, 6, 9, 11, 14], "summary": {"covered_lines": 5, "num_statements": 6, "percent_covered": 83.33333333333333, "percent_covered_display": "83", "missing_lines": 1, "excluded_lines": 0}, "missing_lines": [15], "excluded_lines": []}}}, "src/catsyphon/models/__init__.py": {"executed_lines": [0], "summary": {"covered_lines": 0, "num_statements": 0, "percent_covered": 100.0, "percent_covered_display": "100", "missing_lines": 0, "excluded_lines": 0}, "missing_lines": [], "excluded_lines": [], "functions": {"": {"executed_lines": [], "summary": {"covered_lines": 0, "num_statements": 0, "percent_covered": 100.0, "percent_covered_display": "100", "missing_lines": 0, "excluded_lines": 0}, "missing_lines": [], "excluded_lines": []}}, "classes": {"": {"executed_lines": [], "summary": {"covered_lines": 0, "num_statements": 0, "percent_covered": 100.0, "percent_covered_display": "100", "missing_lines": 0, "excluded_lines": 0}, "missing_lines": [], "excluded_lines": []}}}, "src/catsyphon/models/db.py": {"executed_lines": [1, 8, 9, 10, 12, 21, 22, 23, 26, 27, 29, 32, 33, 35, 37, 40, 41, 42, 45, 53, 57, 58, 61, 62, 64, 66, 69, 70, 71, 74, 79, 83, 84, 87, 88, 90, 92, 95, 98, 101, 104, 105, 108, 111, 114, 115, 120, 121, 125, 128, 136, 137, 140, 143, 146, 149, 152, 156, 157, 164, 165, 167, 169, 172, 177, 182, 185, 190, 193, 198, 201, 204, 207, 211, 216, 217, 220, 224, 225, 232, 233, 235, 237, 240, 245, 251, 254, 255, 256, 259, 260, 265, 270, 272, 276, 281, 282, 284, 285, 290, 291, 293, 295, 298, 303, 308, 314, 315, 318, 321, 324, 328, 329, 333, 338, 339, 341, 342, 349, 350, 352, 354, 357, 363, 366, 367, 371, 375, 380, 384, 385, 392, 393, 395, 397, 400, 406, 407, 410, 411, 412, 416, 419, 423, 428, 430, 431], "summary": {"covered_lines": 137, "num_statements": 137, "percent_covered": 100.0, "percent_covered_display": "100", "missing_lines": 0, "excluded_lines": 0}, "missing_lines": [], "excluded_lines": [], "functions": {"Project.__repr__": {"executed_lines": [58], "summary": {"covered_lines": 1, "num_statements": 1, "percent_covered": 100.0, "percent_covered_display": "100", "missing_lines": 0, "excluded_lines": 0}, "missing_lines": [], "excluded_lines": []}, "Developer.__repr__": {"executed_lines": [84], "summary": {"covered_lines": 1, "num_statements": 1, "percent_covered": 100.0, "percent_covered_display": "100", "missing_lines": 0, "excluded_lines": 0}, "missing_lines": [], "excluded_lines": []}, "Conversation.__repr__": {"executed_lines": [157], "summary": {"covered_lines": 1, "num_statements": 1, "percent_covered": 100.0, "percent_covered_display": "100", "missing_lines": 0, "excluded_lines": 0}, "missing_lines": [], "excluded_lines": []}, "Epoch.__repr__": {"executed_lines": [225], "summary": {"covered_lines": 1, "num_statements": 1, "percent_covered": 100.0, "percent_covered_display": "100", "missing_lines": 0, "excluded_lines": 0}, "missing_lines": [], "excluded_lines": []}, "Message.__repr__": {"executed_lines": [285], "summary": {"covered_lines": 1, "num_statements": 1, "percent_covered": 100.0, "percent_covered_display": "100", "missing_lines": 0, "excluded_lines": 0}, "missing_lines": [], "excluded_lines": []}, "FileTouched.__repr__": {"executed_lines": [342], "summary": {"covered_lines": 1, "num_statements": 1, "percent_covered": 100.0, "percent_covered_display": "100", "missing_lines": 0, "excluded_lines": 0}, "missing_lines": [], "excluded_lines": []}, "ConversationTag.__repr__": {"executed_lines": [385], "summary": {"covered_lines": 1, "num_statements": 1, "percent_covered": 100.0, "percent_covered_display": "100", "missing_lines": 0, "excluded_lines": 0}, "missing_lines": [], "excluded_lines": []}, "RawLog.__repr__": {"executed_lines": [431], "summary": {"covered_lines": 1, "num_statements": 1, "percent_covered": 100.0, "percent_covered_display": "100", "missing_lines": 0, "excluded_lines": 0}, "missing_lines": [], "excluded_lines": []}, "": {"executed_lines": [1, 8, 9, 10, 12, 21, 22, 23, 26, 27, 29, 32, 33, 35, 37, 40, 41, 42, 45, 53, 57, 61, 62, 64, 66, 69, 70, 71, 74, 79, 83, 87, 88, 90, 92, 95, 98, 101, 104, 105, 108, 111, 114, 115, 120, 121, 125, 128, 136, 137, 140, 143, 146, 149, 152, 156, 164, 165, 167, 169, 172, 177, 182, 185, 190, 193, 198, 201, 204, 207, 211, 216, 217, 220, 224, 232, 233, 235, 237, 240, 245, 251, 254, 255, 256, 259, 260, 265, 270, 272, 276, 281, 282, 284, 290, 291, 293, 295, 298, 303, 308, 314, 315, 318, 321, 324, 328, 329, 333, 338, 339, 341, 349, 350, 352, 354, 357, 363, 366, 367, 371, 375, 380, 384, 392, 393, 395, 397, 400, 406, 407, 410, 411, 412, 416, 419, 423, 428, 430], "summary": {"covered_lines": 129, "num_statements": 129, "percent_covered": 100.0, "percent_covered_display": "100", "missing_lines": 0, "excluded_lines": 0}, "missing_lines": [], "excluded_lines": []}}, "classes": {"Base": {"executed_lines": [], "summary": {"covered_lines": 0, "num_statements": 0, "percent_covered": 100.0, "percent_covered_display": "100", "missing_lines": 0, "excluded_lines": 0}, "missing_lines": [], "excluded_lines": []}, "Project": {"executed_lines": [58], "summary": {"covered_lines": 1, "num_statements": 1, "percent_covered": 100.0, "percent_covered_display": "100", "missing_lines": 0, "excluded_lines": 0}, "missing_lines": [], "excluded_lines": []}, "Developer": {"executed_lines": [84], "summary": {"covered_lines": 1, "num_statements": 1, "percent_covered": 100.0, "percent_covered_display": "100", "missing_lines": 0, "excluded_lines": 0}, "missing_lines": [], "excluded_lines": []}, "Conversation": {"executed_lines": [157], "summary": {"covered_lines": 1, "num_statements": 1, "percent_covered": 100.0, "percent_covered_display": "100", "missing_lines": 0, "excluded_lines": 0}, "missing_lines": [], "excluded_lines": []}, "Epoch": {"executed_lines": [225], "summary": {"covered_lines": 1, "num_statements": 1, "percent_covered": 100.0, "percent_covered_display": "100", "missing_lines": 0, "excluded_lines": 0}, "missing_lines": [], "excluded_lines": []}, "Message": {"executed_lines": [285], "summary": {"covered_lines": 1, "num_statements": 1, "percent_covered": 100.0, "percent_covered_display": "100", "missing_lines": 0, "excluded_lines": 0}, "missing_lines": [], "excluded_lines": []}, "FileTouched": {"executed_lines": [342], "summary": {"covered_lines": 1, "num_statements": 1, "percent_covered": 100.0, "percent_covered_display": "100", "missing_lines": 0, "excluded_lines": 0}, "missing_lines": [], "excluded_lines": []}, "ConversationTag": {"executed_lines": [385], "summary": {"covered_lines": 1, "num_statements": 1, "percent_covered": 100.0, "percent_covered_display": "100", "missing_lines": 0, "excluded_lines": 0}, "missing_lines": [], "excluded_lines": []}, "RawLog": {"executed_lines": [431], "summary": {"covered_lines": 1, "num_statements": 1, "percent_covered": 100.0, "percent_covered_display": "100", "missing_lines": 0, "excluded_lines": 0}, "missing_lines": [], "excluded_lines": []}, "": {"executed_lines": [1, 8, 9, 10, 12, 21, 22, 23, 26, 27, 29, 32, 33, 35, 37, 40, 41, 42, 45, 53, 57, 61, 62, 64, 66, 69, 70, 71, 74, 79, 83, 87, 88, 90, 92, 95, 98, 101, 104, 105, 108, 111, 114, 115, 120, 121, 125, 128, 136, 137, 140, 143, 146, 149, 152, 156, 164, 165, 167, 169, 172, 177, 182, 185, 190, 193, 198, 201, 204, 207, 211, 216, 217, 220, 224, 232, 233, 235, 237, 240, 245, 251, 254, 255, 256, 259, 260, 265, 270, 272, 276, 281, 282, 284, 290, 291, 293, 295, 298, 303, 308, 314, 315, 318, 321, 324, 328, 329, 333, 338, 339, 341, 349, 350, 352, 354, 357, 363, 366, 367, 371, 375, 380, 384, 392, 393, 395, 397, 400, 406, 407, 410, 411, 412, 416, 419, 423, 428, 430], "summary": {"covered_lines": 129, "num_statements": 129, "percent_covered": 100.0, "percent_covered_display": "100", "missing_lines": 0, "excluded_lines": 0}, "missing_lines": [], "excluded_lines": []}}}, "src/catsyphon/models/parsed.py": {"executed_lines": [1, 8, 9, 10, 13, 14, 15, 17, 18, 19, 20, 21, 24, 25, 26, 28, 29, 30, 31, 32, 33, 36, 37, 38, 40, 41, 42, 43, 44, 45, 46, 47, 50, 51, 52, 54, 55, 56, 57, 58, 59, 60, 61, 62, 63, 64, 67, 68, 69, 72, 73, 76, 77, 80, 83, 86, 87, 88, 91, 92, 94, 96], "summary": {"covered_lines": 56, "num_statements": 56, "percent_covered": 100.0, "percent_covered_display": "100", "missing_lines": 0, "excluded_lines": 0}, "missing_lines": [], "excluded_lines": [], "functions": {"ConversationTags.to_dict": {"executed_lines": [96], "summary": {"covered_lines": 1, "num_statements": 1, "percent_covered": 100.0, "percent_covered_display": "100", "missing_lines": 0, "excluded_lines": 0}, "missing_lines": [], "excluded_lines": []}, "": {"executed_lines": [1, 8, 9, 10, 13, 14, 15, 17, 18, 19, 20, 21, 24, 25, 26, 28, 29, 30, 31, 32, 33, 36, 37, 38, 40, 41, 42, 43, 44, 45, 46, 47, 50, 51, 52, 54, 55, 56, 57, 58, 59, 60, 61, 62, 63, 64, 67, 68, 69, 72, 73, 76, 77, 80, 83, 86, 87, 88, 91, 92, 94], "summary": {"covered_lines": 55, "num_statements": 55, "percent_covered": 100.0, "percent_covered_display": "100", "missing_lines": 0, "excluded_lines": 0}, "missing_lines": [], "excluded_lines": []}}, "classes": {"ToolCall": {"executed_lines": [], "summary": {"covered_lines": 0, "num_statements": 0, "percent_covered": 100.0, "percent_covered_display": "100", "missing_lines": 0, "excluded_lines": 0}, "missing_lines": [], "excluded_lines": []}, "CodeChange": {"executed_lines": [], "summary": {"covered_lines": 0, "num_statements": 0, "percent_covered": 100.0, "percent_covered_display": "100", "missing_lines": 0, "excluded_lines": 0}, "missing_lines": [], "excluded_lines": []}, "ParsedMessage": {"executed_lines": [], "summary": {"covered_lines": 0, "num_statements": 0, "percent_covered": 100.0, "percent_covered_display": "100", "missing_lines": 0, "excluded_lines": 0}, "missing_lines": [], "excluded_lines": []}, "ParsedConversation": {"executed_lines": [], "summary": {"covered_lines": 0, "num_statements": 0, "percent_covered": 100.0, "percent_covered_display": "100", "missing_lines": 0, "excluded_lines": 0}, "missing_lines": [], "excluded_lines": []}, "ConversationTags": {"executed_lines": [96], "summary": {"covered_lines": 1, "num_statements": 1, "percent_covered": 100.0, "percent_covered_display": "100", "missing_lines": 0, "excluded_lines": 0}, "missing_lines": [], "excluded_lines": []}, "": {"executed_lines": [1, 8, 9, 10, 13, 14, 15, 17, 18, 19, 20, 21, 24, 25, 26, 28, 29, 30, 31, 32, 33, 36, 37, 38, 40, 41, 42, 43, 44, 45, 46, 47, 50, 51, 52, 54, 55, 56, 57, 58, 59, 60, 61, 62, 63, 64, 67, 68, 69, 72, 73, 76, 77, 80, 83, 86, 87, 88, 91, 92, 94], "summary": {"covered_lines": 55, "num_statements": 55, "percent_covered": 100.0, "percent_covered_display": "100", "missing_lines": 0, "excluded_lines": 0}, "missing_lines": [], "excluded_lines": []}}}, "src/catsyphon/parsers/__init__.py": {"executed_lines": [1, 8, 14, 15, 17], "summary": {"covered_lines": 4, "num_statements": 4, "percent_covered": 100.0, "percent_covered_display": "100", "missing_lines": 0, "excluded_lines": 0}, "missing_lines": [], "excluded_lines": [], "functions": {"": {"executed_lines": [1, 8, 14, 15, 17], "summary": {"covered_lines": 4, "num_statements": 4, "percent_covered": 100.0, "percent_covered_display": "100", "missing_lines": 0, "excluded_lines": 0}, "missing_lines": [], "excluded_lines": []}}, "classes": {"": {"executed_lines": [1, 8, 14, 15, 17], "summary": {"covered_lines": 4, "num_statements": 4, "percent_covered": 100.0, "percent_covered_display": "100", "missing_lines": 0, "excluded_lines": 0}, "missing_lines": [], "excluded_lines": []}}}, "src/catsyphon/parsers/base.py": {"executed_lines": [1, 8, 9, 11, 14, 15, 17, 20, 21, 23, 26, 27, 29, 32, 33, 40, 56], "summary": {"covered_lines": 12, "num_statements": 12, "percent_covered": 100.0, "percent_covered_display": "100", "missing_lines": 0, "excluded_lines": 4}, "missing_lines": [], "excluded_lines": [54, 55, 76, 77], "functions": {"ConversationParser.can_parse": {"executed_lines": [], "summary": {"covered_lines": 0, "num_statements": 0, "percent_covered": 100.0, "percent_covered_display": "100", "missing_lines": 0, "excluded_lines": 1}, "missing_lines": [], "excluded_lines": [54]}, "ConversationParser.parse": {"executed_lines": [], "summary": {"covered_lines": 0, "num_statements": 0, "percent_covered": 100.0, "percent_covered_display": "100", "missing_lines": 0, "excluded_lines": 1}, "missing_lines": [], "excluded_lines": [76]}, "": {"executed_lines": [1, 8, 9, 11, 14, 15, 17, 20, 21, 23, 26, 27, 29, 32, 33, 40, 56], "summary": {"covered_lines": 12, "num_statements": 12, "percent_covered": 100.0, "percent_covered_display": "100", "missing_lines": 0, "excluded_lines": 1}, "missing_lines": [], "excluded_lines": [55]}}, "classes": {"ParserError": {"executed_lines": [], "summary": {"covered_lines": 0, "num_statements": 0, "percent_covered": 100.0, "percent_covered_display": "100", "missing_lines": 0, "excluded_lines": 0}, "missing_lines": [], "excluded_lines": []}, "ParseFormatError": {"executed_lines": [], "summary": {"covered_lines": 0, "num_statements": 0, "percent_covered": 100.0, "percent_covered_display": "100", "missing_lines": 0, "excluded_lines": 0}, "missing_lines": [], "excluded_lines": []}, "ParseDataError": {"executed_lines": [], "summary": {"covered_lines": 0, "num_statements": 0, "percent_covered": 100.0, "percent_covered_display": "100", "missing_lines": 0, "excluded_lines": 0}, "missing_lines": [], "excluded_lines": []}, "ConversationParser": {"executed_lines": [], "summary": {"covered_lines": 0, "num_statements": 0, "percent_covered": 100.0, "percent_covered_display": "100", "missing_lines": 0, "excluded_lines": 2}, "missing_lines": [], "excluded_lines": [54, 76]}, "": {"executed_lines": [1, 8, 9, 11, 14, 15, 17, 20, 21, 23, 26, 27, 29, 32, 33, 40, 56], "summary": {"covered_lines": 12, "num_statements": 12, "percent_covered": 100.0, "percent_covered_display": "100", "missing_lines": 0, "excluded_lines": 1}, "missing_lines": [], "excluded_lines": [55]}}}, "src/catsyphon/parsers/claude_code.py": {"executed_lines": [1, 9, 10, 11, 12, 13, 14, 16, 22, 23, 29, 32, 35, 36, 37, 39, 40, 41, 42, 43, 44, 45, 46, 47, 48, 51, 52, 66, 77, 78, 81, 82, 85, 86, 87, 88, 89, 90, 92, 93, 95, 96, 97, 98, 104, 106, 120, 121, 123, 126, 128, 132, 133, 134, 135, 137, 138, 139, 140, 141, 142, 143, 145, 149, 152, 153, 154, 157, 158, 159, 161, 164, 177, 190, 191, 193, 194, 195, 196, 197, 199, 202, 203, 204, 205, 206, 209, 214, 216, 235, 242, 247, 250, 252, 253, 254, 255, 256, 262, 264, 266, 279, 280, 281, 284, 285, 286, 287, 289, 290, 296, 299, 302, 303, 304, 305, 306, 307, 308, 311, 312, 313, 314, 321, 330, 343, 344, 345, 347, 348, 349, 352, 353, 354, 356, 364, 376, 378, 379, 382, 383, 384, 385, 387, 388, 398, 399, 400, 402, 403, 412], "summary": {"covered_lines": 148, "num_statements": 164, "percent_covered": 90.2439024390244, "percent_covered_display": "90", "missing_lines": 16, "excluded_lines": 0}, "missing_lines": [100, 101, 102, 129, 146, 200, 211, 212, 243, 244, 257, 258, 259, 291, 292, 293], "excluded_lines": [], "functions": {"ClaudeCodeParser.can_parse": {"executed_lines": [77, 78, 81, 82, 85, 86, 87, 88, 89, 90, 92, 93, 95, 96, 97, 98, 104], "summary": {"covered_lines": 17, "num_statements": 20, "percent_covered": 85.0, "percent_covered_display": "85", "missing_lines": 3, "excluded_lines": 0}, "missing_lines": [100, 101, 102], "excluded_lines": []}, "ClaudeCodeParser.parse": {"executed_lines": [120, 121, 123, 126, 128, 132, 133, 134, 135, 137, 138, 139, 140, 141, 142, 143, 145, 149, 152, 153, 154, 157, 158, 159, 161, 164], "summary": {"covered_lines": 26, "num_statements": 28, "percent_covered": 92.85714285714286, "percent_covered_display": "93", "missing_lines": 2, "excluded_lines": 0}, "missing_lines": [129, 146], "excluded_lines": []}, "ClaudeCodeParser._parse_all_lines": {"executed_lines": [190, 191, 193, 194, 195, 196, 197, 199, 202, 203, 204, 205, 206, 209, 214], "summary": {"covered_lines": 15, "num_statements": 18, "percent_covered": 83.33333333333333, "percent_covered_display": "83", "missing_lines": 3, "excluded_lines": 0}, "missing_lines": [200, 211, 212], "excluded_lines": []}, "ClaudeCodeParser._build_message_thread": {"executed_lines": [235, 242, 247, 250, 252, 253, 254, 255, 256, 262, 264], "summary": {"covered_lines": 11, "num_statements": 16, "percent_covered": 68.75, "percent_covered_display": "69", "missing_lines": 5, "excluded_lines": 0}, "missing_lines": [243, 244, 257, 258, 259], "excluded_lines": []}, "ClaudeCodeParser._convert_to_parsed_message": {"executed_lines": [279, 280, 281, 284, 285, 286, 287, 289, 290, 296, 299, 302, 303, 304, 305, 306, 307, 308, 311, 312, 313, 314, 321], "summary": {"covered_lines": 23, "num_statements": 26, "percent_covered": 88.46153846153847, "percent_covered_display": "88", "missing_lines": 3, "excluded_lines": 0}, "missing_lines": [291, 292, 293], "excluded_lines": []}, "ClaudeCodeParser._extract_tool_call": {"executed_lines": [343, 344, 345, 347, 348, 349, 352, 353, 354, 356], "summary": {"covered_lines": 10, "num_statements": 10, "percent_covered": 100.0, "percent_covered_display": "100", "missing_lines": 0, "excluded_lines": 0}, "missing_lines": [], "excluded_lines": []}, "ClaudeCodeParser._detect_code_changes": {"executed_lines": [376, 378, 379, 382, 383, 384, 385, 387, 388, 398, 399, 400, 402, 403, 412], "summary": {"covered_lines": 15, "num_statements": 15, "percent_covered": 100.0, "percent_covered_display": "100", "missing_lines": 0, "excluded_lines": 0}, "missing_lines": [], "excluded_lines": []}, "": {"executed_lines": [1, 9, 10, 11, 12, 13, 14, 16, 22, 23, 29, 32, 35, 36, 37, 39, 40, 41, 42, 43, 44, 45, 46, 47, 48, 51, 52, 66, 106, 177, 216, 266, 330, 364], "summary": {"covered_lines": 31, "num_statements": 31, "percent_covered": 100.0, "percent_covered_display": "100", "missing_lines": 0, "excluded_lines": 0}, "missing_lines": [], "excluded_lines": []}}, "classes": {"_MessageData": {"executed_lines": [], "summary": {"covered_lines": 0, "num_statements": 0, "percent_covered": 100.0, "percent_covered_display": "100", "missing_lines": 0, "excluded_lines": 0}, "missing_lines": [], "excluded_lines": []}, "ClaudeCodeParser": {"executed_lines": [77, 78, 81, 82, 85, 86, 87, 88, 89, 90, 92, 93, 95, 96, 97, 98, 104, 120, 121, 123, 126, 128, 132, 133, 134, 135, 137, 138, 139, 140, 141, 142, 143, 145, 149, 152, 153, 154, 157, 158, 159, 161, 164, 190, 191, 193, 194, 195, 196, 197, 199, 202, 203, 204, 205, 206, 209, 214, 235, 242, 247, 250, 252, 253, 254, 255, 256, 262, 264, 279, 280, 281, 284, 285, 286, 287, 289, 290, 296, 299, 302, 303, 304, 305, 306, 307, 308, 311, 312, 313, 314, 321, 343, 344, 345, 347, 348, 349, 352, 353, 354, 356, 376, 378, 379, 382, 383, 384, 385, 387, 388, 398, 399, 400, 402, 403, 412], "summary": {"covered_lines": 117, "num_statements": 133, "percent_covered": 87.96992481203007, "percent_covered_display": "88", "missing_lines": 16, "excluded_lines": 0}, "missing_lines": [100, 101, 102, 129, 146, 200, 211, 212, 243, 244, 257, 258, 259, 291, 292, 293], "excluded_lines": []}, "": {"executed_lines": [1, 9, 10, 11, 12, 13, 14, 16, 22, 23, 29, 32, 35, 36, 37, 39, 40, 41, 42, 43, 44, 45, 46, 47, 48, 51, 52, 66, 106, 177, 216, 266, 330, 364], "summary": {"covered_lines": 31, "num_statements": 31, "percent_covered": 100.0, "percent_covered_display": "100", "missing_lines": 0, "excluded_lines": 0}, "missing_lines": [], "excluded_lines": []}}}, "src/catsyphon/parsers/registry.py": {"executed_lines": [1, 8, 9, 10, 12, 13, 15, 18, 19, 33, 35, 37, 48, 49, 51, 71, 72, 75, 76, 77, 79, 80, 81, 82, 88, 93, 107, 108, 110, 111, 112, 113, 118, 120, 121, 128, 132, 135, 150, 151, 154, 156, 158, 160], "summary": {"covered_lines": 42, "num_statements": 48, "percent_covered": 87.5, "percent_covered_display": "88", "missing_lines": 6, "excluded_lines": 0}, "missing_lines": [83, 84, 85, 114, 115, 116], "excluded_lines": [], "functions": {"ParserRegistry.__init__": {"executed_lines": [35], "summary": {"covered_lines": 1, "num_statements": 1, "percent_covered": 100.0, "percent_covered_display": "100", "missing_lines": 0, "excluded_lines": 0}, "missing_lines": [], "excluded_lines": []}, "ParserRegistry.register": {"executed_lines": [48, 49], "summary": {"covered_lines": 2, "num_statements": 2, "percent_covered": 100.0, "percent_covered_display": "100", "missing_lines": 0, "excluded_lines": 0}, "missing_lines": [], "excluded_lines": []}, "ParserRegistry.parse": {"executed_lines": [71, 72, 75, 76, 77, 79, 80, 81, 82, 88], "summary": {"covered_lines": 10, "num_statements": 13, "percent_covered": 76.92307692307692, "percent_covered_display": "77", "missing_lines": 3, "excluded_lines": 0}, "missing_lines": [83, 84, 85], "excluded_lines": []}, "ParserRegistry.find_parser": {"executed_lines": [107, 108, 110, 111, 112, 113, 118], "summary": {"covered_lines": 7, "num_statements": 10, "percent_covered": 70.0, "percent_covered_display": "70", "missing_lines": 3, "excluded_lines": 0}, "missing_lines": [114, 115, 116], "excluded_lines": []}, "ParserRegistry.registered_parsers": {"executed_lines": [128], "summary": {"covered_lines": 1, "num_statements": 1, "percent_covered": 100.0, "percent_covered_display": "100", "missing_lines": 0, "excluded_lines": 0}, "missing_lines": [], "excluded_lines": []}, "get_default_registry": {"executed_lines": [150, 151, 154, 156, 158, 160], "summary": {"covered_lines": 6, "num_statements": 6, "percent_covered": 100.0, "percent_covered_display": "100", "missing_lines": 0, "excluded_lines": 0}, "missing_lines": [], "excluded_lines": []}, "": {"executed_lines": [1, 8, 9, 10, 12, 13, 15, 18, 19, 33, 37, 51, 93, 120, 121, 132, 135], "summary": {"covered_lines": 15, "num_statements": 15, "percent_covered": 100.0, "percent_covered_display": "100", "missing_lines": 0, "excluded_lines": 0}, "missing_lines": [], "excluded_lines": [
[...]
 8, 10, 12, 15, 16, 22, 33, 84, 112, 139, 171], "summary": {"covered_lines": 15, "num_statements": 15, "percent_covered": 100.0, "percent_covered_display": "100", "missing_lines": 0, "excluded_lines": 0}, "missing_lines": [], "excluded_lines": []}}}, "src/catsyphon/tagging/llm_tagger.py": {"executed_lines": [1, 3, 4, 5, 7, 9, 11, 15, 16, 17, 20, 60, 61, 63, 76, 77, 78, 80, 89, 91, 94, 109, 110, 111, 112, 114, 115, 117, 118, 119, 121, 124, 125, 127, 130, 131, 132, 133, 135, 136, 137, 138, 139, 141, 148, 159, 165, 166, 167, 168, 170, 171, 172, 173, 175, 176, 177, 178, 181, 182, 185, 186, 188, 197, 199], "summary": {"covered_lines": 63, "num_statements": 68, "percent_covered": 92.6470588235294, "percent_covered_display": "93", "missing_lines": 5, "excluded_lines": 0}, "missing_lines": [142, 143, 144, 145, 146], "excluded_lines": [], "functions": {"LLMTagger.__init__": {"executed_lines": [76, 77, 78], "summary": {"covered_lines": 3, "num_statements": 3, "percent_covered": 100.0, "percent_covered_display": "100", "missing_lines": 0, "excluded_lines": 0}, "missing_lines": [], "excluded_lines": []}, "LLMTagger.tag_conversation": {"executed_lines": [89, 91, 94, 109, 110, 111, 112, 114, 115, 117, 118, 119], "summary": {"covered_lines": 12, "num_statements": 12, "percent_covered": 100.0, "percent_covered_display": "100", "missing_lines": 0, "excluded_lines": 0}, "missing_lines": [], "excluded_lines": []}, "LLMTagger._build_prompt": {"executed_lines": [124, 125, 127, 130, 131, 132, 133, 135, 136, 137, 138, 139, 141, 148], "summary": {"covered_lines": 14, "num_statements": 19, "percent_covered": 73.6842105263158, "percent_covered_display": "74", "missing_lines": 5, "excluded_lines": 0}, "missing_lines": [142, 143, 144, 145, 146], "excluded_lines": []}, "LLMTagger._parse_tags": {"executed_lines": [165, 166, 167, 168, 170, 171, 172, 173, 175, 176, 177, 178, 181, 182, 185, 186, 188], "summary": {"covered_lines": 17, "num_statements": 17, "percent_covered": 100.0, "percent_covered_display": "100", "missing_lines": 0, "excluded_lines": 0}, "missing_lines": [], "excluded_lines": []}, "LLMTagger._fallback_tags": {"executed_lines": [199], "summary": {"covered_lines": 1, "num_statements": 1, "percent_covered": 100.0, "percent_covered_display": "100", "missing_lines": 0, "excluded_lines": 0}, "missing_lines": [], "excluded_lines": []}, "": {"executed_lines": [1, 3, 4, 5, 7, 9, 11, 15, 16, 17, 20, 60, 61, 63, 80, 121, 159, 197], "summary": {"covered_lines": 16, "num_statements": 16, "percent_covered": 100.0, "percent_covered_display": "100", "missing_lines": 0, "excluded_lines": 0}, "missing_lines": [], "excluded_lines": []}}, "classes": {"LLMTagger": {"executed_lines": [76, 77, 78, 89, 91, 94, 109, 110, 111, 112, 114, 115, 117, 118, 119, 124, 125, 127, 130, 131, 132, 133, 135, 136, 137, 138, 139, 141, 148, 165, 166, 167, 168, 170, 171, 172, 173, 175, 176, 177, 178, 181, 182, 185, 186, 188, 199], "summary": {"covered_lines": 47, "num_statements": 52, "percent_covered": 90.38461538461539, "percent_covered_display": "90", "missing_lines": 5, "excluded_lines": 0}, "missing_lines": [142, 143, 144, 145, 146], "excluded_lines": []}, "": {"executed_lines": [1, 3, 4, 5, 7, 9, 11, 15, 16, 17, 20, 60, 61, 63, 80, 121, 159, 197], "summary": {"covered_lines": 16, "num_statements": 16, "percent_covered": 100.0, "percent_covered_display": "100", "missing_lines": 0, "excluded_lines": 0}, "missing_lines": [], "excluded_lines": []}}}, "src/catsyphon/tagging/pipeline.py": {"executed_lines": [1, 3, 4, 5, 7, 9, 10, 11, 13, 16, 17, 29, 46, 47, 50, 51, 52, 53, 55, 57, 67, 68, 69, 70, 71, 74, 75, 76, 79, 82, 83, 85, 87, 113, 131, 137, 139, 145], "summary": {"covered_lines": 36, "num_statements": 36, "percent_covered": 100.0, "percent_covered_display": "100", "missing_lines": 0, "excluded_lines": 0}, "missing_lines": [], "excluded_lines": [], "functions": {"TaggingPipeline.__init__": {"executed_lines": [46, 47, 50, 51, 52, 53, 55], "summary": {"covered_lines": 7, "num_statements": 7, "percent_covered": 100.0, "percent_covered_display": "100", "missing_lines": 0, "excluded_lines": 0}, "missing_lines": [], "excluded_lines": []}, "TaggingPipeline.tag_conversation": {"executed_lines": [67, 68, 69, 70, 71, 74, 75, 76, 79, 82, 83, 85], "summary": {"covered_lines": 12, "num_statements": 12, "percent_covered": 100.0, "percent_covered_display": "100", "missing_lines": 0, "excluded_lines": 0}, "missing_lines": [], "excluded_lines": []}, "TaggingPipeline._merge_tags": {"executed_lines": [113], "summary": {"covered_lines": 1, "num_statements": 1, "percent_covered": 100.0, "percent_covered_display": "100", "missing_lines": 0, "excluded_lines": 0}, "missing_lines": [], "excluded_lines": []}, "TaggingPipeline.clear_cache": {"executed_lines": [137], "summary": {"covered_lines": 1, "num_statements": 1, "percent_covered": 100.0, "percent_covered_display": "100", "missing_lines": 0, "excluded_lines": 0}, "missing_lines": [], "excluded_lines": []}, "TaggingPipeline.cache_stats": {"executed_lines": [145], "summary": {"covered_lines": 1, "num_statements": 1, "percent_covered": 100.0, "percent_covered_display": "100", "missing_lines": 0, "excluded_lines": 0}, "missing_lines": [], "excluded_lines": []}, "": {"executed_lines": [1, 3, 4, 5, 7, 9, 10, 11, 13, 16, 17, 29, 57, 87, 131, 139], "summary": {"covered_lines": 14, "num_statements": 14, "percent_covered": 100.0, "percent_covered_display": "100", "missing_lines": 0, "excluded_lines": 0}, "missing_lines": [], "excluded_lines": []}}, "classes": {"TaggingPipeline": {"executed_lines": [46, 47, 50, 51, 52, 53, 55, 67, 68, 69, 70, 71, 74, 75, 76, 79, 82, 83, 85, 113, 137, 145], "summary": {"covered_lines": 22, "num_statements": 22, "percent_covered": 100.0, "percent_covered_display": "100", "missing_lines": 0, "excluded_lines": 0}, "missing_lines": [], "excluded_lines": []}, "": {"executed_lines": [1, 3, 4, 5, 7, 9, 10, 11, 13, 16, 17, 29, 57, 87, 131, 139], "summary": {"covered_lines": 14, "num_statements": 14, "percent_covered": 100.0, "percent_covered_display": "100", "missing_lines": 0, "excluded_lines": 0}, "missing_lines": [], "excluded_lines": []}}}, "src/catsyphon/tagging/rule_tagger.py": {"executed_lines": [1, 3, 4, 6, 8, 12, 26, 40, 41, 49, 59, 62, 65, 68, 70, 77, 87, 89, 90, 91, 92, 94, 96, 105, 106, 108, 109, 110, 111, 113, 115, 124, 127, 130, 131, 134, 135, 138, 139, 142, 143, 146, 147, 150, 151, 154, 155, 157], "summary": {"covered_lines": 46, "num_statements": 46, "percent_covered": 100.0, "percent_covered_display": "100", "missing_lines": 0, "excluded_lines": 0}, "missing_lines": [], "excluded_lines": [], "functions": {"RuleTagger.tag_conversation": {"executed_lines": [59, 62, 65, 68, 70], "summary": {"covered_lines": 5, "num_statements": 5, "percent_covered": 100.0, "percent_covered_display": "100", "missing_lines": 0, "excluded_lines": 0}, "missing_lines": [], "excluded_lines": []}, "RuleTagger._detect_errors": {"executed_lines": [87, 89, 90, 91, 92, 94], "summary": {"covered_lines": 6, "num_statements": 6, "percent_covered": 100.0, "percent_covered_display": "100", "missing_lines": 0, "excluded_lines": 0}, "missing_lines": [], "excluded_lines": []}, "RuleTagger._extract_tools": {"executed_lines": [105, 106, 108, 109, 110, 111, 113], "summary": {"covered_lines": 7, "num_statements": 7, "percent_covered": 100.0, "percent_covered_display": "100", "missing_lines": 0, "excluded_lines": 0}, "missing_lines": [], "excluded_lines": []}, "RuleTagger._extract_patterns": {"executed_lines": [124, 127, 130, 131, 134, 135, 138, 139, 142, 143, 146, 147, 150, 151, 154, 155, 157], "summary": {"covered_lines": 17, "num_statements": 17, "percent_covered": 100.0, "percent_covered_display": "100", "missing_lines": 0, "excluded_lines": 0}, "missing_lines": [], "excluded_lines": []}, "": {"executed_lines": [1, 3, 4, 6, 8, 12, 26, 40, 41, 49, 77, 96, 115], "summary": {"covered_lines": 11, "num_statements": 11, "percent_covered": 100.0, "percent_covered_display": "100", "missing_lines": 0, "excluded_lines": 0}, "missing_lines": [], "excluded_lines": []}}, "classes": {"RuleTagger": {"executed_lines": [59, 62, 65, 68, 70, 87, 89, 90, 91, 92, 94, 105, 106, 108, 109, 110, 111, 113, 124, 127, 130, 131, 134, 135, 138, 139, 142, 143, 146, 147, 150, 151, 154, 155, 157], "summary": {"covered_lines": 35, "num_statements": 35, "percent_covered": 100.0, "percent_covered_display": "100", "missing_lines": 0, "excluded_lines": 0}, "missing_lines": [], "excluded_lines": []}, "": {"executed_lines": [1, 3, 4, 6, 8, 12, 26, 40, 41, 49, 77, 96, 115], "summary": {"covered_lines": 11, "num_statements": 11, "percent_covered": 100.0, "percent_covered_display": "100", "missing_lines": 0, "excluded_lines": 0}, "missing_lines": [], "excluded_lines": []}}}, "src/catsyphon/utils/hashing.py": {"executed_lines": [1, 3, 4, 7, 22, 24, 25, 27, 28, 30, 32, 34, 35, 37, 40, 50, 51, 53], "summary": {"covered_lines": 17, "num_statements": 17, "percent_covered": 100.0, "percent_covered_display": "100", "missing_lines": 0, "excluded_lines": 0}, "missing_lines": [], "excluded_lines": [], "functions": {"calculate_file_hash": {"executed_lines": [22, 24, 25, 27, 28, 30, 32, 34, 35, 37], "summary": {"covered_lines": 10, "num_statements": 10, "percent_covered": 100.0, "percent_covered_display": "100", "missing_lines": 0, "excluded_lines": 0}, "missing_lines": [], "excluded_lines": []}, "calculate_content_hash": {"executed_lines": [50, 51, 53], "summary": {"covered_lines": 3, "num_statements": 3, "percent_covered": 100.0, "percent_covered_display": "100", "missing_lines": 0, "excluded_lines": 0}, "missing_lines": [], "excluded_lines": []}, "": {"executed_lines": [1, 3, 4, 7, 40], "summary": {"covered_lines": 4, "num_statements": 4, "percent_covered": 100.0, "percent_covered_display": "100", "missing_lines": 0, "excluded_lines": 0}, "missing_lines": [], "excluded_lines": []}}, "classes": {"": {"executed_lines": [1, 3, 4, 7, 22, 24, 25, 27, 28, 30, 32, 34, 35, 37, 40, 50, 51, 53], "summary": {"covered_lines": 17, "num_statements": 17, "percent_covered": 100.0, "percent_covered_display": "100", "missing_lines": 0, "excluded_lines": 0}, "missing_lines": [], "excluded_lines": []}}}, "src/catsyphon/watch.py": {"executed_lines": [1, 8, 9, 10, 11, 12, 13, 14, 15, 16, 18, 21, 22, 24, 25, 26, 27, 28, 29, 30, 32, 35, 36, 37, 39, 40, 41, 42, 43, 46, 47, 48, 50, 51, 52, 53, 54, 55, 58, 59, 65, 70, 71, 72, 74, 76, 77, 78, 79, 80, 82, 83, 84, 86, 87, 89, 94, 97, 98, 99, 101, 103, 104, 106, 107, 109, 113, 114, 116, 117, 119, 121, 123, 124, 125, 127, 129, 132, 133, 139, 148, 149, 150, 151, 152, 153, 154, 157, 160, 163, 166, 168, 170, 171, 173, 175, 176, 178, 185, 186, 189, 190, 191, 192, 195, 198, 199, 201, 203, 206, 207, 208, 210, 212, 214, 217, 218, 219, 221, 224, 225, 226, 227, 228, 231, 232, 233, 234, 235, 238, 239, 241, 242, 243, 244, 246, 247, 250, 252, 255, 256, 272, 282, 285, 286, 289, 292, 295, 302, 303, 304, 305, 306, 309, 313, 316, 317, 323, 334, 335, 336, 337, 338, 339, 340, 343, 344, 345, 347, 349, 356, 359, 360, 363, 373, 374, 377, 380, 382, 384, 385, 386, 389, 390, 393, 394, 397, 398, 399, 402, 403, 408, 410, 411, 414, 415, 416, 418, 420, 422, 423, 424, 426, 428, 430, 431, 433, 435, 436, 437, 439, 445, 446, 449, 456, 482, 483, 485, 486, 489, 490, 500, 501, 504, 515], "summary": {"covered_lines": 218, "num_statements": 236, "percent_covered": 92.37288135593221, "percent_covered_display": "92", "missing_lines": 18, "excluded_lines": 2}, "missing_lines": [257, 258, 259, 265, 266, 269, 293, 297, 298, 299, 300, 310, 404, 405, 406, 451, 452, 453], "excluded_lines": [18, 19], "functions": {"RetryQueue.__init__": {"executed_lines": [70, 71, 72], "summary": {"covered_lines": 3, "num_statements": 3, "percent_covered": 100.0, "percent_covered_display": "100", "missing_lines": 0, "excluded_lines": 0}, "missing_lines": [], "excluded_lines": []}, "RetryQueue.add": {"executed_lines": [76, 77, 78, 79, 80, 82, 83, 84, 86, 87, 89], "summary": {"covered_lines": 11, "num_statements": 11, "percent_covered": 100.0, "percent_covered_display": "100", "missing_lines": 0, "excluded_lines": 0}, "missing_lines": [], "excluded_lines": []}, "RetryQueue._calculate_next_retry": {"executed_lines": [97, 98, 99], "summary": {"covered_lines": 3, "num_statements": 3, "percent_covered": 100.0, "percent_covered_display": "100", "missing_lines": 0, "excluded_lines": 0}, "missing_lines": [], "excluded_lines": []}, "RetryQueue.get_ready_files": {"executed_lines": [103, 104, 106, 107, 109, 113, 114, 116, 117, 119], "summary": {"covered_lines": 10, "num_statements": 10, "percent_covered": 100.0, "percent_covered_display": "100", "missing_lines": 0, "excluded_lines": 0}, "missing_lines": [], "excluded_lines": []}, "RetryQueue.remove": {"executed_lines": [123, 124, 125], "summary": {"covered_lines": 3, "num_statements": 3, "percent_covered": 100.0, "percent_covered_display": "100", "missing_lines": 0, "excluded_lines": 0}, "missing_lines": [], "excluded_lines": []}, "RetryQueue.__len__": {"executed_lines": [129], "summary": {"covered_lines": 1, "num_statements": 1, "percent_covered": 100.0, "percent_covered_display": "100", "missing_lines": 0, "excluded_lines": 0}, "missing_lines": [], "excluded_lines": []}, "FileWatcher.__init__": {"executed_lines": [148, 149, 150, 151, 152, 153, 154, 157, 160, 163, 166], "summary": {"covered_lines": 11, "num_statements": 11, "percent_covered": 100.0, "percent_covered_display": "100", "missing_lines": 0, "excluded_lines": 0}, "missing_lines": [], "excluded_lines": []}, "FileWatcher.on_created": {"executed_lines": [170, 171], "summary": {"covered_lines": 2, "num_statements": 2, "percent_covered": 100.0, "percent_covered_display": "100", "missing_lines": 0, "excluded_lines": 0}, "missing_lines": [], "excluded_lines": []}, "FileWatcher.on_modified": {"executed_lines": [175, 176], "summary": {"covered_lines": 2, "num_statements": 2, "percent_covered": 100.0, "percent_covered_display": "100", "missing_lines": 0, "excluded_lines": 0}, "missing_lines": [], "excluded_lines": []}, "FileWatcher._handle_file_event": {"executed_lines": [185, 186, 189, 190, 191, 192, 195, 198, 199], "summary": {"covered_lines": 9, "num_statements": 9, "percent_covered": 100.0, "percent_covered_display": "100", "missing_lines": 0, "excluded_lines": 0}, "missing_lines": [], "excluded_lines": []}, "FileWatcher._process_file": {"executed_lines": [203, 206, 207, 208, 210, 212, 214, 217, 218, 219, 221, 224, 225, 226, 227, 228, 231, 232, 233, 234, 235, 238, 239, 241, 242, 243, 244, 246, 247, 250, 252, 255, 256, 272, 282, 285, 286, 289, 292, 295, 302, 303, 304, 305, 306, 309, 313], "summary": {"covered_lines": 47, "num_statements": 59, "percent_covered": 79.66101694915254, "percent_covered_display": "80", "missing_lines": 12, "excluded_lines": 0}, "missing_lines": [257, 258, 259, 265, 266, 269, 293, 297, 298, 299, 300, 310], "excluded_lines": []}, "WatcherDaemon.__init__": {"executed_lines": [334, 335, 336, 337, 338, 339, 340, 343, 344, 345, 347, 349, 356, 359, 360, 363, 373, 374, 377, 380], "summary": {"covered_lines": 20, "num_statements": 20, "percent_covered": 100.0, "percent_covered_display": "100", "missing_lines": 0, "excluded_lines": 0}, "missing_lines": [], "excluded_lines": []}, "WatcherDaemon.start": {"executed_lines": [384, 385, 386, 389, 390, 393, 394, 397, 398, 399, 402, 403], "summary": {"covered_lines": 12, "num_statements": 15, "percent_covered": 80.0, "percent_covered_display": "80", "missing_lines": 3, "excluded_lines": 0}, "missing_lines": [404, 405, 406], "excluded_lines": []}, "WatcherDaemon.stop": {"executed_lines": [410, 411, 414, 415, 416, 418], "summary": {"covered_lines": 6, "num_statements": 6, "percent_covered": 100.0, "percent_covered_display": "100", "missing_lines": 0, "excluded_lines": 0}, "missing_lines": [], "excluded_lines": []}, "WatcherDaemon._signal_handler": {"executed_lines": [422, 423, 424], "summary": {"covered_lines": 3, "num_statements": 3, "percent_covered": 100.0, "percent_covered_display": "100", "missing_lines": 0, "excluded_lines": 0}, "missing_lines": [], "excluded_lines": []}, "WatcherDaemon._retry_loop": {"executed_lines": [428, 430, 431, 433, 435, 436, 437, 439, 445, 446, 449], "summary": {"covered_lines": 11, "num_statements": 14, "percent_covered": 78.57142857142857, "percent_covered_display": "79", "missing_lines": 3, "excluded_lines": 0}, "missing_lines": [451, 452, 453], "excluded_lines": []}, "start_watching": {"executed_lines": [482, 483, 485, 486, 489, 490, 500, 501, 504, 515], "summary": {"covered_lines": 10, "num_statements": 10, "percent_covered": 100.0, "percent_covered_display": "100", "missing_lines": 0, "excluded_lines": 0}, "missing_lines": [], "excluded_lines": []}, "": {"executed_lines": [1, 8, 9, 10, 11, 12, 13, 14, 15, 16, 18, 21, 22, 24, 25, 26, 27, 28, 29, 30, 32, 35, 36, 37, 39, 40, 41, 42, 43, 46, 47, 48, 50, 51, 52, 53, 54, 55, 58, 59, 65, 74, 94, 101, 121, 127, 132, 133, 139, 168, 173, 178, 201, 316, 317, 323, 382, 408, 420, 426, 456], "summary": {"covered_lines": 54, "num_statements": 54, "percent_covered": 100.0, "percent_covered_display": "100", "missing_lines": 0, "excluded_lines": 2}, "missing_lines": [], "excluded_lines": [18, 19]}}, "classes": {"RetryEntry": {"executed_lines": [], "summary": {"covered_lines": 0, "num_statements": 0, "percent_covered": 100.0, "percent_covered_display": "100", "missing_lines": 0, "excluded_lines": 0}, "missing_lines": [], "excluded_lines": []}, "WatcherStats": {"executed_lines": [], "summary": {"covered_lines": 0, "num_statements": 0, "percent_covered": 100.0, "percent_covered_display": "100", "missing_lines": 0, "excluded_lines": 0}, "missing_lines": [], "excluded_lines": []}, "RetryQueue": {"executed_lines": [70, 71, 72, 76, 77, 78, 79, 80, 82, 83, 84, 86, 87, 89, 97, 98, 99, 103, 104, 106, 107, 109, 113, 114, 116, 117, 119, 123, 124, 125, 129], "summary": {"covered_lines": 31, "num_statements": 31, "percent_covered": 100.0, "percent_covered_display": "100", "missing_lines": 0, "excluded_lines": 0}, "missing_lines": [], "excluded_lines": []}, "FileWatcher": {"executed_lines": [148, 149, 150, 151, 152, 153, 154, 157, 160, 163, 166, 170, 171, 175, 176, 185, 186, 189, 190, 191, 192, 195, 198, 199, 203, 206, 207, 208, 210, 212, 214, 217, 218, 219, 221, 224, 225, 226, 227, 228, 231, 232, 233, 234, 235, 238, 239, 241, 242, 243, 244, 246, 247, 250, 252, 255, 256, 272, 282, 285, 286, 289, 292, 295, 302, 303, 304, 305, 306, 309, 313], "summary": {"covered_lines": 71, "num_statements": 83, "percent_covered": 85.5421686746988, "percent_covered_display": "86", "missing_lines": 12, "excluded_lines": 0}, "missing_lines": [257, 258, 259, 265, 266, 269, 293, 297, 298, 299, 300, 310], "excluded_lines": []}, "WatcherDaemon": {"executed_lines": [334, 335, 336, 337, 338, 339, 340, 343, 344, 345, 347, 349, 356, 359, 360, 363, 373, 374, 377, 380, 384, 385, 386, 389, 390, 393, 394, 397, 398, 399, 402, 403, 410, 411, 414, 415, 416, 418, 422, 423, 424, 428, 430, 431, 433, 435, 436, 437, 439, 445, 446, 449], "summary": {"covered_lines": 52, "num_statements": 58, "percent_covered": 89.65517241379311, "percent_covered_display": "90", "missing_lines": 6, "excluded_lines": 0}, "missing_lines": [404, 405, 406, 451, 452, 453], "excluded_lines": []}, "": {"executed_lines": [1, 8, 9, 10, 11, 12, 13, 14, 15, 16, 18, 21, 22, 24, 25, 26, 27, 28, 29, 30, 32, 35, 36, 37, 39, 40, 41, 42, 43, 46, 47, 48, 50, 51, 52, 53, 54, 55, 58, 59, 65, 74, 94, 101, 121, 127, 132, 133, 139, 168, 173, 178, 201, 316, 317, 323, 382, 408, 420, 426, 456, 482, 483, 485, 486, 489, 490, 500, 501, 504, 515], "summary": {"covered_lines": 64, "num_statements": 64, "percent_covered": 100.0, "percent_covered_display": "100", "missing_lines": 0, "excluded_lines": 2}, "missing_lines": [], "excluded_lines": [18, 19]}}}}, "totals": {"covered_lines": 1899, "num_statements": 2100, "percent_covered": 90.42857142857143, "percent_covered_display": "90", "missing_lines": 201, "excluded_lines": 9}}